--- LOG START  --- 
379;2015-11-20_09-23-54.546;;-0,599;8,39;3,977;
380;2015-11-20_09-23-54.689;;-0,245;8,772;4,25;
381;2015-11-20_09-23-54.693;;-0,381;8,88;4,481;
382;2015-11-20_09-23-54.778;;-0,245;8,772;4,25;
383;2015-11-20_09-23-54.797;;-0,381;8,88;4,481;
384;2015-11-20_09-23-54.875;;-0,245;8,772;4,25;
385;2015-11-20_09-23-54.943;;-0,463;9,929;2,029;
386;2015-11-20_09-23-54.951;;-0,245;8,772;4,25;
387;2015-11-20_09-23-55.031;;-0,463;9,929;2,029;
388;2015-11-20_09-23-55.076;;-0,463;9,929;2,029;
389;2015-11-20_09-23-55.123;;-0,463;9,929;2,029;
390;2015-11-20_09-23-55.178;;-0,463;9,929;2,029;
391;2015-11-20_09-23-55.234;;-0,463;9,929;2,029;
392;2015-11-20_09-23-55.303;;-0,463;9,929;2,029;
393;2015-11-20_09-23-55.352;;-0,354;9,82;1,88;
394;2015-11-20_09-23-55.429;;-0,354;9,82;1,88;
395;2015-11-20_09-23-55.508;;-0,354;9,82;1,88;
396;2015-11-20_09-23-55.579;;-0,354;9,82;1,88;
397;2015-11-20_09-23-55.648;;-0,354;9,82;1,88;
398;2015-11-20_09-23-55.656;;0,191;9,139;3,541;
399;2015-11-20_09-23-55.759;;-0,354;9,82;1,88;
400;2015-11-20_09-23-55.814;;-0,354;9,82;1,88;
401;2015-11-20_09-23-55.856;;-0,354;9,82;1,88;
402;2015-11-20_09-23-55.901;;-0,354;9,82;1,88;
403;2015-11-20_09-23-55.964;;-0,354;9,82;1,88;
404;2015-11-20_09-23-56.037;;-0,354;9,82;1,88;
405;2015-11-20_09-23-56.109;;-0,354;9,82;1,88;
406;2015-11-20_09-23-56.151;;-0,354;9,82;1,88;
407;2015-11-20_09-23-56.229;;-0,354;9,82;1,88;
408;2015-11-20_09-23-56.285;;-0,354;9,82;1,88;
409;2015-11-20_09-23-56.351;;-0,354;9,82;1,88;
410;2015-11-20_09-23-56.401;;-0,354;9,82;1,88;
411;2015-11-20_09-23-56.466;;-0,354;9,82;1,88;
412;2015-11-20_09-23-56.516;;-0,354;9,82;1,88;
413;2015-11-20_09-23-56.576;;-0,354;9,82;1,88;
414;2015-11-20_09-23-56.630;;-0,354;9,82;1,88;
415;2015-11-20_09-23-56.703;;-0,354;9,82;1,88;
416;2015-11-20_09-23-56.766;;-0,354;9,82;1,88;
417;2015-11-20_09-23-56.813;;-0,354;9,82;1,88;
418;2015-11-20_09-23-56.860;;-0,354;9,82;1,88;
419;2015-11-20_09-23-56.936;;-0,354;9,82;1,88;
420;2015-11-20_09-23-56.997;;-0,354;9,82;1,88;
421;2015-11-20_09-23-57.043;;-0,354;9,82;1,88;
422;2015-11-20_09-23-57.115;;-0,354;9,82;1,88;
423;2015-11-20_09-23-57.165;;-0,354;9,82;1,88;
424;2015-11-20_09-23-57.218;;-0,354;9,82;1,88;
425;2015-11-20_09-23-57.298;;-0,354;9,82;1,88;
426;2015-11-20_09-23-57.343;;-0,354;9,82;1,88;
427;2015-11-20_09-23-57.402;;-0,354;9,82;1,88;
428;2015-11-20_09-23-57.470;;-0,354;9,82;1,88;
429;2015-11-20_09-23-57.524;;-0,354;9,82;1,88;
430;2015-11-20_09-23-57.599;;-0,354;9,82;1,88;
431;2015-11-20_09-23-57.665;;-0,354;9,82;1,88;
432;2015-11-20_09-23-57.744;;-0,354;9,82;1,88;
433;2015-11-20_09-23-57.814;;-0,354;9,82;1,88;
434;2015-11-20_09-23-57.854;;-0,354;9,82;1,88;
435;2015-11-20_09-23-57.920;;-0,354;9,82;1,88;
436;2015-11-20_09-23-57.977;;-0,354;9,82;1,88;
437;2015-11-20_09-23-58.054;;-0,354;9,82;1,88;
438;2015-11-20_09-23-58.069;;-0,027;9,725;1,321;
439;2015-11-20_09-23-58.142;;-0,354;9,82;1,88;
440;2015-11-20_09-23-58.210;;-0,354;9,82;1,88;
441;2015-11-20_09-23-58.252;;-0,354;9,82;1,88;
442;2015-11-20_09-23-58.306;;-0,354;9,82;1,88;
443;2015-11-20_09-23-58.376;;-0,354;9,82;1,88;
444;2015-11-20_09-23-58.443;;-0,354;9,82;1,88;
445;2015-11-20_09-23-58.492;;-0,354;9,82;1,88;
446;2015-11-20_09-23-58.570;;-0,354;9,82;1,88;
447;2015-11-20_09-23-58.637;;-0,354;9,82;1,88;
448;2015-11-20_09-23-58.684;;-0,259;9,739;0,381;
449;2015-11-20_09-23-58.743;;-0,259;9,739;0,381;
450;2015-11-20_09-23-58.794;;-0,259;9,739;0,381;
451;2015-11-20_09-23-58.887;;-0,259;9,739;0,381;
452;2015-11-20_09-23-58.929;;-0,259;9,739;0,381;
453;2015-11-20_09-23-58.995;;-0,259;9,739;0,381;
454;2015-11-20_09-23-59.027;;-0,259;9,739;0,381;
455;2015-11-20_09-23-59.112;;-0,259;9,739;0,381;
456;2015-11-20_09-23-59.159;;-0,259;9,739;0,381;
457;2015-11-20_09-23-59.215;;-0,259;9,739;0,381;
458;2015-11-20_09-23-59.301;;-0,259;9,739;0,381;
459;2015-11-20_09-23-59.336;;-0,259;9,739;0,381;
460;2015-11-20_09-23-59.409;;-0,259;9,739;0,381;
461;2015-11-20_09-23-59.472;;-0,259;9,739;0,381;
462;2015-11-20_09-23-59.509;;-0,259;9,739;0,381;
463;2015-11-20_09-23-59.569;;-0,259;9,739;0,381;
464;2015-11-20_09-23-59.667;;-0,259;9,739;0,381;
465;2015-11-20_09-23-59.707;;-0,259;9,739;0,381;
466;2015-11-20_09-23-59.769;;-0,259;9,739;0,381;
467;2015-11-20_09-23-59.829;;-0,259;9,739;0,381;
468;2015-11-20_09-23-59.878;;-0,259;9,739;0,381;
469;2015-11-20_09-23-59.952;;-0,259;9,739;0,381;
470;2015-11-20_09-23-59.995;;-0,259;9,739;0,381;
471;2015-11-20_09-24-00.082;;-0,259;9,739;0,381;
472;2015-11-20_09-24-00.132;;-0,259;9,739;0,381;
473;2015-11-20_09-24-00.212;;-0,259;9,739;0,381;
474;2015-11-20_09-24-00.262;;-0,259;9,739;0,381;
475;2015-11-20_09-24-00.318;;-0,259;9,739;0,381;
476;2015-11-20_09-24-00.388;;-0,259;9,739;0,381;
477;2015-11-20_09-24-00.426;;-0,259;9,739;0,381;
478;2015-11-20_09-24-00.478;;-0,259;9,739;0,381;
479;2015-11-20_09-24-00.544;;-0,259;9,739;0,381;
480;2015-11-20_09-24-00.617;;-0,259;9,739;0,381;
481;2015-11-20_09-24-00.671;;-0,259;9,739;0,381;
482;2015-11-20_09-24-00.722;;-0,259;9,739;0,381;
483;2015-11-20_09-24-00.788;;-0,259;9,739;0,381;
484;2015-11-20_09-24-00.856;;-0,259;9,739;0,381;
485;2015-11-20_09-24-00.908;;-0,259;9,739;0,381;
486;2015-11-20_09-24-00.997;;-0,259;9,739;0,381;
487;2015-11-20_09-24-01.049;;-0,259;9,739;0,381;
488;2015-11-20_09-24-01.095;;-0,259;9,739;0,381;
489;2015-11-20_09-24-01.173;;-0,259;9,344;0,545;
490;2015-11-20_09-24-01.224;;-0,463;9,344;0,545;
491;2015-11-20_09-24-01.293;;-0,463;9,344;0,545;
492;2015-11-20_09-24-01.376;;-0,463;9,344;0,545;
493;2015-11-20_09-24-01.414;;-0,463;9,344;0,545;
494;2015-11-20_09-24-01.473;;-0,463;9,344;0,545;
495;2015-11-20_09-24-01.519;;-0,463;9,344;0,545;
496;2015-11-20_09-24-01.594;;-0,463;9,344;0,545;
497;2015-11-20_09-24-01.647;;-0,463;9,344;0,545;
498;2015-11-20_09-24-01.720;;-0,463;9,344;0,545;
499;2015-11-20_09-24-01.768;;-0,463;9,344;0,545;
500;2015-11-20_09-24-01.847;;-0,463;9,344;0,545;
501;2015-11-20_09-24-01.888;;-0,463;9,344;0,545;
502;2015-11-20_09-24-01.967;;-0,463;9,344;0,545;
503;2015-11-20_09-24-02.025;;-0,463;9,344;0,545;
504;2015-11-20_09-24-02.075;;-0,463;9,344;0,545;
505;2015-11-20_09-24-02.148;;-0,463;9,344;0,545;
506;2015-11-20_09-24-02.200;;-0,463;9,344;0,545;
507;2015-11-20_09-24-02.266;;-0,463;9,344;0,545;
508;2015-11-20_09-24-02.321;;-0,463;9,344;0,545;
509;2015-11-20_09-24-02.382;;-0,463;9,344;0,545;
510;2015-11-20_09-24-02.452;;-0,463;9,344;0,545;
511;2015-11-20_09-24-02.541;;-0,463;9,344;0,545;
512;2015-11-20_09-24-02.593;;-0,463;9,344;0,545;
513;2015-11-20_09-24-02.696;;-0,463;9,344;0,545;
514;2015-11-20_09-24-02.700;;-0,409;9,657;0,409;
515;2015-11-20_09-24-02.764;;0,599;9,698;0,163;
516;2015-11-20_09-24-02.800;;0,599;9,698;0,163;
517;2015-11-20_09-24-02.887;;0,599;9,698;0,163;
518;2015-11-20_09-24-02.927;;0,599;9,698;0,163;
519;2015-11-20_09-24-02.990;;0,599;9,698;0,163;
520;2015-11-20_09-24-03.073;;0,599;9,698;0,163;
521;2015-11-20_09-24-03.128;;0,599;9,698;0,163;
522;2015-11-20_09-24-03.175;;0,599;9,698;0,163;
523;2015-11-20_09-24-03.231;;0,599;9,698;0,163;
524;2015-11-20_09-24-03.308;;0,599;9,698;0,163;
525;2015-11-20_09-24-03.374;;0,599;9,698;0,163;
526;2015-11-20_09-24-03.412;;0,599;9,698;0,163;
527;2015-11-20_09-24-03.489;;0,599;9,698;0,163;
528;2015-11-20_09-24-03.533;;0,599;9,698;0,163;
529;2015-11-20_09-24-03.605;;0,599;9,698;0,163;
530;2015-11-20_09-24-03.658;;0,599;9,698;0,163;
531;2015-11-20_09-24-03.735;;0,599;9,698;0,163;
532;2015-11-20_09-24-03.788;;0,599;9,698;0,163;
533;2015-11-20_09-24-03.840;;0,599;9,698;0,163;
534;2015-11-20_09-24-03.893;;0,599;9,698;0,163;
535;2015-11-20_09-24-03.972;;0,599;9,698;0,163;
536;2015-11-20_09-24-04.017;;0,599;9,698;0,163;
537;2015-11-20_09-24-04.118;;0,599;9,698;0,163;
538;2015-11-20_09-24-04.195;;0,599;9,698;0,163;
539;2015-11-20_09-24-04.255;;0,599;9,698;0,163;
540;2015-11-20_09-24-04.266;;-0,245;10,106;1,825;
541;2015-11-20_09-24-04.329;;0,599;9,698;0,259;
542;2015-11-20_09-24-04.381;;0,422;9,698;0,259;
543;2015-11-20_09-24-04.453;;0,422;9,698;0,259;
544;2015-11-20_09-24-04.508;;0,422;9,698;0,259;
545;2015-11-20_09-24-04.587;;0,422;9,698;0,259;
546;2015-11-20_09-24-04.638;;0,422;9,698;0,259;
547;2015-11-20_09-24-04.686;;0,422;9,698;0,259;
548;2015-11-20_09-24-04.744;;0,422;9,698;0,259;
549;2015-11-20_09-24-04.808;;0,422;9,698;0,259;
550;2015-11-20_09-24-04.871;;0,422;9,698;0,259;
551;2015-11-20_09-24-04.923;;0,422;9,698;0,259;
552;2015-11-20_09-24-04.998;;0,422;9,698;0,259;
553;2015-11-20_09-24-05.066;;0,422;9,698;0,259;
554;2015-11-20_09-24-05.138;;0,422;9,698;0,259;
555;2015-11-20_09-24-05.172;;0,422;9,698;0,259;
556;2015-11-20_09-24-05.244;;0,422;9,698;0,259;
557;2015-11-20_09-24-05.284;;0,422;9,698;0,259;
558;2015-11-20_09-24-05.378;;0,422;9,698;0,259;
559;2015-11-20_09-24-05.445;;0,422;9,698;0,259;
560;2015-11-20_09-24-05.486;;0,422;9,698;0,259;
561;2015-11-20_09-24-05.525;;0,422;9,698;0,259;
562;2015-11-20_09-24-05.604;;0,422;9,698;0,259;
563;2015-11-20_09-24-05.655;;0,422;9,698;0,259;
564;2015-11-20_09-24-05.701;;0,422;9,698;0,259;
565;2015-11-20_09-24-05.761;;0,422;9,698;0,259;
566;2015-11-20_09-24-05.840;;0,422;9,698;0,259;
567;2015-11-20_09-24-05.906;;0,422;9,698;0,259;
568;2015-11-20_09-24-05.958;;0,422;9,698;0,259;
569;2015-11-20_09-24-06.010;;0,422;9,698;0,259;
570;2015-11-20_09-24-06.088;;0,422;9,698;0,259;
571;2015-11-20_09-24-06.132;;0,422;9,698;0,259;
572;2015-11-20_09-24-06.188;;0,422;9,698;0,259;
573;2015-11-20_09-24-06.268;;0,422;9,698;0,259;
574;2015-11-20_09-24-06.322;;0,422;9,698;0,259;
575;2015-11-20_09-24-06.371;;0,422;9,698;0,259;
576;2015-11-20_09-24-06.428;;0,422;9,698;0,259;
577;2015-11-20_09-24-06.489;;0,422;9,698;0,259;
578;2015-11-20_09-24-06.558;;0,422;9,698;0,259;
579;2015-11-20_09-24-06.610;;0,422;9,698;0,259;
580;2015-11-20_09-24-06.694;;0,422;9,698;0,259;
581;2015-11-20_09-24-06.750;;0,422;9,698;0,259;
582;2015-11-20_09-24-06.815;;0,422;9,698;0,259;
583;2015-11-20_09-24-06.871;;-0,095;8,322;4,713;
584;2015-11-20_09-24-06.943;;-0,095;8,322;4,713;
585;2015-11-20_09-24-06.982;;-0,095;8,322;4,713;
586;2015-11-20_09-24-07.082;;-0,095;8,322;4,713;
587;2015-11-20_09-24-07.157;;-0,095;8,322;4,713;
588;2015-11-20_09-24-07.169;;-0,095;8,322;4,713;
589;2015-11-20_09-24-07.225;;-0,123;8,799;4,781;
590;2015-11-20_09-24-07.298;;-0,123;8,799;4,781;
591;2015-11-20_09-24-07.357;;-0,123;8,799;4,781;
592;2015-11-20_09-24-07.408;;-0,123;8,799;4,781;
593;2015-11-20_09-24-07.486;;-0,123;8,799;4,781;
594;2015-11-20_09-24-07.523;;-0,123;8,799;4,781;
595;2015-11-20_09-24-07.607;;-0,123;8,799;4,781;
596;2015-11-20_09-24-07.673;;-0,123;8,799;4,781;
597;2015-11-20_09-24-07.723;;-0,123;8,799;4,781;
598;2015-11-20_09-24-07.771;;-0,123;8,799;4,781;
599;2015-11-20_09-24-07.851;;-0,123;8,799;4,781;
600;2015-11-20_09-24-07.917;;-0,123;8,799;4,781;
601;2015-11-20_09-24-07.969;;-0,123;8,799;4,781;
602;2015-11-20_09-24-08.026;;-0,123;8,799;4,781;
603;2015-11-20_09-24-08.073;;-0,123;8,799;4,781;
604;2015-11-20_09-24-08.139;;-0,123;8,799;4,781;
605;2015-11-20_09-24-08.198;;-0,123;8,799;4,781;
606;2015-11-20_09-24-08.265;;-0,123;8,799;4,781;
607;2015-11-20_09-24-08.318;;-0,123;8,799;4,781;
608;2015-11-20_09-24-08.374;;-0,123;8,799;4,781;
609;2015-11-20_09-24-08.452;;-0,123;8,799;4,781;
610;2015-11-20_09-24-08.503;;-0,123;8,799;4,781;
611;2015-11-20_09-24-08.635;;-0,123;8,799;4,781;
612;2015-11-20_09-24-08.644;;-0,327;9,929;0,667;
613;2015-11-20_09-24-08.736;;-0,123;8,799;4,781;
614;2015-11-20_09-24-08.743;;-0,409;9,848;1,607;
615;2015-11-20_09-24-08.844;;-0,123;8,799;4,781;
616;2015-11-20_09-24-08.889;;-0,123;8,799;4,781;
617;2015-11-20_09-24-08.923;;-0,123;8,799;4,781;
618;2015-11-20_09-24-09.016;;-0,123;8,799;4,781;
619;2015-11-20_09-24-09.066;;-0,123;8,799;4,781;
620;2015-11-20_09-24-09.107;;-0,123;8,799;4,781;
621;2015-11-20_09-24-09.180;;-0,123;8,799;4,781;
622;2015-11-20_09-24-09.242;;-0,123;8,799;4,781;
623;2015-11-20_09-24-09.308;;-0,123;8,799;4,781;
624;2015-11-20_09-24-09.375;;-0,123;8,799;4,781;
625;2015-11-20_09-24-09.433;;-0,123;8,799;4,781;
626;2015-11-20_09-24-09.480;;-0,123;8,799;4,781;
627;2015-11-20_09-24-09.534;;-0,123;8,799;4,781;
628;2015-11-20_09-24-09.602;;-0,123;8,799;4,781;
629;2015-11-20_09-24-09.677;;-0,123;8,799;4,781;
630;2015-11-20_09-24-09.715;;-0,123;8,799;4,781;
631;2015-11-20_09-24-09.809;;-0,123;8,799;4,781;
632;2015-11-20_09-24-09.863;;-0,123;8,799;4,781;
633;2015-11-20_09-24-09.930;;-0,204;8,799;4,413;
634;2015-11-20_09-24-09.984;;-0,204;8,799;4,413;
635;2015-11-20_09-24-10.052;;-0,204;8,799;4,413;
636;2015-11-20_09-24-10.106;;-0,204;8,799;4,413;
637;2015-11-20_09-24-10.150;;-0,204;8,799;4,413;
638;2015-11-20_09-24-10.203;;-0,204;8,799;4,413;
639;2015-11-20_09-24-10.281;;-0,204;8,799;4,413;
640;2015-11-20_09-24-10.331;;-0,204;8,799;4,413;
641;2015-11-20_09-24-10.384;;-0,204;8,799;4,413;
642;2015-11-20_09-24-10.448;;-0,204;8,799;4,413;
643;2015-11-20_09-24-10.502;;-0,204;8,799;4,413;
644;2015-11-20_09-24-10.578;;-0,204;8,799;4,413;
645;2015-11-20_09-24-10.648;;-0,204;8,799;4,413;
646;2015-11-20_09-24-10.697;;-0,204;8,799;4,413;
647;2015-11-20_09-24-10.788;;-0,204;8,799;4,413;
648;2015-11-20_09-24-10.851;;-0,204;8,799;4,413;
649;2015-11-20_09-24-10.881;;-0,204;8,799;4,413;
