--- LOG START  --- 
650;2015-11-20_09-24-11.001;;-0,381;6,088;7,478;
651;2015-11-20_09-24-11.014;;-0,123;8,744;4,44;
652;2015-11-20_09-24-11.075;;-0,381;6,088;7,478;
653;2015-11-20_09-24-11.119;;-0,381;6,088;7,478;
654;2015-11-20_09-24-11.168;;-0,381;6,088;7,478;
655;2015-11-20_09-24-11.229;;-0,381;6,088;7,478;
656;2015-11-20_09-24-11.297;;-0,381;6,088;7,478;
657;2015-11-20_09-24-11.351;;-0,381;6,088;7,478;
658;2015-11-20_09-24-11.424;;-0,381;6,088;7,478;
659;2015-11-20_09-24-11.481;;-0,381;6,088;7,478;
660;2015-11-20_09-24-11.531;;-0,381;6,088;7,478;
661;2015-11-20_09-24-11.606;;-0,381;6,088;7,478;
662;2015-11-20_09-24-11.669;;-0,381;6,088;7,478;
663;2015-11-20_09-24-11.717;;-0,381;6,088;7,478;
664;2015-11-20_09-24-11.787;;-0,381;6,088;7,478;
665;2015-11-20_09-24-11.850;;-0,381;6,088;7,478;
666;2015-11-20_09-24-11.929;;-0,381;6,088;7,478;
667;2015-11-20_09-24-11.975;;-0,381;6,088;7,478;
668;2015-11-20_09-24-12.031;;-0,381;6,088;7,478;
669;2015-11-20_09-24-12.093;;-0,381;6,088;7,478;
670;2015-11-20_09-24-12.151;;-0,381;6,088;7,478;
671;2015-11-20_09-24-12.234;;-0,381;6,088;7,478;
772;2015-11-20_09-24-18.368;;-0,381;6,088;7,478;
773;2015-11-20_09-24-18.563;;-0,082;6,129;8,131;
774;2015-11-20_09-24-18.578;;-0,422;6,129;7,668;
776;2015-11-20_09-24-18.585;;-0,395;6,116;7,6;
777;2015-11-20_09-24-18.663;;-0,082;6,129;8,131;
778;2015-11-20_09-24-18.735;;-0,082;6,129;8,131;
779;2015-11-20_09-24-18.789;;-0,082;6,129;8,131;
780;2015-11-20_09-24-18.868;;-0,082;6,129;8,131;
781;2015-11-20_09-24-18.872;;-0,286;6,211;7,859;
782;2015-11-20_09-24-18.934;;-0,082;6,129;8,131;
783;2015-11-20_09-24-18.989;;-0,082;6,129;8,131;
784;2015-11-20_09-24-19.088;;-0,082;6,129;8,131;
785;2015-11-20_09-24-19.133;;-0,082;6,129;8,131;
786;2015-11-20_09-24-19.179;;-0,082;6,129;8,131;
787;2015-11-20_09-24-19.227;;-0,082;6,129;8,131;
788;2015-11-20_09-24-19.303;;-0,082;6,129;8,131;
789;2015-11-20_09-24-19.368;;-0,082;6,129;8,131;
790;2015-11-20_09-24-19.420;;-0,082;6,129;8,131;
791;2015-11-20_09-24-19.487;;-0,082;6,129;8,131;
792;2015-11-20_09-24-19.591;;-0,082;6,129;8,131;
793;2015-11-20_09-24-19.681;;-0,082;6,129;8,131;
794;2015-11-20_09-24-19.686;;-0,409;6,047;7,655;
795;2015-11-20_09-24-19.763;;-0,082;6,129;8,131;
796;2015-11-20_09-24-19.840;;-0,082;6,129;8,131;
797;2015-11-20_09-24-19.846;;-0,409;6,088;7,709;
798;2015-11-20_09-24-19.991;;-0,082;6,129;8,131;
799;2015-11-20_09-24-19.995;;-0,381;5,979;7,668;
800;2015-11-20_09-24-20.037;;-0,082;6,129;8,131;
801;2015-11-20_09-24-20.146;;-0,082;6,129;8,131;
802;2015-11-20_09-24-20.159;;-0,409;6,211;7,845;
803;2015-11-20_09-24-20.202;;-0,232;6,061;7,859;
804;2015-11-20_09-24-20.297;;-0,232;6,061;7,859;
805;2015-11-20_09-24-20.336;;-0,232;6,061;7,859;
806;2015-11-20_09-24-20.379;;-0,232;6,061;7,859;
807;2015-11-20_09-24-20.509;;-0,232;6,061;7,859;
808;2015-11-20_09-24-20.518;;-0,572;6,252;8,131;
809;2015-11-20_09-24-20.607;;-0,232;6,061;7,859;
810;2015-11-20_09-24-20.723;;-0,232;6,061;7,859;
811;2015-11-20_09-24-20.734;;-0,518;6,129;7,641;
812;2015-11-20_09-24-20.806;;-0,232;6,061;7,859;
813;2015-11-20_09-24-20.813;;-0,504;6,211;7,682;
814;2015-11-20_09-24-20.887;;-0,232;6,061;7,859;
815;2015-11-20_09-24-20.945;;-0,232;6,061;7,859;
816;2015-11-20_09-24-20.981;;-0,232;6,061;7,859;
817;2015-11-20_09-24-21.070;;-0,232;6,061;7,859;
818;2015-11-20_09-24-21.144;;-0,232;6,061;7,859;
819;2015-11-20_09-24-21.175;;-0,232;6,061;7,859;
820;2015-11-20_09-24-21.245;;-0,232;6,061;7,859;
821;2015-11-20_09-24-21.294;;-0,232;6,061;7,859;
822;2015-11-20_09-24-21.417;;-0,232;6,061;7,859;
823;2015-11-20_09-24-21.428;;-0,381;6,034;7,655;
824;2015-11-20_09-24-21.496;;-0,232;6,061;7,859;
825;2015-11-20_09-24-21.557;;-0,232;6,061;7,859;
826;2015-11-20_09-24-21.640;;-0,232;6,061;7,859;
827;2015-11-20_09-24-21.644;;-0,232;6,061;7,859;
828;2015-11-20_09-24-21.712;;-0,232;6,061;7,859;
829;2015-11-20_09-24-21.898;;-0,232;6,061;7,859;
830;2015-11-20_09-24-21.928;;-0,123;5,898;7,709;
831;2015-11-20_09-24-21.982;;-0,054;6,088;7,873;
832;2015-11-20_09-24-22.004;;-0,232;6,061;7,859;
833;2015-11-20_09-24-22.047;;-0,054;6,088;7,873;
834;2015-11-20_09-24-22.083;;-0,232;6,061;7,859;
835;2015-11-20_09-24-22.137;;-0,232;6,061;7,382;
836;2015-11-20_09-24-22.185;;-0,232;5,68;7,382;
837;2015-11-20_09-24-22.264;;-0,232;5,68;7,382;
838;2015-11-20_09-24-22.309;;-0,232;5,68;7,382;
839;2015-11-20_09-24-22.396;;-0,232;5,68;7,382;
840;2015-11-20_09-24-22.437;;-0,232;5,68;7,382;
841;2015-11-20_09-24-22.507;;-0,232;5,68;7,382;
