--- LOG START  --- 
1826;2015-12-04_05-16-12.692;;4,56;-24,24;-36,06;
1827;2015-12-04_05-16-12.764;;4,2;-23,94;-35,82;
1828;2015-12-04_05-16-12.813;;4,56;-24,24;-36,06;
1829;2015-12-04_05-16-12.875;;4,2;-23,94;-35,82;
1830;2015-12-04_05-16-12.961;;4,56;-24,24;-36,06;
1831;2015-12-04_05-16-12.993;;4,2;-23,94;-35,82;
1832;2015-12-04_05-16-13.053;;4,56;-24,24;-36,06;
1833;2015-12-04_05-16-13.114;;4,2;-23,94;-35,82;
1834;2015-12-04_05-16-13.172;;4,56;-24,24;-36,06;
1835;2015-12-04_05-16-13.245;;4,2;-23,94;-35,82;
1836;2015-12-04_05-16-13.354;;4,56;-24,24;-36,06;
1837;2015-12-04_05-16-13.420;;4,2;-23,94;-35,82;
1838;2015-12-04_05-16-14.434;;4,56;-24,24;-36,06;
1839;2015-12-04_05-16-14.495;;4,2;-23,94;-35,82;
1869;2015-12-04_05-17-02.561;;5,34;-28,62;-54,66;
1870;2015-12-04_05-17-02.620;;0;-0,306;9,807;
1871;2015-12-04_05-17-02.672;;5,34;-28,62;-54,66;
1872;2015-12-04_05-17-02.745;;0;-0,306;9,807;
1873;2015-12-04_05-17-02.804;;5,34;-28,62;-54,66;
1874;2015-12-04_05-17-02.855;;0;-0,306;9,807;
1875;2015-12-04_05-17-02.925;;5,34;-28,62;-54,66;
1876;2015-12-04_05-17-02.977;;0;-0,306;9,807;
1877;2015-12-04_05-17-03.032;;5,34;-28,62;-54,66;
1878;2015-12-04_05-17-03.092;;0;-0,306;9,807;
1879;2015-12-04_05-17-03.152;;5,34;-28,62;-54,66;
1880;2015-12-04_05-17-03.212;;0;-0,306;9,807;
1881;2015-12-04_05-17-03.272;;5,34;-28,62;-54,66;
1882;2015-12-04_05-17-03.332;;0;-0,306;9,807;
1883;2015-12-04_05-17-03.393;;5,34;-28,62;-54,66;
1884;2015-12-04_05-17-03.460;;0;-0,306;9,807;
1885;2015-12-04_05-17-03.513;;5,34;-28,62;-54,66;
1886;2015-12-04_05-17-03.572;;0;-0,306;9,807;
1887;2015-12-04_05-17-03.632;;5,34;-28,62;-54,66;
1888;2015-12-04_05-17-03.692;;0;-0,306;9,807;
1889;2015-12-04_05-17-03.767;;5,34;-28,62;-54,66;
1890;2015-12-04_05-17-03.816;;0;-0,306;9,807;
1891;2015-12-04_05-17-03.872;;5,34;-28,62;-54,66;
1892;2015-12-04_05-17-03.932;;0;-0,306;9,807;
1893;2015-12-04_05-17-04.004;;5,34;-28,62;-54,66;
1894;2015-12-04_05-17-04.059;;0;-0,306;9,807;
1895;2015-12-04_05-17-04.112;;5,34;-28,62;-54,66;
1896;2015-12-04_05-17-04.173;;0;-0,306;9,807;
1897;2015-12-04_05-17-04.237;;5,34;-28,62;-54,66;
1898;2015-12-04_05-17-04.292;;0;-0,306;9,807;
1899;2015-12-04_05-17-04.356;;5,34;-28,62;-54,66;
1900;2015-12-04_05-17-04.412;;0;-0,306;9,807;
1901;2015-12-04_05-17-04.472;;5,34;-28,62;-54,66;
1902;2015-12-04_05-17-04.532;;0;-0,306;9,807;
1903;2015-12-04_05-17-04.597;;5,34;-28,62;-54,66;
1904;2015-12-04_05-17-04.652;;0;-0,306;9,807;
1905;2015-12-04_05-17-04.718;;5,34;-28,62;-54,66;
1906;2015-12-04_05-17-04.775;;0;-0,306;9,807;
1907;2015-12-04_05-17-04.841;;5,34;-28,62;-54,66;
1908;2015-12-04_05-17-04.893;;0;-0,306;9,807;
1909;2015-12-04_05-17-04.954;;5,34;-28,62;-54,66;
1910;2015-12-04_05-17-05.044;;0;-0,306;9,807;
1911;2015-12-04_05-17-05.078;;5,34;-28,62;-54,66;
1912;2015-12-04_05-17-05.132;;0;-0,306;9,807;
1913;2015-12-04_05-17-05.201;;5,34;-28,62;-54,66;
1914;2015-12-04_05-17-05.258;;0;-0,306;9,807;
1915;2015-12-04_05-17-05.317;;5,34;-28,62;-54,66;
1916;2015-12-04_05-17-05.395;;0;-0,306;9,807;
1917;2015-12-04_05-17-05.432;;5,34;-28,62;-54,66;
1918;2015-12-04_05-17-05.498;;0;-0,306;9,807;
1919;2015-12-04_05-17-05.552;;5,34;-28,62;-54,66;
1920;2015-12-04_05-17-05.613;;0;-0,306;9,807;
1921;2015-12-04_05-17-05.675;;5,34;-28,62;-54,66;
1922;2015-12-04_05-17-05.732;;0;-0,306;9,807;
1923;2015-12-04_05-17-05.803;;5,34;-28,62;-54,66;
1924;2015-12-04_05-17-05.852;;0;-0,306;9,807;
1925;2015-12-04_05-17-05.914;;5,34;-28,62;-54,66;
1926;2015-12-04_05-17-05.985;;0;-0,306;9,807;
1927;2015-12-04_05-17-06.035;;5,34;-28,62;-54,66;
1928;2015-12-04_05-17-06.097;;0;-0,306;9,807;
1929;2015-12-04_05-17-06.154;;5,34;-28,62;-54,66;
1930;2015-12-04_05-17-06.212;;0;-0,306;9,807;
