--- LOG START  --- 
2633;2015-12-04_05-27-14.712;;3,54;-21,48;-53,22;
2634;2015-12-04_05-27-14.773;;1,98;-21,12;-54,66;
2635;2015-12-04_05-27-14.834;;3,54;-21,48;-53,22;
2636;2015-12-04_05-27-14.892;;1,98;-21,12;-54,66;
2637;2015-12-04_05-27-14.958;;3,54;-21,48;-53,22;
2638;2015-12-04_05-27-15.012;;1,98;-21,12;-54,66;
2639;2015-12-04_05-27-15.074;;3,54;-21,48;-53,22;
2640;2015-12-04_05-27-15.157;;1,98;-21,12;-54,66;
2641;2015-12-04_05-27-15.192;;3,54;-21,48;-53,22;
2642;2015-12-04_05-27-15.252;;1,98;-21,12;-54,66;
2643;2015-12-04_05-27-15.314;;3,54;-21,48;-53,22;
2644;2015-12-04_05-27-15.373;;1,98;-21,12;-54,66;
2645;2015-12-04_05-27-15.442;;3,54;-21,48;-53,22;
2646;2015-12-04_05-27-15.494;;1,98;-21,12;-54,66;
2647;2015-12-04_05-27-15.553;;3,54;-21,48;-53,22;
2648;2015-12-04_05-27-15.618;;1,98;-21,12;-54,66;
2649;2015-12-04_05-27-15.673;;3,54;-21,48;-53,22;
2650;2015-12-04_05-27-15.739;;1,98;-21,12;-54,66;
2651;2015-12-04_05-27-15.793;;3,54;-21,48;-53,22;
2652;2015-12-04_05-27-15.853;;1,98;-21,12;-54,66;
2653;2015-12-04_05-27-15.923;;3,54;-21,48;-53,22;
2654;2015-12-04_05-27-15.976;;1,98;-21,12;-54,66;
2655;2015-12-04_05-27-16.037;;3,54;-1,072;9,653;
2656;2015-12-04_05-27-16.097;;0,54;-21,3;-55,56;
2657;2015-12-04_05-27-16.153;;-0,153;-1,072;9,653;
2658;2015-12-04_05-27-16.223;;0,54;-21,3;-55,56;
2659;2015-12-04_05-27-16.272;;-0,153;-1,072;9,653;
2660;2015-12-04_05-27-16.338;;0,54;-21,3;-55,56;
2661;2015-12-04_05-27-16.394;;-0,153;-1,072;9,653;
2662;2015-12-04_05-27-16.452;;0,54;-21,3;-55,56;
2663;2015-12-04_05-27-16.531;;-0,153;-1,072;9,653;
2664;2015-12-04_05-27-16.572;;0,54;-21,3;-55,56;
2665;2015-12-04_05-27-16.637;;-0,153;-1,072;9,653;
2666;2015-12-04_05-27-16.693;;0,54;-21,3;-55,56;
2667;2015-12-04_05-27-16.752;;-0,153;-1,072;9,653;
2668;2015-12-04_05-27-16.833;;0,54;-21,3;-55,56;
2669;2015-12-04_05-27-16.872;;-0,153;-1,072;9,653;
2670;2015-12-04_05-27-16.936;;0,54;-21,3;-55,56;
2671;2015-12-04_05-27-16.992;;-0,153;-1,072;9,653;
2672;2015-12-04_05-27-17.059;;0,54;-21,3;-55,56;
2673;2015-12-04_05-27-17.117;;-0,153;-1,072;9,653;
2674;2015-12-04_05-27-17.218;;0,54;-21,3;-55,56;
2675;2015-12-04_05-27-17.246;;-0,153;-1,072;9,653;
2676;2015-12-04_05-27-17.295;;0,54;-21,3;-55,56;
2677;2015-12-04_05-27-17.360;;-0,153;-1,072;9,653;
2678;2015-12-04_05-27-17.428;;0,54;-21,3;-55,56;
2679;2015-12-04_05-27-17.480;;-0,153;-1,072;9,653;
2680;2015-12-04_05-27-17.533;;0,54;-21,3;-55,56;
2681;2015-12-04_05-27-17.602;;-0,153;-1,072;9,653;
2682;2015-12-04_05-27-17.666;;0,54;-21,3;-55,56;
2683;2015-12-04_05-27-17.712;;-0,153;-1,072;9,653;
2684;2015-12-04_05-27-17.773;;0,54;-21,3;-55,56;
2685;2015-12-04_05-27-17.832;;-0,153;-1,072;9,653;
2686;2015-12-04_05-27-17.897;;0,54;-21,3;-55,56;
2687;2015-12-04_05-27-17.963;;-0,153;-1,072;9,653;
2688;2015-12-04_05-27-18.012;;0,54;-21,3;-55,56;
2689;2015-12-04_05-27-18.142;;-0,153;-1,072;9,653;
