--- LOG START  --- 
580;2015-12-04_04-57-08.182;;6,96;-21,18;-34,98;
581;2015-12-04_04-57-08.242;;0;-0,306;9,807;
582;2015-12-04_04-57-08.302;;6,96;-21,18;-34,98;
583;2015-12-04_04-57-09.082;;0;-0,306;9,807;
584;2015-12-04_04-57-09.147;;6,96;-21,18;-34,98;
592;2015-12-04_04-58-04.961;;0;-0,306;9,807;
593;2015-12-04_04-58-05.602;;8,04;-19,26;-34,98;
594;2015-12-04_04-58-05.662;;9,66;-19,56;-35,46;
595;2015-12-04_04-58-05.730;;8,04;-19,26;-34,98;
596;2015-12-04_04-58-05.783;;9,66;-19,56;-35,46;
597;2015-12-04_04-58-05.842;;8,04;-19,26;-34,98;
598;2015-12-04_04-58-05.902;;9,66;-19,56;-35,46;
599;2015-12-04_04-58-05.965;;8,04;-19,26;-34,98;
600;2015-12-04_04-58-06.038;;9,66;-19,56;-35,46;
601;2015-12-04_04-58-06.089;;8,04;-19,26;-34,98;
602;2015-12-04_04-58-06.143;;9,66;-19,56;-35,46;
603;2015-12-04_04-58-06.203;;8,04;-19,26;-34,98;
604;2015-12-04_04-58-06.277;;9,66;-19,56;-35,46;
605;2015-12-04_04-58-06.322;;8,04;-19,26;-34,98;
606;2015-12-04_04-58-06.395;;9,66;-19,56;-35,46;
607;2015-12-04_04-58-06.443;;8,04;-19,26;-34,98;
608;2015-12-04_04-58-06.509;;9,66;-19,56;-35,46;
609;2015-12-04_04-58-06.562;;8,04;-19,26;-34,98;
610;2015-12-04_04-58-06.625;;9,66;-19,56;-35,46;
611;2015-12-04_04-58-06.684;;8,04;-19,26;-34,98;
612;2015-12-04_04-58-06.743;;9,66;-19,56;-35,46;
613;2015-12-04_04-58-06.806;;8,04;-19,26;-34,98;
614;2015-12-04_04-58-06.876;;9,66;-19,56;-35,46;
615;2015-12-04_04-58-06.928;;8,04;-19,26;-34,98;
616;2015-12-04_04-58-06.985;;9,66;-19,56;-35,46;
617;2015-12-04_04-58-07.043;;8,04;-19,26;-34,98;
618;2015-12-04_04-58-07.102;;9,66;-19,56;-35,46;
619;2015-12-04_04-58-07.163;;8,04;-19,26;-34,98;
620;2015-12-04_04-58-07.224;;9,66;-19,56;-35,46;
621;2015-12-04_04-58-07.292;;8,04;-19,26;-34,98;
622;2015-12-04_04-58-07.342;;9,66;-19,56;-35,46;
623;2015-12-04_04-58-07.407;;8,04;-19,26;-34,98;
624;2015-12-04_04-58-07.474;;9,66;-19,56;-35,46;
625;2015-12-04_04-58-07.524;;8,04;-19,26;-34,98;
626;2015-12-04_04-58-07.587;;9,66;-19,56;-35,46;
627;2015-12-04_04-58-07.642;;8,04;-19,26;-34,98;
628;2015-12-04_04-58-07.702;;9,66;-19,56;-35,46;
629;2015-12-04_04-58-07.762;;8,04;-19,26;-34,98;
630;2015-12-04_04-58-07.822;;9,66;-19,56;-35,46;
631;2015-12-04_04-58-07.886;;8,04;-19,26;-34,98;
632;2015-12-04_04-58-07.944;;9,66;-19,56;-35,46;
633;2015-12-04_04-58-08.003;;8,04;-19,26;-34,98;
634;2015-12-04_04-58-08.082;;9,66;-19,56;-35,46;
635;2015-12-04_04-58-08.141;;8,04;-19,26;-34,98;
636;2015-12-04_04-58-08.182;;9,66;-19,56;-35,46;
637;2015-12-04_04-58-08.271;;8,04;-19,26;-34,98;
638;2015-12-04_04-58-08.316;;9,66;-19,56;-35,46;
639;2015-12-04_04-58-08.362;;8,04;-19,26;-34,98;
