--- LOG START  --- 
1143;2015-12-04_05-07-06.938;;7,38;-20,94;-33,78;
1144;2015-12-04_05-07-06.997;;4,08;-19,5;-34,26;
1145;2015-12-04_05-07-07.054;;7,38;-20,94;-33,78;
1146;2015-12-04_05-07-07.130;;4,08;-19,5;-34,26;
1147;2015-12-04_05-07-07.181;;7,38;-20,94;-33,78;
1148;2015-12-04_05-07-07.233;;4,08;-19,5;-34,26;
1149;2015-12-04_05-07-07.303;;7,38;-20,94;-33,78;
1150;2015-12-04_05-07-07.354;;4,08;-19,5;-34,26;
1151;2015-12-04_05-07-07.413;;7,38;-20,94;-33,78;
1152;2015-12-04_05-07-07.486;;4,08;-19,5;-34,26;
1153;2015-12-04_05-07-07.533;;7,38;-20,94;-33,78;
1154;2015-12-04_05-07-07.602;;4,08;-19,5;-34,26;
1155;2015-12-04_05-07-07.655;;7,38;-20,94;-33,78;
1156;2015-12-04_05-07-07.713;;4,08;-19,5;-34,26;
1157;2015-12-04_05-07-07.785;;7,38;-20,94;-33,78;
1158;2015-12-04_05-07-07.832;;4,08;-19,5;-34,26;
1159;2015-12-04_05-07-07.894;;7,38;-20,94;-33,78;
1160;2015-12-04_05-07-07.955;;4,08;-19,5;-34,26;
1161;2015-12-04_05-07-08.017;;7,38;-20,94;-33,78;
1162;2015-12-04_05-07-08.073;;4,08;-19,5;-34,26;
1163;2015-12-04_05-07-08.136;;7,38;-20,94;-33,78;
1164;2015-12-04_05-07-08.192;;4,08;-19,5;-34,26;
1165;2015-12-04_05-07-08.252;;7,38;-20,94;-33,78;
1166;2015-12-04_05-07-08.333;;4,08;-19,5;-34,26;
1167;2015-12-04_05-07-08.372;;7,38;-20,94;-33,78;
1168;2015-12-04_05-07-08.432;;4,08;-19,5;-34,26;
1169;2015-12-04_05-07-08.493;;7,38;-20,94;-33,78;
1170;2015-12-04_05-07-08.553;;4,08;-19,5;-34,26;
1171;2015-12-04_05-07-08.612;;7,38;-20,94;-33,78;
1172;2015-12-04_05-07-08.678;;4,08;-19,5;-34,26;
1173;2015-12-04_05-07-08.735;;7,38;-20,94;-33,78;
1174;2015-12-04_05-07-08.792;;4,08;-19,5;-34,26;
1175;2015-12-04_05-07-08.857;;7,38;-20,94;-33,78;
1176;2015-12-04_05-07-08.915;;4,08;-19,5;-34,26;
1177;2015-12-04_05-07-08.979;;7,38;-20,94;-33,78;
1178;2015-12-04_05-07-09.035;;4,08;-19,5;-34,26;
1179;2015-12-04_05-07-09.159;;7,38;-20,94;-33,78;
1180;2015-12-04_05-07-09.224;;4,08;-19,5;-34,26;
1181;2015-12-04_05-07-09.272;;7,38;-20,94;-33,78;
1182;2015-12-04_05-07-09.353;;4,08;-19,5;-34,26;
1183;2015-12-04_05-07-09.392;;7,38;-20,94;-33,78;
1184;2015-12-04_05-07-09.453;;4,08;-19,5;-34,26;
