--- LOG START  --- 
969;2015-12-04_05-04-04.112;;6,78;-20,7;-34,68;
970;2015-12-04_05-04-04.162;;7,26;-20,22;-34,62;
971;2015-12-04_05-04-04.223;;6,78;-20,7;-34,68;
972;2015-12-04_05-04-04.306;;7,26;-20,22;-34,62;
973;2015-12-04_05-04-04.343;;6,78;-20,7;-34,68;
974;2015-12-04_05-04-04.403;;7,26;-20,22;-34,62;
975;2015-12-04_05-04-04.462;;6,78;-20,7;-34,68;
976;2015-12-04_05-04-04.541;;7,26;-20,22;-34,62;
977;2015-12-04_05-04-04.583;;6,78;-20,7;-34,68;
978;2015-12-04_05-04-04.643;;7,26;-20,22;-34,62;
979;2015-12-04_05-04-04.712;;6,78;-20,7;-34,68;
980;2015-12-04_05-04-04.762;;7,26;-20,22;-34,62;
981;2015-12-04_05-04-04.823;;6,78;-20,7;-34,68;
982;2015-12-04_05-04-04.889;;7,26;-20,22;-34,62;
983;2015-12-04_05-04-04.942;;6,78;-20,7;-34,68;
984;2015-12-04_05-04-05.010;;7,26;-20,22;-34,62;
985;2015-12-04_05-04-05.064;;6,78;-20,7;-34,68;
986;2015-12-04_05-04-05.123;;7,26;-20,22;-34,62;
987;2015-12-04_05-04-05.183;;6,78;-20,7;-34,68;
988;2015-12-04_05-04-05.242;;7,26;-20,22;-34,62;
989;2015-12-04_05-04-05.305;;6,78;-20,7;-34,68;
990;2015-12-04_05-04-05.364;;7,26;-20,22;-34,62;
991;2015-12-04_05-04-05.422;;6,78;-20,7;-34,68;
992;2015-12-04_05-04-05.488;;7,26;-20,22;-34,62;
993;2015-12-04_05-04-05.557;;6,78;-20,7;-34,68;
994;2015-12-04_05-04-05.602;;7,26;-20,22;-34,62;
995;2015-12-04_05-04-05.675;;6,78;-20,7;-34,68;
996;2015-12-04_05-04-05.722;;7,26;-20,22;-34,62;
997;2015-12-04_05-04-05.782;;6,78;-20,7;-34,68;
998;2015-12-04_05-04-05.848;;7,26;-20,22;-34,62;
999;2015-12-04_05-04-05.902;;6,78;-20,7;-34,68;
1000;2015-12-04_05-04-05.972;;7,26;-20,22;-34,62;
1001;2015-12-04_05-04-06.027;;6,78;-20,7;-34,68;
1002;2015-12-04_05-04-06.082;;7,26;-20,22;-34,62;
1003;2015-12-04_05-04-06.143;;6,78;-20,7;-34,68;
1004;2015-12-04_05-04-06.202;;7,26;-20,22;-34,62;
1005;2015-12-04_05-04-06.269;;6,78;-20,7;-34,68;
1006;2015-12-04_05-04-06.326;;7,26;-20,22;-34,62;
1007;2015-12-04_05-04-06.382;;6,78;-20,7;-34,68;
1008;2015-12-04_05-04-06.466;;7,26;-20,22;-34,62;
1009;2015-12-04_05-04-06.686;;6,78;-20,7;-34,62;
1010;2015-12-04_05-04-06.756;;7,26;-20,22;-34,62;
1011;2015-12-04_05-04-06.815;;6,78;-20,64;-34,62;
