--- LOG START  --- 
1420;2015-12-04_05-11-05.497;;-2,1;-18,72;-34,26;
1421;2015-12-04_05-11-05.576;;-2,4;-18,78;-33,72;
1422;2015-12-04_05-11-05.855;;-2,1;-18,72;-34,26;
1423;2015-12-04_05-11-05.916;;-2,4;-18,78;-33,72;
1424;2015-12-04_05-11-05.973;;-2,1;-18,72;-34,26;
1425;2015-12-04_05-11-06.032;;-2,4;-18,78;-33,72;
1426;2015-12-04_05-11-06.097;;-2,1;-18,72;-34,26;
1427;2015-12-04_05-11-06.152;;-2,4;-18,78;-33,72;
1428;2015-12-04_05-11-06.224;;-2,1;-18,72;-34,26;
1429;2015-12-04_05-11-06.272;;-2,4;-18,78;-33,72;
1430;2015-12-04_05-11-06.333;;-2,1;-18,72;-34,26;
1431;2015-12-04_05-11-06.395;;-2,4;-18,78;-33,72;
1432;2015-12-04_05-11-06.452;;-2,1;-18,72;-34,26;
1433;2015-12-04_05-11-06.512;;-2,4;-18,78;-33,72;
1434;2015-12-04_05-11-06.580;;-2,04;-18,96;-34,26;
1435;2015-12-04_05-11-06.632;;-2,4;-18,78;-33,72;
1436;2015-12-04_05-11-06.695;;-2,04;-18,96;-34,26;
1437;2015-12-04_05-11-06.753;;-2,4;-18,78;-33,72;
1438;2015-12-04_05-11-06.812;;-2,04;-18,96;-34,26;
1439;2015-12-04_05-11-06.881;;-2,4;-18,78;-33,72;
1440;2015-12-04_05-11-06.932;;-2,04;-18,96;-34,26;
1441;2015-12-04_05-11-06.995;;-2,4;-18,78;-33,72;
1442;2015-12-04_05-11-07.052;;-2,04;-18,96;-34,26;
1443;2015-12-04_05-11-07.112;;-2,4;-18,78;-33,72;
1444;2015-12-04_05-11-07.172;;-2,04;-18,96;-34,26;
1445;2015-12-04_05-11-07.233;;-2,4;-18,78;-33,72;
1446;2015-12-04_05-11-07.309;;-2,04;-18,96;-34,26;
1447;2015-12-04_05-11-07.357;;-2,4;-18,78;-33,72;
1448;2015-12-04_05-11-07.412;;-2,04;-18,96;-34,26;
1449;2015-12-04_05-11-07.476;;-2,4;-18,78;-33,72;
1450;2015-12-04_05-11-07.535;;-2,04;-18,96;-34,26;
1451;2015-12-04_05-11-07.592;;-2,4;-18,78;-33,72;
1452;2015-12-04_05-11-07.652;;-2,04;-18,96;-34,26;
1453;2015-12-04_05-11-07.720;;-2,4;-18,78;-33,72;
1454;2015-12-04_05-11-07.776;;-2,04;-18,96;-34,26;
1455;2015-12-04_05-11-07.844;;-2,4;-18,78;-33,72;
1456;2015-12-04_05-11-07.892;;-2,04;-18,96;-34,26;
1457;2015-12-04_05-11-07.957;;-2,4;-18,78;-33,72;
1458;2015-12-04_05-11-08.012;;-2,04;-18,96;-34,26;
1459;2015-12-04_05-11-08.072;;-2,4;-18,78;-33,72;
1460;2015-12-04_05-11-08.145;;-2,04;-18,96;-34,26;
1461;2015-12-04_05-11-08.192;;-2,4;-18,78;-33,72;
1462;2015-12-04_05-11-08.257;;-2,04;-18,96;-34,26;
1463;2015-12-04_05-11-08.315;;-2,4;-18,78;-33,72;
1464;2015-12-04_05-11-08.378;;-2,04;-18,96;-34,26;
1465;2015-12-04_05-11-08.445;;-2,4;-18,78;-33,72;
1466;2015-12-04_05-11-08.492;;-2,04;-18,96;-34,26;
1467;2015-12-04_05-11-08.735;;-2,4;-18,78;-33,72;
1468;2015-12-04_05-11-08.795;;-2,04;-18,96;-34,26;
