--- LOG START  --- 
2960;2015-12-04_05-32-20.195;;0,48;-22,92;-53,58;
2961;2015-12-04_05-32-20.242;;4,74;-22,2;-54;
2962;2015-12-04_05-32-20.302;;0,48;-22,92;-53,58;
2963;2015-12-04_05-32-20.374;;4,74;-22,2;-54;
2964;2015-12-04_05-32-20.422;;0,48;-22,92;-53,58;
2965;2015-12-04_05-32-20.489;;4,74;-22,2;-54;
2966;2015-12-04_05-32-20.553;;0,48;-22,92;-53,58;
2967;2015-12-04_05-32-20.615;;4,74;-22,2;-54;
2968;2015-12-04_05-32-20.677;;0,48;-22,92;-53,58;
2969;2015-12-04_05-32-20.726;;4,74;-22,2;-54;
2970;2015-12-04_05-32-20.783;;0,48;-22,92;-53,58;
2971;2015-12-04_05-32-20.842;;4,74;-22,2;-54;
2972;2015-12-04_05-32-20.914;;0,48;-22,92;-53,58;
2973;2015-12-04_05-32-20.967;;4,74;-22,2;-54;
2974;2015-12-04_05-32-21.024;;0,48;-22,92;-53,58;
2975;2015-12-04_05-32-21.082;;4,74;-22,2;-54;
2976;2015-12-04_05-32-21.142;;0,48;-22,92;-53,58;
2977;2015-12-04_05-32-21.212;;4,74;-22,2;-54;
2978;2015-12-04_05-32-21.266;;0,48;-22,92;-53,58;
2979;2015-12-04_05-32-21.328;;4,74;-22,2;-54;
2980;2015-12-04_05-32-21.396;;0,48;-22,92;-53,58;
2981;2015-12-04_05-32-21.442;;4,74;-22,2;-54;
2982;2015-12-04_05-32-21.507;;0,48;-22,92;-53,58;
2983;2015-12-04_05-32-21.570;;4,74;-22,2;-54;
2984;2015-12-04_05-32-21.622;;0,48;-22,92;-53,58;
2985;2015-12-04_05-32-21.682;;4,74;-22,2;-54;
2986;2015-12-04_05-32-21.745;;0,48;-22,92;-53,58;
2987;2015-12-04_05-32-21.802;;4,74;-22,2;-54;
2988;2015-12-04_05-32-21.869;;0,48;-22,92;-53,58;
2989;2015-12-04_05-32-21.922;;4,74;-22,2;-54;
2990;2015-12-04_05-32-21.993;;0,48;-22,92;-53,58;
2991;2015-12-04_05-32-22.053;;4,74;-22,2;-54;
2992;2015-12-04_05-32-22.102;;1,02;-23,04;-53,64;
2993;2015-12-04_05-32-22.181;;4,74;-22,2;-54;
2994;2015-12-04_05-32-22.223;;1,02;-23,04;-53,64;
2995;2015-12-04_05-32-22.282;;4,74;-22,2;-54;
2996;2015-12-04_05-32-22.354;;1,02;-23,04;-53,64;
2997;2015-12-04_05-32-22.402;;4,74;-22,2;-54;
2998;2015-12-04_05-32-22.468;;1,02;-23,04;-53,64;
2999;2015-12-04_05-32-22.534;;4,74;-22,2;-54;
3000;2015-12-04_05-32-22.586;;1,02;-23,04;-53,64;
3001;2015-12-04_05-32-22.649;;4,74;-22,2;-54;
3002;2015-12-04_05-32-22.702;;1,02;-23,04;-53,64;
3003;2015-12-04_05-32-22.768;;4,74;-22,2;-54;
3004;2015-12-04_05-32-22.842;;1,02;-23,04;-53,64;
3005;2015-12-04_05-32-22.882;;4,74;-22,2;-54;
3006;2015-12-04_05-32-22.943;;1,02;-23,04;-53,64;
3007;2015-12-04_05-32-23.010;;4,74;-22,2;-54;
3008;2015-12-04_05-32-23.062;;1,02;-23,04;-53,64;
3009;2015-12-04_05-32-23.134;;4,74;-22,2;-54;
3010;2015-12-04_05-32-23.193;;1,02;-23,04;-53,64;
3011;2015-12-04_05-32-23.242;;4,74;-22,2;-54;
3012;2015-12-04_05-32-23.304;;1,02;-23,04;-53,64;
3013;2015-12-04_05-32-23.370;;4,74;-22,2;-54;
3014;2015-12-04_05-32-23.422;;1,02;-23,04;-53,64;
