--- LOG START  --- 
2755;2015-12-04_05-28-13.939;;0,24;-30,3;-58,68;
2763;2015-12-04_05-29-04.812;;7,74;-29,94;-41,04;
2764;2015-12-04_05-29-04.885;;-3,524;-1,072;9,807;
2765;2015-12-04_05-29-04.938;;7,74;-29,94;-41,04;
2766;2015-12-04_05-29-04.993;;-3,524;-1,072;9,807;
2767;2015-12-04_05-29-05.068;;7,74;-29,94;-41,04;
2768;2015-12-04_05-29-05.112;;-3,524;-1,072;9,807;
2769;2015-12-04_05-29-05.179;;7,74;-29,94;-41,04;
2770;2015-12-04_05-29-05.233;;-3,524;-1,072;9,807;
2771;2015-12-04_05-29-05.292;;7,74;-29,94;-41,04;
2772;2015-12-04_05-29-05.362;;-3,524;-1,072;9,807;
2773;2015-12-04_05-29-05.416;;7,74;-29,94;-41,04;
2774;2015-12-04_05-29-05.475;;-3,524;-1,072;9,807;
2775;2015-12-04_05-29-05.543;;7,74;-29,94;-41,04;
2776;2015-12-04_05-29-05.592;;-3,524;-1,072;9,807;
2777;2015-12-04_05-29-05.659;;7,74;-29,94;-41,04;
2778;2015-12-04_05-29-05.726;;-3,524;-1,072;9,807;
2779;2015-12-04_05-29-05.774;;7,74;-29,94;-41,04;
2780;2015-12-04_05-29-05.838;;-3,524;-1,072;9,807;
2781;2015-12-04_05-29-05.892;;7,74;-29,94;-41,04;
2782;2015-12-04_05-29-05.953;;-3,524;-1,072;9,807;
2783;2015-12-04_05-29-06.013;;7,74;-29,94;-41,04;
2784;2015-12-04_05-29-06.072;;-3,524;-1,072;9,807;
2785;2015-12-04_05-29-06.137;;7,74;-29,94;-41,04;
2786;2015-12-04_05-29-06.195;;-3,524;-1,072;9,807;
2787;2015-12-04_05-29-06.252;;7,74;-29,94;-41,04;
2788;2015-12-04_05-29-06.312;;-3,524;-1,072;9,807;
2789;2015-12-04_05-29-06.372;;7,74;-29,94;-41,04;
2790;2015-12-04_05-29-06.438;;-3,524;-1,072;9,807;
2791;2015-12-04_05-29-06.494;;7,74;-29,94;-41,04;
2792;2015-12-04_05-29-06.552;;-3,524;-1,072;9,807;
2793;2015-12-04_05-29-06.622;;7,74;-29,94;-41,04;
2794;2015-12-04_05-29-06.746;;-3,524;-1,072;9,807;
2795;2015-12-04_05-29-06.792;;7,74;-29,94;-41,04;
2796;2015-12-04_05-29-06.852;;-3,524;-1,072;9,807;
2797;2015-12-04_05-29-06.927;;7,74;-29,94;-41,04;
2798;2015-12-04_05-29-06.985;;-3,524;-1,072;9,807;
2799;2015-12-04_05-29-07.032;;7,74;-29,94;-41,04;
2800;2015-12-04_05-29-07.106;;-3,524;-1,072;9,807;
2801;2015-12-04_05-29-07.152;;7,74;-29,94;-41,04;
2802;2015-12-04_05-29-07.214;;-3,524;-1,072;9,807;
2803;2015-12-04_05-29-07.272;;7,74;-29,94;-41,04;
2804;2015-12-04_05-29-07.338;;-3,524;-1,072;9,807;
2805;2015-12-04_05-29-07.397;;7,74;-29,94;-41,04;
2806;2015-12-04_05-29-07.453;;-3,524;-1,072;9,807;
2807;2015-12-04_05-29-07.516;;7,74;-29,94;-41,04;
2808;2015-12-04_05-29-07.572;;-3,524;-1,072;9,807;
2809;2015-12-04_05-29-07.632;;7,74;-29,94;-41,04;
2810;2015-12-04_05-29-07.697;;-3,524;-1,072;9,807;
2811;2015-12-04_05-29-07.759;;7,74;-29,94;-41,04;
2812;2015-12-04_05-29-07.817;;-3,524;-1,072;9,807;
2813;2015-12-04_05-29-07.876;;7,74;-29,94;-41,04;
2814;2015-12-04_05-29-07.932;;-3,524;-1,072;9,807;
2815;2015-12-04_05-29-07.993;;7,74;-29,94;-41,04;
2816;2015-12-04_05-29-08.052;;-3,524;-1,072;9,807;
