--- LOG START  --- 
2087;2015-12-04_05-20-02.939;;10,14;-23,34;-37,56;
2088;2015-12-04_05-20-03.095;;1,225;0,153;9,04;
2089;2015-12-04_05-20-03.157;;10,14;-23,34;-37,56;
2090;2015-12-04_05-20-03.213;;1,225;0,153;9,04;
2091;2015-12-04_05-20-03.281;;10,14;-23,34;-37,56;
2092;2015-12-04_05-20-03.332;;1,225;0,153;9,04;
2093;2015-12-04_05-20-03.400;;10,14;-23,34;-37,56;
2094;2015-12-04_05-20-03.458;;1,225;0,153;9,04;
2095;2015-12-04_05-20-03.512;;10,14;-23,34;-37,56;
2096;2015-12-04_05-20-03.584;;1,225;0,153;9,04;
2097;2015-12-04_05-20-03.632;;10,14;-23,34;-37,56;
2098;2015-12-04_05-20-03.695;;1,225;0,153;9,04;
2099;2015-12-04_05-20-03.752;;10,14;-23,34;-37,56;
2100;2015-12-04_05-20-03.812;;1,225;0,153;9,04;
2101;2015-12-04_05-20-03.872;;10,14;-23,34;-37,56;
2102;2015-12-04_05-20-03.934;;1,225;0,153;9,04;
2103;2015-12-04_05-20-03.999;;10,14;-23,34;-37,56;
2104;2015-12-04_05-20-04.062;;1,225;0,153;9,04;
2105;2015-12-04_05-20-04.112;;10,14;-23,34;-37,56;
2106;2015-12-04_05-20-04.178;;1,225;0,153;9,04;
2107;2015-12-04_05-20-04.232;;10,14;-23,34;-37,56;
2108;2015-12-04_05-20-04.292;;1,225;0,153;9,04;
2109;2015-12-04_05-20-04.353;;10,14;-23,34;-37,56;
2110;2015-12-04_05-20-04.412;;1,225;0,153;9,04;
2111;2015-12-04_05-20-04.472;;10,14;-23,34;-37,56;
2112;2015-12-04_05-20-04.533;;1,225;0,153;9,04;
2113;2015-12-04_05-20-04.593;;10,14;-23,34;-37,56;
2114;2015-12-04_05-20-04.652;;1,225;0,153;9,04;
2115;2015-12-04_05-20-04.712;;10,14;-23,34;-37,56;
2116;2015-12-04_05-20-04.772;;1,225;0,153;9,04;
2117;2015-12-04_05-20-04.838;;10,14;-23,34;-37,56;
2118;2015-12-04_05-20-04.899;;1,225;0,153;9,04;
2119;2015-12-04_05-20-04.971;;10,14;-23,34;-37,56;
2120;2015-12-04_05-20-05.016;;1,225;0,153;9,04;
2121;2015-12-04_05-20-05.076;;10,14;-23,34;-37,56;
2122;2015-12-04_05-20-05.135;;1,225;0,153;9,04;
2123;2015-12-04_05-20-05.193;;10,14;-23,34;-37,56;
2124;2015-12-04_05-20-05.273;;1,225;0,153;9,04;
2125;2015-12-04_05-20-05.316;;10,14;-23,34;-37,56;
2126;2015-12-04_05-20-05.372;;1,225;0,153;9,04;
2127;2015-12-04_05-20-05.437;;10,14;-23,34;-37,56;
2128;2015-12-04_05-20-05.492;;1,225;0,153;9,04;
2129;2015-12-04_05-20-05.552;;10,14;-23,34;-37,56;
2130;2015-12-04_05-20-05.612;;1,225;0,153;9,04;
2131;2015-12-04_05-20-05.672;;10,14;-23,34;-37,56;
2132;2015-12-04_05-20-05.736;;1,225;0,153;9,04;
2133;2015-12-04_05-20-05.805;;10,14;-23,34;-37,56;
2134;2015-12-04_05-20-05.853;;1,225;0,153;9,04;
2135;2015-12-04_05-20-05.927;;2,16;-34,08;-50,94;
2136;2015-12-04_05-20-05.972;;1,74;-34,08;-50,94;
2137;2015-12-04_05-20-06.037;;2,16;-34,08;-50,94;
2138;2015-12-04_05-20-06.093;;1,74;-34,08;-50,94;
2139;2015-12-04_05-20-06.152;;2,16;-34,08;-50,94;
2140;2015-12-04_05-20-06.217;;1,74;-34,08;-50,94;
2141;2015-12-04_05-20-06.285;;2,16;-34,08;-50,94;
2142;2015-12-04_05-20-06.332;;1,74;-34,08;-50,94;
2143;2015-12-04_05-20-06.403;;2,16;-34,08;-50,94;
2144;2015-12-04_05-20-06.452;;1,74;-34,08;-50,94;
2145;2015-12-04_05-20-06.519;;2,16;-34,08;-50,94;
2146;2015-12-04_05-20-06.573;;1,74;-34,08;-50,94;
2147;2015-12-04_05-20-06.632;;2,16;-34,08;-50,94;
2148;2015-12-04_05-20-06.702;;1,74;-34,08;-50,94;
2149;2015-12-04_05-20-06.752;;2,16;-34,08;-50,94;
2150;2015-12-04_05-20-06.826;;1,74;-34,08;-50,94;
2151;2015-12-04_05-20-06.878;;2,16;-34,08;-50,94;
2152;2015-12-04_05-20-06.932;;1,74;-34,08;-50,94;
2153;2015-12-04_05-20-06.997;;2,16;-34,08;-50,94;
2154;2015-12-04_05-20-07.068;;1,74;-34,08;-50,94;
2155;2015-12-04_05-20-07.180;;2,16;-34,08;-50,94;
2156;2015-12-04_05-20-07.250;;1,74;-34,08;-50,94;
2157;2015-12-04_05-20-07.292;;2,16;-34,08;-50,94;
2158;2015-12-04_05-20-09.093;;1,74;-34,08;-50,94;
2159;2015-12-04_05-20-09.162;;2,16;-34,08;-50,94;
