--- LOG START  --- 
2461;2015-12-04_05-24-21.854;;4,56;-23,22;-35,94;
2462;2015-12-04_05-24-21.916;;4,02;-23,16;-34,98;
2463;2015-12-04_05-24-21.985;;4,56;-23,22;-35,94;
2464;2015-12-04_05-24-22.032;;4,02;-23,16;-34,98;
2465;2015-12-04_05-24-22.093;;4,56;-23,22;-35,94;
2466;2015-12-04_05-24-22.152;;4,02;-23,16;-34,98;
2467;2015-12-04_05-24-22.212;;4,56;-23,22;-35,94;
2468;2015-12-04_05-24-22.274;;4,02;-23,16;-34,98;
2469;2015-12-04_05-24-22.398;;4,56;-23,22;-35,94;
2470;2015-12-04_05-24-22.471;;4,02;-23,16;-34,98;
2471;2015-12-04_05-24-22.512;;4,56;-23,22;-35,94;
2472;2015-12-04_05-24-22.583;;4,02;-23,16;-34,98;
2499;2015-12-04_05-25-13.212;;4,38;-25,44;-56,82;
2500;2015-12-04_05-25-13.278;;6,72;-25,32;-54,36;
2501;2015-12-04_05-25-13.333;;4,38;-25,44;-56,82;
2502;2015-12-04_05-25-13.392;;6,72;-25,32;-54,36;
2503;2015-12-04_05-25-13.474;;4,38;-25,44;-56,82;
2504;2015-12-04_05-25-13.514;;6,72;-25,32;-54,36;
2505;2015-12-04_05-25-13.574;;4,38;-25,44;-56,82;
2506;2015-12-04_05-25-13.643;;6,72;-25,32;-54,36;
2507;2015-12-04_05-25-13.692;;4,38;-25,44;-56,82;
2508;2015-12-04_05-25-13.758;;6,72;-25,32;-54,36;
2509;2015-12-04_05-25-13.813;;4,38;-25,44;-56,82;
2510;2015-12-04_05-25-13.872;;6,72;-25,32;-54,36;
2511;2015-12-04_05-25-13.954;;4,38;-25,44;-56,82;
2512;2015-12-04_05-25-14.004;;6,72;-25,32;-54,36;
2513;2015-12-04_05-25-14.052;;4,38;-25,44;-56,82;
2514;2015-12-04_05-25-14.121;;6,72;-25,32;-54,36;
2515;2015-12-04_05-25-14.172;;4,38;-25,44;-56,82;
2516;2015-12-04_05-25-14.293;;6,72;-25,32;-54,36;
2517;2015-12-04_05-25-14.354;;4,38;-25,44;-56,82;
2518;2015-12-04_05-25-14.421;;6,72;-25,32;-54,36;
2519;2015-12-04_05-25-14.494;;4,38;-25,44;-56,82;
2520;2015-12-04_05-25-14.532;;6,72;-25,32;-54,36;
2521;2015-12-04_05-25-14.612;;4,38;-25,44;-56,82;
2522;2015-12-04_05-25-14.668;;6,72;-25,32;-54,36;
2523;2015-12-04_05-25-14.726;;4,38;-25,44;-56,82;
2524;2015-12-04_05-25-14.772;;6,72;-25,32;-54,36;
2525;2015-12-04_05-25-14.834;;4,38;-25,44;-56,82;
2526;2015-12-04_05-25-14.893;;6,72;-25,32;-54,36;
2527;2015-12-04_05-25-14.952;;4,38;-25,44;-56,82;
2528;2015-12-04_05-25-15.020;;6,72;-25,32;-54,36;
2529;2015-12-04_05-25-15.073;;4,38;-25,44;-56,82;
2530;2015-12-04_05-25-15.133;;6,72;-25,32;-54,36;
2531;2015-12-04_05-25-15.200;;4,38;-25,44;-56,82;
2532;2015-12-04_05-25-15.252;;6,72;-25,32;-54,36;
2533;2015-12-04_05-25-15.313;;4,38;-25,44;-56,82;
2534;2015-12-04_05-25-15.378;;6,72;-25,32;-54,36;
2535;2015-12-04_05-25-15.432;;4,38;-25,44;-56,82;
2536;2015-12-04_05-25-15.500;;6,72;-25,32;-54,36;
2537;2015-12-04_05-25-15.558;;4,38;-25,44;-56,82;
2538;2015-12-04_05-25-15.613;;6,72;-25,32;-54,36;
2539;2015-12-04_05-25-15.677;;4,38;-25,44;-56,82;
2540;2015-12-04_05-25-15.732;;6,72;-25,32;-54,36;
2541;2015-12-04_05-25-15.801;;4,38;-25,44;-56,82;
2542;2015-12-04_05-25-15.861;;6,72;-25,32;-54,36;
2543;2015-12-04_05-25-15.912;;4,38;-25,44;-56,82;
2544;2015-12-04_05-25-15.985;;6,72;-25,32;-54,36;
2545;2015-12-04_05-25-16.033;;4,38;-25,44;-56,82;
2546;2015-12-04_05-25-16.093;;6,72;-25,32;-54,36;
2547;2015-12-04_05-25-16.164;;4,38;-25,44;-56,82;
2548;2015-12-04_05-25-16.212;;6,72;-25,32;-54,36;
2549;2015-12-04_05-25-16.278;;4,38;-25,44;-56,82;
2550;2015-12-04_05-25-16.333;;6,72;-25,32;-54,36;
2551;2015-12-04_05-25-16.402;;4,38;-25,44;-56,82;
2552;2015-12-04_05-25-16.457;;6,72;-25,32;-54,36;
2553;2015-12-04_05-25-16.514;;4,38;-25,44;-56,82;
2554;2015-12-04_05-25-16.573;;6,72;-25,32;-54,36;
2555;2015-12-04_05-25-16.632;;4,38;-25,44;-56,82;
