--- LOG START  --- 
2880;2015-12-04_05-30-10.092;;-0,54;-27,54;-53,22;
2881;2015-12-04_05-30-10.153;;0,3;-27,36;-53,46;
2882;2015-12-04_05-30-10.221;;-0,54;-27,54;-53,22;
2883;2015-12-04_05-30-10.634;;0,3;-27,36;-53,46;
2884;2015-12-04_05-30-10.692;;-0,54;-27,54;-53,22;
2900;2015-12-04_05-31-16.703;;5,88;-26,4;-47,7;
2901;2015-12-04_05-31-16.762;;4,26;-25,92;-53,82;
2902;2015-12-04_05-31-16.823;;5,88;-26,4;-47,7;
2903;2015-12-04_05-31-16.883;;4,26;-25,92;-53,82;
2904;2015-12-04_05-31-16.946;;5,88;-26,4;-47,7;
2905;2015-12-04_05-31-17.003;;4,26;-25,92;-53,82;
2906;2015-12-04_05-31-17.063;;5,88;-26,4;-47,7;
2907;2015-12-04_05-31-17.127;;4,26;-25,92;-53,82;
2908;2015-12-04_05-31-17.187;;5,88;-26,4;-47,7;
2909;2015-12-04_05-31-17.250;;4,26;-25,92;-53,82;
2910;2015-12-04_05-31-17.304;;5,88;-26,4;-47,7;
2911;2015-12-04_05-31-17.364;;4,26;-25,92;-53,82;
2912;2015-12-04_05-31-17.423;;5,88;-26,4;-47,7;
2913;2015-12-04_05-31-17.493;;4,26;-25,92;-53,82;
2914;2015-12-04_05-31-17.544;;5,88;-26,4;-47,7;
2915;2015-12-04_05-31-17.605;;4,26;-25,92;-53,82;
2916;2015-12-04_05-31-17.666;;5,88;-26,4;-47,7;
2917;2015-12-04_05-31-17.723;;4,26;-25,92;-53,82;
2918;2015-12-04_05-31-17.788;;5,88;-26,4;-47,7;
2919;2015-12-04_05-31-17.843;;4,26;-25,92;-53,82;
2920;2015-12-04_05-31-17.902;;5,88;-26,4;-47,7;
2921;2015-12-04_05-31-17.963;;4,26;-25,92;-53,82;
2922;2015-12-04_05-31-18.023;;5,88;-26,4;-47,7;
2923;2015-12-04_05-31-18.090;;4,26;-25,92;-53,82;
2924;2015-12-04_05-31-18.143;;5,88;-26,4;-47,7;
2925;2015-12-04_05-31-18.204;;2,58;-26,28;-54,66;
2926;2015-12-04_05-31-18.276;;5,88;-26,4;-47,7;
2927;2015-12-04_05-31-18.323;;2,58;-26,28;-54,66;
2928;2015-12-04_05-31-18.382;;5,88;-26,4;-47,7;
2929;2015-12-04_05-31-18.443;;2,58;-26,28;-54,66;
2930;2015-12-04_05-31-18.502;;5,88;-26,4;-47,7;
2931;2015-12-04_05-31-18.572;;2,58;-26,28;-54,66;
2932;2015-12-04_05-31-18.628;;5,88;-26,4;-47,7;
2933;2015-12-04_05-31-18.686;;2,58;-26,28;-54,66;
2934;2015-12-04_05-31-18.759;;5,88;-26,4;-47,7;
2935;2015-12-04_05-31-18.803;;2,58;-26,28;-54,66;
2936;2015-12-04_05-31-18.870;;5,88;-26,4;-47,7;
2937;2015-12-04_05-31-18.922;;2,58;-26,28;-54,66;
2938;2015-12-04_05-31-18.985;;5,88;-26,4;-47,7;
2939;2015-12-04_05-31-19.055;;2,58;-26,28;-54,66;
2940;2015-12-04_05-31-19.102;;5,88;-26,4;-47,7;
2941;2015-12-04_05-31-19.167;;2,58;-26,28;-54,66;
2942;2015-12-04_05-31-19.222;;5,88;-26,4;-47,7;
2943;2015-12-04_05-31-19.285;;2,58;-26,28;-54,66;
2944;2015-12-04_05-31-19.348;;5,88;-26,4;-47,7;
2945;2015-12-04_05-31-19.402;;2,58;-26,28;-54,66;
2946;2015-12-04_05-31-19.466;;5,88;-26,4;-47,7;
2947;2015-12-04_05-31-19.527;;2,58;-26,28;-54,66;
2948;2015-12-04_05-31-19.582;;5,88;-26,4;-47,7;
2949;2015-12-04_05-31-19.647;;2,58;-26,28;-54,66;
2950;2015-12-04_05-31-19.702;;5,88;-26,4;-47,7;
2951;2015-12-04_05-31-19.769;;2,58;-26,28;-54,66;
2952;2015-12-04_05-31-19.826;;5,88;-26,4;-47,7;
2953;2015-12-04_05-31-19.885;;2,58;-26,28;-54,66;
2954;2015-12-04_05-31-19.950;;5,88;-26,4;-47,7;
2955;2015-12-04_05-31-20.002;;2,58;-26,28;-54,66;
