--- LOG START  --- 
697;2015-12-04_04-59-07.952;;6,72;-20,46;-34,8;
698;2015-12-04_04-59-08.002;;7,14;-20,46;-34,56;
699;2015-12-04_04-59-08.062;;6,72;-20,46;-34,8;
700;2015-12-04_04-59-08.783;;7,14;-20,46;-34,56;
701;2015-12-04_04-59-08.845;;6,72;-20,46;-34,8;
702;2015-12-04_04-59-08.914;;7,14;-20,46;-34,56;
703;2015-12-04_04-59-08.978;;6,72;-20,46;-34,8;
704;2015-12-04_04-59-09.265;;7,14;-20,46;-34,56;
705;2015-12-04_04-59-09.322;;6,72;-20,46;-34,8;
706;2015-12-04_04-59-09.382;;7,14;-20,46;-34,56;
718;2015-12-04_05-00-04.229;;-0,153;0,306;9,807;
719;2015-12-04_05-00-04.286;;7,62;-20,46;-34,74;
720;2015-12-04_05-00-04.342;;-0,153;0,306;9,807;
721;2015-12-04_05-00-04.411;;7,62;-20,46;-34,74;
722;2015-12-04_05-00-04.462;;-0,153;0,306;9,807;
723;2015-12-04_05-00-04.524;;7,62;-20,46;-34,74;
724;2015-12-04_05-00-04.593;;-0,153;0,306;9,807;
725;2015-12-04_05-00-04.642;;7,62;-20,46;-34,74;
726;2015-12-04_05-00-04.708;;-0,153;0,306;9,807;
727;2015-12-04_05-00-04.768;;7,62;-20,46;-34,74;
728;2015-12-04_05-00-04.822;;-0,153;0,306;9,807;
729;2015-12-04_05-00-04.883;;7,62;-20,46;-34,74;
730;2015-12-04_05-00-04.945;;-0,153;0,306;9,807;
731;2015-12-04_05-00-05.002;;7,62;-20,46;-34,74;
732;2015-12-04_05-00-05.075;;-0,153;0,306;9,807;
733;2015-12-04_05-00-05.125;;7,62;-20,46;-34,74;
734;2015-12-04_05-00-05.183;;-0,153;0,306;9,807;
735;2015-12-04_05-00-05.242;;7,62;-20,46;-34,74;
736;2015-12-04_05-00-05.302;;-0,153;0,306;9,807;
737;2015-12-04_05-00-05.373;;7,62;-20,46;-34,74;
738;2015-12-04_05-00-05.422;;-0,153;0,306;9,807;
739;2015-12-04_05-00-05.483;;7,62;-20,46;-34,74;
740;2015-12-04_05-00-05.542;;-0,153;0,306;9,807;
741;2015-12-04_05-00-05.602;;7,62;-20,46;-34,74;
742;2015-12-04_05-00-05.677;;-0,153;0,306;9,807;
743;2015-12-04_05-00-05.722;;7,62;-20,46;-34,74;
744;2015-12-04_05-00-05.783;;-0,153;0,306;9,807;
745;2015-12-04_05-00-05.846;;7,62;-20,46;-34,74;
746;2015-12-04_05-00-05.907;;-0,153;0,306;9,807;
747;2015-12-04_05-00-05.962;;7,62;-20,46;-34,74;
748;2015-12-04_05-00-06.023;;-0,153;0,306;9,807;
749;2015-12-04_05-00-06.095;;7,62;-20,46;-34,74;
750;2015-12-04_05-00-06.144;;-0,153;0,306;9,807;
751;2015-12-04_05-00-06.202;;7,62;-20,46;-34,74;
752;2015-12-04_05-00-06.265;;-0,153;0,306;9,807;
753;2015-12-04_05-00-06.322;;7,62;-20,46;-34,74;
754;2015-12-04_05-00-06.387;;-0,153;0,306;9,807;
755;2015-12-04_05-00-06.443;;7,62;-20,46;-34,74;
756;2015-12-04_05-00-06.502;;-0,153;0,306;9,807;
757;2015-12-04_05-00-06.609;;7,62;-20,46;-34,74;
758;2015-12-04_05-00-06.622;;-0,153;0,306;9,807;
759;2015-12-04_05-00-06.682;;7,62;-20,46;-34,74;
760;2015-12-04_05-00-06.754;;-0,153;0,306;9,807;
761;2015-12-04_05-00-06.808;;7,62;-20,46;-34,74;
762;2015-12-04_05-00-06.862;;-0,153;0,306;9,807;
763;2015-12-04_05-00-06.922;;7,62;-20,46;-34,74;
764;2015-12-04_05-00-06.988;;-0,153;0,306;9,807;
765;2015-12-04_05-00-07.047;;7,62;-20,46;-34,74;
766;2015-12-04_05-00-07.103;;-0,153;0,306;9,807;
767;2015-12-04_05-00-07.188;;7,62;-20,46;-34,74;
768;2015-12-04_05-00-07.227;;-0,153;0,306;9,807;
769;2015-12-04_05-00-07.282;;7,62;-20,46;-34,74;
770;2015-12-04_05-00-07.354;;-0,153;0,306;9,807;
771;2015-12-04_05-00-07.405;;7,62;-20,46;-34,74;
772;2015-12-04_05-00-07.462;;-0,153;0,306;9,807;
773;2015-12-04_05-00-07.524;;7,62;-20,46;-34,74;
774;2015-12-04_05-00-07.582;;-0,153;0,306;9,807;
775;2015-12-04_05-00-07.653;;7,62;-20,46;-34,74;
776;2015-12-04_05-00-07.764;;-0,153;0,306;9,807;
