--- LOG START  --- 
909;2015-12-04_05-03-04.042;;6,24;-21,9;-34,92;
910;2015-12-04_05-03-04.111;;5,1;-22,02;-34,8;
911;2015-12-04_05-03-04.162;;6,24;-21,9;-34,92;
912;2015-12-04_05-03-04.225;;5,1;-22,02;-34,8;
913;2015-12-04_05-03-04.296;;6,24;-21,9;-34,92;
914;2015-12-04_05-03-04.342;;5,1;-22,02;-34,8;
915;2015-12-04_05-03-04.408;;6,24;-21,9;-34,92;
916;2015-12-04_05-03-04.462;;5,1;-22,02;-34,8;
917;2015-12-04_05-03-04.523;;6,24;-21,9;-34,92;
918;2015-12-04_05-03-04.610;;5,1;-22,02;-35,04;
919;2015-12-04_05-03-04.645;;6,24;-21,9;-34,92;
920;2015-12-04_05-03-04.702;;5,28;-22,14;-35,04;
921;2015-12-04_05-03-04.762;;6,24;-21,9;-34,92;
922;2015-12-04_05-03-04.822;;5,28;-22,14;-35,04;
923;2015-12-04_05-03-04.891;;6,24;-21,9;-34,92;
924;2015-12-04_05-03-04.944;;5,28;-22,14;-35,04;
925;2015-12-04_05-03-05.003;;6,24;-21,9;-34,92;
926;2015-12-04_05-03-05.063;;5,28;-22,14;-35,04;
927;2015-12-04_05-03-05.122;;6,24;-21,9;-34,92;
928;2015-12-04_05-03-05.191;;5,28;-22,14;-35,04;
929;2015-12-04_05-03-05.253;;6,24;-21,9;-34,92;
930;2015-12-04_05-03-05.302;;5,28;-22,14;-35,04;
931;2015-12-04_05-03-05.362;;6,24;-21,9;-34,92;
932;2015-12-04_05-03-05.423;;5,28;-22,14;-35,04;
933;2015-12-04_05-03-05.482;;6,24;-21,9;-34,92;
934;2015-12-04_05-03-05.543;;5,28;-22,14;-35,04;
935;2015-12-04_05-03-05.609;;6,24;-21,9;-34,92;
936;2015-12-04_05-03-05.664;;5,28;-22,14;-35,04;
937;2015-12-04_05-03-05.722;;6,24;-21,9;-34,92;
938;2015-12-04_05-03-05.782;;5,28;-22,14;-35,04;
939;2015-12-04_05-03-05.842;;6,24;-21,9;-34,92;
940;2015-12-04_05-03-05.913;;5,28;-22,14;-35,04;
941;2015-12-04_05-03-05.968;;6,24;-21,9;-34,92;
942;2015-12-04_05-03-06.023;;5,28;-22,14;-35,04;
943;2015-12-04_05-03-06.105;;6,24;-21,9;-34,92;
944;2015-12-04_05-03-06.142;;5,28;-22,14;-35,04;
945;2015-12-04_05-03-06.208;;6,24;-21,9;-34,92;
946;2015-12-04_05-03-06.264;;5,28;-22,14;-35,04;
947;2015-12-04_05-03-06.322;;6,24;-21,9;-34,92;
948;2015-12-04_05-03-06.387;;5,28;-22,14;-35,04;
949;2015-12-04_05-03-06.445;;6,24;-21,9;-34,92;
950;2015-12-04_05-03-06.502;;5,28;-22,14;-35,04;
951;2015-12-04_05-03-06.562;;6,24;-21,9;-34,92;
952;2015-12-04_05-03-06.630;;5,28;-22,14;-35,04;
