--- LOG START  --- 
2573;2015-12-04_05-26-11.054;;5,34;-30,18;-48,9;
2574;2015-12-04_05-26-11.126;;1,2;-31,56;-47,22;
2575;2015-12-04_05-26-11.172;;5,34;-30,18;-48,9;
2576;2015-12-04_05-26-11.235;;1,2;-31,56;-47,22;
2577;2015-12-04_05-26-11.292;;5,34;-30,18;-48,9;
2578;2015-12-04_05-26-11.352;;1,2;-31,56;-47,22;
2579;2015-12-04_05-26-11.416;;5,34;-30,18;-48,9;
2580;2015-12-04_05-26-11.475;;1,2;-31,56;-47,22;
2581;2015-12-04_05-26-11.534;;5,34;-30,18;-48,9;
2582;2015-12-04_05-26-11.592;;1,2;-31,56;-47,22;
2583;2015-12-04_05-26-11.652;;5,34;-30,18;-48,9;
2584;2015-12-04_05-26-11.716;;1,2;-31,56;-47,22;
2585;2015-12-04_05-26-11.774;;5,34;-30,18;-48,9;
2586;2015-12-04_05-26-11.833;;1,2;-31,56;-47,22;
2587;2015-12-04_05-26-11.892;;5,34;-30,18;-48,9;
2588;2015-12-04_05-26-11.965;;1,2;-31,56;-47,22;
2589;2015-12-04_05-26-12.022;;5,34;-30,18;-48,9;
2590;2015-12-04_05-26-12.072;;1,2;-31,56;-47,22;
2591;2015-12-04_05-26-12.135;;5,34;-30,18;-48,9;
2592;2015-12-04_05-26-12.209;;1,2;-31,56;-47,22;
2593;2015-12-04_05-26-12.252;;5,34;-30,18;-48,9;
2594;2015-12-04_05-26-12.319;;1,2;-31,56;-47,22;
2595;2015-12-04_05-26-12.372;;5,34;-30,18;-48,9;
2596;2015-12-04_05-26-12.432;;1,2;-31,56;-47,22;
2597;2015-12-04_05-26-12.493;;5,34;-30,18;-48,9;
2598;2015-12-04_05-26-12.552;;1,2;-31,56;-47,22;
2599;2015-12-04_05-26-12.619;;5,34;-30,18;-48,9;
2600;2015-12-04_05-26-12.677;;1,2;-31,56;-47,22;
2601;2015-12-04_05-26-12.734;;5,34;-30,18;-48,9;
2602;2015-12-04_05-26-12.809;;1,2;-31,56;-47,22;
2603;2015-12-04_05-26-12.852;;5,34;-30,18;-48,9;
2604;2015-12-04_05-26-12.932;;1,2;-31,56;-47,22;
2605;2015-12-04_05-26-12.973;;5,34;-30,18;-48,9;
2606;2015-12-04_05-26-13.032;;1,2;-31,56;-47,22;
2607;2015-12-04_05-26-13.103;;5,34;-30,18;-48,9;
2608;2015-12-04_05-26-13.152;;1,2;-31,56;-47,22;
2609;2015-12-04_05-26-13.212;;5,34;-30,18;-48,9;
2610;2015-12-04_05-26-13.287;;1,2;-31,56;-47,22;
2611;2015-12-04_05-26-13.332;;5,34;-30,18;-48,9;
2612;2015-12-04_05-26-13.399;;1,2;-31,56;-47,22;
2613;2015-12-04_05-26-13.452;;5,34;-30,18;-48,9;
2614;2015-12-04_05-26-13.512;;1,2;-31,56;-47,22;
2615;2015-12-04_05-26-13.578;;5,34;-30,18;-48,9;
2616;2015-12-04_05-26-13.632;;1,2;-31,56;-47,22;
2617;2015-12-04_05-26-13.692;;5,34;-30,18;-48,9;
2618;2015-12-04_05-26-13.762;;1,2;-31,56;-47,22;
2619;2015-12-04_05-26-13.812;;5,34;-30,18;-48,9;
2620;2015-12-04_05-26-13.885;;1,2;-31,56;-47,22;
2621;2015-12-04_05-26-13.943;;5,34;-30,18;-48,9;
2622;2015-12-04_05-26-14.011;;1,2;-31,56;-47,22;
2623;2015-12-04_05-26-14.057;;5,34;-30,18;-48,9;
2624;2015-12-04_05-26-14.118;;1,2;-31,56;-47,22;
2625;2015-12-04_05-26-14.177;;5,34;-30,18;-48,9;
2626;2015-12-04_05-26-14.236;;1,2;-31,56;-47,22;
2627;2015-12-04_05-26-14.296;;5,34;-30,18;-48,9;
2628;2015-12-04_05-26-14.356;;1,2;-31,56;-47,22;
