--- LOG START  --- 
1027;2015-12-04_05-05-03.082;;6,48;-21,12;-33,84;
1028;2015-12-04_05-05-03.142;;7,02;-20,82;-34,14;
1029;2015-12-04_05-05-03.202;;6,48;-21,12;-33,84;
1030;2015-12-04_05-05-03.267;;7,02;-20,82;-34,14;
1031;2015-12-04_05-05-03.322;;6,48;-21,12;-33,84;
1032;2015-12-04_05-05-03.393;;7,02;-20,82;-34,14;
1033;2015-12-04_05-05-03.442;;6,48;-21,12;-33,84;
1034;2015-12-04_05-05-03.514;;7,02;-20,82;-34,14;
1035;2015-12-04_05-05-03.572;;6,48;-21,12;-33,84;
1036;2015-12-04_05-05-03.639;;7,02;-20,82;-34,14;
1037;2015-12-04_05-05-03.682;;6,48;-21,12;-33,84;
1038;2015-12-04_05-05-03.743;;7,02;-20,82;-34,14;
1039;2015-12-04_05-05-03.808;;6,48;-21,12;-33,84;
1040;2015-12-04_05-05-03.863;;7,02;-20,82;-34,14;
1041;2015-12-04_05-05-03.924;;6,48;-21,12;-33,84;
1042;2015-12-04_05-05-03.983;;7,02;-20,82;-34,14;
1043;2015-12-04_05-05-04.044;;6,48;-21,12;-33,84;
1044;2015-12-04_05-05-04.118;;7,02;-20,82;-34,14;
1045;2015-12-04_05-05-04.162;;6,48;-21,12;-33,84;
1046;2015-12-04_05-05-04.222;;7,02;-20,82;-34,14;
1047;2015-12-04_05-05-04.282;;6,48;-21,12;-33,84;
1048;2015-12-04_05-05-04.347;;7,02;-20,82;-34,14;
1049;2015-12-04_05-05-04.408;;6,48;-21,12;-33,84;
1050;2015-12-04_05-05-04.462;;7,02;-20,82;-34,14;
1051;2015-12-04_05-05-04.522;;6,48;-21,12;-33,84;
1052;2015-12-04_05-05-04.582;;7,02;-20,82;-34,14;
1053;2015-12-04_05-05-04.642;;6,48;-21,12;-33,84;
1054;2015-12-04_05-05-04.705;;7,02;-20,82;-34,14;
1055;2015-12-04_05-05-04.766;;6,48;-21,12;-33,84;
1056;2015-12-04_05-05-04.831;;7,02;-20,82;-34,14;
1057;2015-12-04_05-05-04.884;;6,48;-21,12;-33,84;
1058;2015-12-04_05-05-04.951;;7,02;-20,82;-34,14;
1059;2015-12-04_05-05-05.004;;6,48;-21,12;-33,84;
1060;2015-12-04_05-05-05.071;;7,02;-20,82;-34,14;
1061;2015-12-04_05-05-05.123;;6,48;-21,12;-33,84;
1062;2015-12-04_05-05-05.186;;7,02;-20,82;-34,14;
1063;2015-12-04_05-05-05.248;;6,48;-21,12;-33,84;
1064;2015-12-04_05-05-05.302;;7,02;-20,82;-34,14;
1065;2015-12-04_05-05-05.375;;6,48;-21,12;-33,84;
1066;2015-12-04_05-05-05.428;;7,02;-20,82;-34,14;
1067;2015-12-04_05-05-05.497;;6,48;-21,12;-33,84;
1068;2015-12-04_05-05-05.542;;7,02;-20,82;-34,14;
1069;2015-12-04_05-05-05.607;;6,48;-21,12;-33,84;
1070;2015-12-04_05-05-05.662;;7,02;-20,82;-34,14;
1071;2015-12-04_05-05-05.740;;6,48;-21,12;-33,84;
