--- LOG START  --- 
2018;2015-12-04_05-19-04.712;;13,8;-25,02;-50,28;
2019;2015-12-04_05-19-04.777;;0;-0,306;9,807;
2020;2015-12-04_05-19-04.837;;13,8;-25,02;-50,28;
2021;2015-12-04_05-19-04.893;;0;-0,306;9,807;
2022;2015-12-04_05-19-04.969;;13,8;-25,02;-50,28;
2023;2015-12-04_05-19-05.012;;0;-0,306;9,807;
2024;2015-12-04_05-19-05.072;;13,8;-25,02;-50,28;
2025;2015-12-04_05-19-05.133;;0;-0,306;9,807;
2026;2015-12-04_05-19-05.195;;13,8;-25,02;-50,28;
2027;2015-12-04_05-19-05.253;;0;-0,306;9,807;
2028;2015-12-04_05-19-05.326;;13,8;-25,02;-50,28;
2029;2015-12-04_05-19-05.372;;0;-0,306;9,807;
2030;2015-12-04_05-19-05.433;;13,8;-25,02;-50,28;
2031;2015-12-04_05-19-05.505;;0;-0,306;9,807;
2032;2015-12-04_05-19-05.552;;13,8;-25,02;-50,28;
2033;2015-12-04_05-19-05.621;;0;-0,306;9,807;
2034;2015-12-04_05-19-05.685;;13,8;-25,02;-50,28;
2035;2015-12-04_05-19-05.735;;0;-0,306;9,807;
2036;2015-12-04_05-19-05.792;;13,8;-25,02;-50,28;
2037;2015-12-04_05-19-05.857;;0;-0,306;9,807;
2038;2015-12-04_05-19-05.912;;13,8;-25,02;-50,28;
2039;2015-12-04_05-19-05.972;;0;-0,306;9,807;
2040;2015-12-04_05-19-06.041;;13,8;-25,02;-50,28;
2041;2015-12-04_05-19-06.092;;0;-0,306;9,807;
2042;2015-12-04_05-19-06.153;;13,8;-25,02;-50,28;
2043;2015-12-04_05-19-06.223;;13,86;-25,92;-55,98;
2044;2015-12-04_05-19-06.272;;13,8;-25,02;-50,28;
2045;2015-12-04_05-19-06.339;;13,86;-25,92;-55,98;
2046;2015-12-04_05-19-06.393;;13,8;-25,02;-50,28;
2047;2015-12-04_05-19-06.452;;13,86;-25,92;-55,98;
2048;2015-12-04_05-19-06.512;;13,8;-25,02;-50,28;
2049;2015-12-04_05-19-06.577;;13,86;-25,92;-55,98;
2050;2015-12-04_05-19-06.635;;13,8;-25,02;-50,28;
2051;2015-12-04_05-19-06.692;;13,86;-25,92;-55,98;
2052;2015-12-04_05-19-06.752;;13,8;-25,02;-50,28;
2053;2015-12-04_05-19-06.834;;13,86;-25,92;-55,98;
2054;2015-12-04_05-19-06.872;;13,8;-25,02;-50,28;
2055;2015-12-04_05-19-06.932;;13,86;-25,92;-55,98;
2056;2015-12-04_05-19-06.992;;13,8;-25,02;-50,28;
2057;2015-12-04_05-19-07.052;;13,86;-25,92;-55,98;
2058;2015-12-04_05-19-07.116;;13,8;-25,02;-50,28;
2059;2015-12-04_05-19-07.173;;13,86;-25,92;-55,98;
2060;2015-12-04_05-19-07.232;;13,8;-25,02;-50,28;
2061;2015-12-04_05-19-07.296;;13,86;-25,92;-55,98;
2062;2015-12-04_05-19-07.352;;13,8;-25,02;-50,28;
2063;2015-12-04_05-19-07.420;;13,86;-25,92;-55,98;
2064;2015-12-04_05-19-07.495;;13,8;-25,02;-50,28;
2065;2015-12-04_05-19-07.532;;13,86;-25,92;-55,98;
2066;2015-12-04_05-19-07.604;;13,8;-25,02;-50,28;
2067;2015-12-04_05-19-07.660;;13,86;-25,92;-55,98;
2068;2015-12-04_05-19-07.713;;13,8;-25,02;-50,28;
2069;2015-12-04_05-19-07.789;;13,86;-25,92;-55,98;
2070;2015-12-04_05-19-07.834;;13,8;-25,02;-50,28;
2071;2015-12-04_05-19-07.892;;13,86;-25,92;-55,98;
2072;2015-12-04_05-19-07.952;;13,8;-25,02;-50,28;
2073;2015-12-04_05-19-08.012;;13,86;-25,92;-55,98;
2074;2015-12-04_05-19-08.081;;13,8;-25,02;-50,28;
2075;2015-12-04_05-19-08.152;;13,86;-25,92;-55,98;
