--- LOG START  --- 
845;2015-12-04_05-01-07.224;;8,1;-20,64;-34,86;
846;2015-12-04_05-01-07.291;;7,62;-20,4;-34,62;
847;2015-12-04_05-01-08.242;;8,1;-20,64;-34,86;
848;2015-12-04_05-01-08.307;;7,62;-20,4;-34,62;
855;2015-12-04_05-02-02.794;;8,28;-20,52;-35,1;
856;2015-12-04_05-02-02.842;;7,02;-21,12;-35,28;
857;2015-12-04_05-02-02.925;;8,28;-20,52;-35,1;
858;2015-12-04_05-02-02.964;;7,02;-21,12;-35,28;
859;2015-12-04_05-02-03.022;;8,28;-20,52;-35,1;
860;2015-12-04_05-02-03.093;;7,02;-21,12;-35,28;
861;2015-12-04_05-02-03.142;;8,28;-20,52;-35,1;
862;2015-12-04_05-02-03.202;;7,02;-21,12;-35,28;
863;2015-12-04_05-02-03.264;;8,28;-20,52;-35,1;
864;2015-12-04_05-02-03.323;;7,02;-21,12;-35,28;
865;2015-12-04_05-02-03.388;;8,28;-20,52;-35,1;
866;2015-12-04_05-02-03.443;;7,02;-21,12;-35,28;
867;2015-12-04_05-02-03.502;;8,28;-20,52;-35,1;
868;2015-12-04_05-02-03.562;;7,02;-21,12;-35,28;
869;2015-12-04_05-02-03.622;;8,28;-20,52;-35,1;
870;2015-12-04_05-02-03.682;;7,02;-21,12;-35,28;
871;2015-12-04_05-02-03.803;;8,28;-20,52;-35,1;
872;2015-12-04_05-02-03.863;;7,02;-21,12;-35,28;
873;2015-12-04_05-02-03.923;;8,28;-20,52;-35,1;
874;2015-12-04_05-02-03.985;;7,02;-21,12;-35,28;
875;2015-12-04_05-02-04.049;;8,28;-20,52;-35,1;
876;2015-12-04_05-02-04.103;;7,02;-21,12;-35,28;
877;2015-12-04_05-02-04.168;;8,28;-20,52;-35,1;
878;2015-12-04_05-02-04.226;;7,02;-21,12;-35,28;
879;2015-12-04_05-02-04.282;;8,28;-20,52;-35,1;
880;2015-12-04_05-02-04.345;;7,02;-21,12;-35,28;
881;2015-12-04_05-02-04.405;;8,28;-20,52;-35,1;
882;2015-12-04_05-02-04.462;;7,02;-21,12;-35,28;
883;2015-12-04_05-02-04.522;;8,28;-20,52;-35,1;
884;2015-12-04_05-02-04.583;;7,02;-21,12;-35,28;
885;2015-12-04_05-02-04.650;;8,28;-20,52;-35,1;
886;2015-12-04_05-02-04.702;;7,02;-21,12;-35,28;
887;2015-12-04_05-02-04.763;;8,28;-20,52;-35,1;
888;2015-12-04_05-02-04.834;;7,02;-21,12;-35,28;
889;2015-12-04_05-02-04.890;;8,28;-20,52;-35,1;
890;2015-12-04_05-02-04.942;;7,02;-21,12;-35,28;
891;2015-12-04_05-02-05.002;;8,28;-20,52;-35,1;
892;2015-12-04_05-02-05.062;;7,02;-21,12;-35,28;
893;2015-12-04_05-02-05.134;;8,28;-20,52;-35,1;
894;2015-12-04_05-02-05.194;;7,02;-21,12;-35,28;
895;2015-12-04_05-02-05.243;;8,28;-20,52;-35,1;
896;2015-12-04_05-02-05.302;;7,02;-21,12;-35,28;
897;2015-12-04_05-02-05.362;;8,28;-20,52;-35,1;
898;2015-12-04_05-02-05.430;;7,02;-21,12;-35,28;
899;2015-12-04_05-02-05.493;;8,28;-20,52;-35,1;
900;2015-12-04_05-02-05.543;;7,02;-21,12;-35,28;
