--- LOG START  --- 
461;2015-12-04_04-55-08.366;;8,1;-20,46;-35,46;
462;2015-12-04_04-55-08.428;;7,38;-19,32;-35,94;
463;2015-12-04_04-55-08.731;;8,1;-20,46;-35,46;
464;2015-12-04_04-55-08.783;;7,38;-19,32;-35,94;
465;2015-12-04_04-55-10.164;;8,1;-20,46;-35,46;
466;2015-12-04_04-55-10.226;;7,38;-19,32;-35,94;
471;2015-12-04_04-56-05.302;;8,76;-19,44;-35,94;
472;2015-12-04_04-56-05.363;;8,28;-19,32;-35,76;
473;2015-12-04_04-56-05.483;;8,76;-19,44;-35,94;
474;2015-12-04_04-56-05.546;;8,28;-19,32;-35,76;
475;2015-12-04_04-56-05.602;;8,76;-19,44;-35,94;
476;2015-12-04_04-56-05.673;;8,28;-19,32;-35,76;
477;2015-12-04_04-56-05.722;;8,76;-19,44;-35,94;
478;2015-12-04_04-56-05.783;;8,28;-19,32;-35,76;
479;2015-12-04_04-56-05.842;;8,76;-19,44;-35,94;
480;2015-12-04_04-56-05.902;;8,28;-19,32;-35,76;
481;2015-12-04_04-56-05.972;;8,76;-19,44;-35,94;
482;2015-12-04_04-56-06.028;;8,28;-19,32;-35,76;
483;2015-12-04_04-56-06.082;;8,76;-19,44;-35,94;
484;2015-12-04_04-56-06.143;;8,28;-19,32;-35,76;
485;2015-12-04_04-56-06.202;;8,76;-19,44;-35,94;
486;2015-12-04_04-56-06.274;;8,28;-19,32;-35,76;
487;2015-12-04_04-56-06.323;;8,76;-19,44;-35,94;
488;2015-12-04_04-56-06.388;;8,28;-19,32;-35,76;
489;2015-12-04_04-56-06.442;;8,76;-19,44;-35,94;
490;2015-12-04_04-56-06.502;;8,28;-19,32;-35,76;
491;2015-12-04_04-56-06.571;;8,76;-19,44;-35,94;
492;2015-12-04_04-56-06.630;;8,28;-19,32;-35,76;
493;2015-12-04_04-56-06.684;;8,76;-19,44;-35,94;
494;2015-12-04_04-56-06.742;;8,28;-19,32;-35,76;
495;2015-12-04_04-56-06.803;;8,76;-19,44;-35,94;
496;2015-12-04_04-56-06.870;;8,28;-19,32;-35,76;
497;2015-12-04_04-56-06.922;;8,76;-19,44;-35,94;
498;2015-12-04_04-56-07.062;;8,28;-19,32;-35,76;
499;2015-12-04_04-56-07.120;;8,76;-19,44;-35,94;
500;2015-12-04_04-56-07.162;;8,28;-19,32;-35,76;
501;2015-12-04_04-56-07.222;;8,76;-19,44;-35,94;
502;2015-12-04_04-56-07.282;;7,86;-19,38;-35,52;
503;2015-12-04_04-56-07.353;;8,76;-19,44;-35,94;
504;2015-12-04_04-56-07.407;;7,86;-19,38;-35,52;
505;2015-12-04_04-56-07.462;;8,76;-19,44;-35,94;
506;2015-12-04_04-56-07.522;;7,86;-19,38;-35,52;
507;2015-12-04_04-56-07.582;;8,76;-19,44;-35,94;
508;2015-12-04_04-56-07.652;;7,86;-19,38;-35,52;
509;2015-12-04_04-56-07.716;;8,76;-19,44;-35,94;
510;2015-12-04_04-56-07.763;;7,86;-19,38;-35,52;
511;2015-12-04_04-56-07.822;;8,76;-19,44;-35,94;
512;2015-12-04_04-56-07.900;;7,86;-19,38;-35,52;
513;2015-12-04_04-56-07.946;;8,76;-19,44;-35,94;
514;2015-12-04_04-56-08.002;;7,86;-19,38;-35,52;
515;2015-12-04_04-56-08.065;;8,76;-19,44;-35,94;
516;2015-12-04_04-56-08.130;;7,86;-19,38;-35,52;
517;2015-12-04_04-56-08.189;;8,76;-19,44;-35,94;
518;2015-12-04_04-56-08.249;;7,86;-19,38;-35,52;
519;2015-12-04_04-56-08.303;;8,76;-19,44;-35,94;
520;2015-12-04_04-56-08.362;;7,86;-19,38;-35,52;
521;2015-12-04_04-56-08.423;;8,76;-19,44;-35,94;
522;2015-12-04_04-56-08.487;;7,86;-19,38;-35,52;
523;2015-12-04_04-56-08.543;;8,76;-19,44;-35,94;
524;2015-12-04_04-56-08.676;;7,86;-19,38;-35,52;
525;2015-12-04_04-56-08.722;;8,76;-19,44;-35,94;
526;2015-12-04_04-56-08.784;;7,86;-19,38;-35,52;
