--- LOG START  --- 
1203;2015-12-04_05-08-03.512;;4,74;-20,76;-34,2;
1204;2015-12-04_05-08-03.576;;1,86;-20,34;-34,02;
1205;2015-12-04_05-08-03.636;;4,74;-20,76;-34,2;
1206;2015-12-04_05-08-03.692;;1,86;-20,34;-34,02;
1207;2015-12-04_05-08-03.755;;4,74;-20,76;-34,2;
1208;2015-12-04_05-08-03.816;;1,86;-20,34;-34,02;
1209;2015-12-04_05-08-03.872;;4,74;-20,76;-34,2;
1210;2015-12-04_05-08-03.944;;1,86;-20,34;-34,02;
1211;2015-12-04_05-08-04.008;;4,74;-20,76;-34,2;
1212;2015-12-04_05-08-04.052;;1,86;-20,34;-34,02;
1213;2015-12-04_05-08-04.112;;4,74;-20,76;-34,2;
1214;2015-12-04_05-08-04.172;;1,86;-20,34;-34,02;
1215;2015-12-04_05-08-04.243;;4,74;-20,76;-34,2;
1216;2015-12-04_05-08-04.294;;1,86;-20,34;-34,02;
1217;2015-12-04_05-08-04.353;;4,74;-20,76;-34,2;
1218;2015-12-04_05-08-04.412;;1,86;-20,34;-34,02;
1219;2015-12-04_05-08-04.472;;4,74;-20,76;-34,2;
1220;2015-12-04_05-08-04.554;;1,86;-20,34;-34,02;
1221;2015-12-04_05-08-04.607;;4,74;-20,76;-34,2;
1222;2015-12-04_05-08-04.652;;1,86;-20,34;-34,02;
1223;2015-12-04_05-08-04.713;;4,74;-20,76;-34,2;
1224;2015-12-04_05-08-04.779;;1,86;-20,34;-34,02;
1225;2015-12-04_05-08-04.832;;4,74;-20,76;-34,2;
1226;2015-12-04_05-08-04.892;;1,86;-20,34;-34,02;
1227;2015-12-04_05-08-04.952;;4,74;-20,76;-34,2;
1228;2015-12-04_05-08-05.012;;1,86;-20,34;-34,02;
1229;2015-12-04_05-08-05.078;;4,74;-20,76;-34,2;
1230;2015-12-04_05-08-05.132;;1,86;-20,34;-34,02;
1231;2015-12-04_05-08-05.192;;4,74;-20,76;-34,2;
1232;2015-12-04_05-08-05.252;;4,74;-20,76;-34,2;
1233;2015-12-04_05-08-05.317;;1,86;-20,34;-34,02;
1234;2015-12-04_05-08-05.375;;4,74;-20,76;-34,2;
1235;2015-12-04_05-08-05.442;;1,86;-20,34;-34,02;
1236;2015-12-04_05-08-05.492;;4,74;-20,76;-34,2;
1237;2015-12-04_05-08-05.569;;1,86;-20,34;-34,02;
1238;2015-12-04_05-08-05.617;;4,74;-20,76;-34,2;
1239;2015-12-04_05-08-05.674;;1,86;-20,34;-34,02;
1240;2015-12-04_05-08-05.745;;4,74;-20,76;-34,2;
1241;2015-12-04_05-08-05.792;;1,86;-20,34;-34,02;
1242;2015-12-04_05-08-05.852;;4,74;-20,76;-34,2;
1243;2015-12-04_05-08-05.913;;1,86;-20,34;-34,02;
1244;2015-12-04_05-08-05.973;;4,74;-20,76;-34,2;
1245;2015-12-04_05-08-06.041;;1,86;-20,34;-34,02;
1246;2015-12-04_05-08-06.096;;4,74;-20,76;-34,2;
1247;2015-12-04_05-08-06.152;;1,86;-20,34;-34,02;
1248;2015-12-04_05-08-06.217;;4,74;-20,76;-34,2;
1249;2015-12-04_05-08-06.272;;1,86;-20,34;-34,02;
1250;2015-12-04_05-08-06.341;;4,74;-20,76;-34,2;
1251;2015-12-04_05-08-06.404;;1,86;-20,34;-34,02;
1252;2015-12-04_05-08-06.452;;4,74;-20,76;-34,2;
1253;2015-12-04_05-08-06.534;;1,86;-20,34;-34,02;
