--- LOG START  --- 
408;2015-12-04_04-55-05.182;;11,28;-19,62;-36,12;
409;2015-12-04_04-55-05.242;;2,451;-0,459;9,807;
410;2015-12-04_04-55-05.315;;11,28;-19,62;-36,12;
411;2015-12-04_04-55-05.362;;2,451;-0,459;9,807;
412;2015-12-04_04-55-05.427;;11,28;-19,62;-36,12;
413;2015-12-04_04-55-05.507;;2,451;-0,459;9,807;
414;2015-12-04_04-55-05.542;;11,28;-19,62;-36,12;
415;2015-12-04_04-55-05.603;;2,451;-0,459;9,807;
416;2015-12-04_04-55-05.662;;11,28;-19,62;-36,12;
417;2015-12-04_04-55-05.724;;2,451;-0,459;9,807;
418;2015-12-04_04-55-05.782;;11,28;-19,62;-36,12;
419;2015-12-04_04-55-05.851;;2,451;-0,459;9,807;
420;2015-12-04_04-55-05.902;;11,28;-19,62;-36,12;
421;2015-12-04_04-55-05.963;;2,451;-0,459;9,807;
422;2015-12-04_04-55-06.023;;11,28;-19,62;-36,12;
423;2015-12-04_04-55-06.084;;2,451;-0,459;9,807;
424;2015-12-04_04-55-06.149;;11,28;-19,62;-36,12;
425;2015-12-04_04-55-06.202;;2,451;-0,459;9,807;
426;2015-12-04_04-55-06.263;;11,28;-19,62;-36,12;
427;2015-12-04_04-55-06.322;;10,14;-19,74;-36,36;
428;2015-12-04_04-55-06.383;;0;-0,306;9,96;
429;2015-12-04_04-55-06.462;;10,14;-19,74;-36,36;
430;2015-12-04_04-55-06.505;;0;-0,306;9,96;
431;2015-12-04_04-55-06.562;;10,14;-19,74;-36,36;
432;2015-12-04_04-55-06.645;;0;-0,306;9,96;
433;2015-12-04_04-55-06.683;;10,14;-19,74;-36,36;
434;2015-12-04_04-55-06.743;;0;-0,306;9,96;
435;2015-12-04_04-55-06.813;;10,14;-19,74;-36,36;
436;2015-12-04_04-55-06.862;;0;-0,306;9,96;
437;2015-12-04_04-55-06.928;;10,14;-19,74;-36,36;
438;2015-12-04_04-55-06.983;;0;-0,306;9,96;
439;2015-12-04_04-55-07.042;;10,14;-19,74;-36,36;
440;2015-12-04_04-55-07.112;;0;-0,306;9,96;
441;2015-12-04_04-55-07.177;;10,14;-19,74;-36,36;
442;2015-12-04_04-55-07.223;;0;-0,306;9,96;
443;2015-12-04_04-55-07.296;;10,14;-19,74;-36,36;
444;2015-12-04_04-55-07.355;;0;-0,306;9,96;
445;2015-12-04_04-55-07.403;;10,14;-19,74;-36,36;
446;2015-12-04_04-55-07.464;;0;-0,306;9,96;
447;2015-12-04_04-55-07.522;;10,14;-19,74;-36,36;
448;2015-12-04_04-55-07.592;;0;-0,306;9,96;
449;2015-12-04_04-55-07.642;;10,14;-19,74;-36,36;
450;2015-12-04_04-55-07.702;;0;-0,306;9,96;
451;2015-12-04_04-55-07.762;;10,14;-19,74;-36,36;
452;2015-12-04_04-55-07.836;;0;-0,306;9,96;
453;2015-12-04_04-55-07.889;;10,14;-19,74;-36,36;
454;2015-12-04_04-55-07.942;;0;-0,306;9,96;
455;2015-12-04_04-55-08.002;;10,14;-19,74;-36,36;
456;2015-12-04_04-55-08.063;;0;-0,306;9,96;
457;2015-12-04_04-55-08.139;;10,14;-19,74;-36,36;
458;2015-12-04_04-55-08.187;;0;-0,306;9,96;
459;2015-12-04_04-55-08.243;;10,14;-19,74;-36,36;
460;2015-12-04_04-55-08.303;;0;-0,306;9,96;
