--- LOG START  --- 
1477;2015-12-04_05-12-03.573;;0,84;-19,62;-33,6;
1478;2015-12-04_05-12-03.634;;3,3;-21,18;-33,9;
1479;2015-12-04_05-12-03.712;;0,84;-19,62;-33,6;
1480;2015-12-04_05-12-03.755;;3,3;-21,18;-33,9;
1481;2015-12-04_05-12-03.822;;0,84;-19,62;-33,6;
1482;2015-12-04_05-12-03.872;;3,3;-21,18;-33,9;
1483;2015-12-04_05-12-03.933;;0,84;-19,62;-33,6;
1484;2015-12-04_05-12-04.003;;3,3;-21,18;-33,9;
1485;2015-12-04_05-12-04.052;;0,84;-19,62;-33,6;
1486;2015-12-04_05-12-04.120;;3,3;-21,18;-33,9;
1487;2015-12-04_05-12-04.174;;0,84;-19,62;-33,6;
1488;2015-12-04_05-12-04.232;;3,3;-21,18;-33,9;
1489;2015-12-04_05-12-04.303;;0,84;-19,62;-33,6;
1490;2015-12-04_05-12-04.353;;3,3;-21,18;-33,9;
1491;2015-12-04_05-12-04.412;;0,84;-19,62;-33,6;
1492;2015-12-04_05-12-04.474;;3,3;-21,18;-33,9;
1493;2015-12-04_05-12-04.532;;0,84;-19,62;-33,6;
1494;2015-12-04_05-12-04.599;;3,3;-21,18;-33,9;
1495;2015-12-04_05-12-04.657;;0,84;-19,62;-33,6;
1496;2015-12-04_05-12-04.713;;3,3;-21,18;-33,9;
1497;2015-12-04_05-12-04.796;;0,84;-19,62;-33,6;
1498;2015-12-04_05-12-04.836;;3,3;-21,18;-33,9;
1499;2015-12-04_05-12-04.892;;0,84;-19,62;-33,6;
1500;2015-12-04_05-12-04.952;;3,3;-21,18;-33,9;
1501;2015-12-04_05-12-05.012;;0,84;-19,62;-33,6;
1502;2015-12-04_05-12-05.072;;3,3;-21,18;-33,9;
1503;2015-12-04_05-12-05.133;;0,84;-19,62;-33,6;
1504;2015-12-04_05-12-05.202;;3,3;-21,18;-33,9;
1505;2015-12-04_05-12-05.252;;0,84;-19,62;-33,6;
1506;2015-12-04_05-12-05.312;;3,3;-21,18;-33,9;
1507;2015-12-04_05-12-05.372;;0,84;-19,62;-33,6;
1508;2015-12-04_05-12-05.432;;3,3;-21,18;-33,9;
1509;2015-12-04_05-12-05.496;;0,84;-19,62;-33,6;
1510;2015-12-04_05-12-05.553;;3,3;-21,18;-33,9;
1511;2015-12-04_05-12-05.612;;0,84;-19,62;-33,6;
1512;2015-12-04_05-12-05.673;;3,3;-21,18;-33,9;
1513;2015-12-04_05-12-05.732;;0,84;-19,62;-33,6;
1514;2015-12-04_05-12-05.799;;3,3;-21,18;-33,9;
1515;2015-12-04_05-12-05.858;;0,84;-19,62;-33,6;
1516;2015-12-04_05-12-05.912;;3,3;-21,18;-33,9;
1517;2015-12-04_05-12-05.972;;0,84;-19,62;-33,6;
1518;2015-12-04_05-12-06.033;;3,3;-21,18;-33,9;
1519;2015-12-04_05-12-06.097;;0,84;-19,62;-33,6;
1520;2015-12-04_05-12-06.158;;3,3;-21,18;-33,9;
1521;2015-12-04_05-12-06.216;;0,84;-19,62;-33,6;
1522;2015-12-04_05-12-06.294;;3,3;-21,18;-33,9;
1523;2015-12-04_05-12-06.346;;0,84;-19,62;-33,6;
