--- LOG START  --- 
2306;2015-12-04_05-22-07.000;;4,32;-24,36;-53,82;
2307;2015-12-04_05-22-07.057;;4,5;-24,6;-54;
2308;2015-12-04_05-22-07.113;;4,32;-24,36;-53,82;
2309;2015-12-04_05-22-07.185;;4,5;-24,6;-54;
2310;2015-12-04_05-22-07.232;;4,32;-24,36;-53,82;
2311;2015-12-04_05-22-07.297;;4,5;-24,6;-54;
2312;2015-12-04_05-22-07.354;;4,32;-24,36;-53,82;
2323;2015-12-04_05-23-05.312;;3,66;-15,24;-54,42;
2324;2015-12-04_05-23-05.374;;0;-0,306;9,807;
2325;2015-12-04_05-23-05.437;;3,66;-15,24;-54,42;
2326;2015-12-04_05-23-05.495;;0;-0,306;9,807;
2327;2015-12-04_05-23-05.552;;3,66;-15,24;-54,42;
2328;2015-12-04_05-23-05.612;;0;-0,306;9,807;
2329;2015-12-04_05-23-05.677;;3,66;-15,24;-54,42;
2330;2015-12-04_05-23-05.732;;0;-0,306;9,807;
2331;2015-12-04_05-23-05.792;;3,66;-15,24;-54,42;
2332;2015-12-04_05-23-05.852;;0;-0,306;9,807;
2333;2015-12-04_05-23-05.921;;3,66;-15,24;-54,42;
2334;2015-12-04_05-23-05.972;;0;-0,306;9,807;
2335;2015-12-04_05-23-06.032;;3,66;-15,24;-54,42;
2336;2015-12-04_05-23-06.092;;0;-0,306;9,807;
2337;2015-12-04_05-23-06.158;;3,66;-15,24;-54,42;
2338;2015-12-04_05-23-06.212;;0;-0,306;9,807;
2339;2015-12-04_05-23-06.272;;3,66;-15,24;-54,42;
2340;2015-12-04_05-23-06.332;;0;-0,306;9,807;
2341;2015-12-04_05-23-06.394;;3,66;-15,24;-54,42;
2342;2015-12-04_05-23-06.473;;0;-0,306;9,807;
2343;2015-12-04_05-23-06.512;;3,66;-15,24;-54,42;
2344;2015-12-04_05-23-06.572;;0;-0,306;9,807;
2345;2015-12-04_05-23-06.632;;3,66;-15,24;-54,42;
2346;2015-12-04_05-23-06.710;;0;-0,306;9,807;
2347;2015-12-04_05-23-06.772;;3,66;-15,24;-54,42;
2348;2015-12-04_05-23-06.812;;3,66;-15,24;-54,42;
2349;2015-12-04_05-23-06.873;;0;-0,306;9,807;
2350;2015-12-04_05-23-06.945;;3,66;-15,24;-54,42;
2351;2015-12-04_05-23-06.995;;0;-0,306;9,807;
2352;2015-12-04_05-23-07.052;;3,66;-15,24;-54,42;
2353;2015-12-04_05-23-07.114;;0;-0,306;9,807;
2354;2015-12-04_05-23-07.172;;3,66;-15,24;-54,42;
2355;2015-12-04_05-23-07.241;;0;-0,306;9,807;
2356;2015-12-04_05-23-07.292;;3,66;-15,24;-54,42;
2357;2015-12-04_05-23-07.353;;0;-0,306;9,807;
2358;2015-12-04_05-23-07.413;;3,66;-15,24;-54,42;
2359;2015-12-04_05-23-07.472;;0;-0,306;9,807;
2360;2015-12-04_05-23-07.542;;3,66;-15,24;-54,42;
2361;2015-12-04_05-23-07.593;;0;-0,306;9,807;
2362;2015-12-04_05-23-07.653;;3,66;-15,24;-54,42;
2363;2015-12-04_05-23-07.720;;0;-0,306;9,807;
2364;2015-12-04_05-23-07.772;;3,66;-15,24;-54,42;
2365;2015-12-04_05-23-07.834;;0;-0,306;9,807;
2366;2015-12-04_05-23-07.894;;3,66;-15,24;-54,42;
2367;2015-12-04_05-23-07.952;;0;-0,306;9,807;
2368;2015-12-04_05-23-08.012;;3,66;-15,24;-54,42;
2369;2015-12-04_05-23-08.075;;0;-0,306;9,807;
2370;2015-12-04_05-23-08.136;;3,66;-15,24;-54,42;
2371;2015-12-04_05-23-08.195;;0;-0,306;9,807;
2372;2015-12-04_05-23-08.258;;3,66;-15,24;-54,42;
2373;2015-12-04_05-23-08.328;;0;-0,306;9,807;
2374;2015-12-04_05-23-08.378;;3,66;-15,24;-54,42;
2375;2015-12-04_05-23-08.432;;0;-0,306;9,807;
2376;2015-12-04_05-23-08.497;;3,66;-15,24;-54,42;
2377;2015-12-04_05-23-08.552;;0;-0,306;9,807;
2378;2015-12-04_05-23-08.614;;3,66;-15,24;-54,42;
2379;2015-12-04_05-23-08.687;;0;-0,306;9,807;
2380;2015-12-04_05-23-08.793;;3,66;-15,24;-54,42;
2381;2015-12-04_05-23-08.872;;0;-0,306;9,807;
