--- LOG START  --- 
1532;2015-12-04_05-13-04.244;;-0,153;-0,459;9,807;
1533;2015-12-04_05-13-04.299;;0,72;-21,72;-34,14;
1534;2015-12-04_05-13-04.352;;-0,153;-0,459;9,807;
1535;2015-12-04_05-13-04.422;;0,72;-21,72;-34,14;
1536;2015-12-04_05-13-04.473;;-0,153;-0,459;9,807;
1537;2015-12-04_05-13-04.541;;0,72;-21,72;-34,14;
1538;2015-12-04_05-13-04.592;;-0,153;-0,459;9,807;
1539;2015-12-04_05-13-04.652;;0,72;-21,72;-34,14;
1540;2015-12-04_05-13-04.730;;-0,153;-0,459;9,807;
1541;2015-12-04_05-13-04.775;;0,72;-21,72;-34,14;
1542;2015-12-04_05-13-04.832;;-0,153;-0,459;9,807;
1543;2015-12-04_05-13-04.892;;0,72;-21,72;-34,14;
1544;2015-12-04_05-13-04.952;;-0,153;-0,459;9,807;
1545;2015-12-04_05-13-05.022;;0,72;-21,72;-34,14;
1546;2015-12-04_05-13-05.073;;-0,153;-0,459;9,807;
1547;2015-12-04_05-13-05.132;;0,72;-21,72;-34,14;
1548;2015-12-04_05-13-05.192;;-0,153;-0,459;9,807;
1549;2015-12-04_05-13-05.252;;0,72;-21,72;-34,14;
1550;2015-12-04_05-13-05.319;;-0,153;-0,459;9,807;
1551;2015-12-04_05-13-05.416;;0,72;-21,72;-34,14;
1552;2015-12-04_05-13-05.434;;-0,153;-0,459;9,807;
1553;2015-12-04_05-13-05.493;;0,72;-21,72;-34,14;
1554;2015-12-04_05-13-05.552;;-0,153;-0,459;9,807;
1555;2015-12-04_05-13-05.612;;0,72;-21,72;-34,14;
1556;2015-12-04_05-13-05.672;;-0,153;-0,459;9,807;
1557;2015-12-04_05-13-05.745;;0,72;-21,72;-34,14;
1558;2015-12-04_05-13-05.792;;-0,153;-0,459;9,807;
1559;2015-12-04_05-13-05.852;;0,72;-21,72;-34,14;
1560;2015-12-04_05-13-05.934;;-0,153;-0,459;9,807;
1561;2015-12-04_05-13-05.972;;0,72;-21,72;-34,14;
1562;2015-12-04_05-13-06.034;;-0,153;-0,459;9,807;
1563;2015-12-04_05-13-06.092;;0,72;-21,72;-34,14;
1564;2015-12-04_05-13-06.152;;-0,153;-0,459;9,807;
1565;2015-12-04_05-13-06.219;;0,72;-21,72;-34,14;
1566;2015-12-04_05-13-06.273;;-0,153;-0,459;9,807;
1567;2015-12-04_05-13-06.332;;0,72;-21,72;-34,14;
1568;2015-12-04_05-13-06.418;;-0,153;-0,459;9,807;
1569;2015-12-04_05-13-06.471;;0,72;-21,72;-34,14;
1570;2015-12-04_05-13-06.512;;-0,153;-0,459;9,807;
1571;2015-12-04_05-13-06.581;;0,72;-21,72;-34,14;
1572;2015-12-04_05-13-06.632;;-0,153;-0,459;9,807;
1573;2015-12-04_05-13-06.698;;0,72;-21,72;-34,14;
1574;2015-12-04_05-13-06.752;;-0,153;-0,459;9,807;
1575;2015-12-04_05-13-06.812;;0,72;-21,72;-34,14;
1576;2015-12-04_05-13-06.884;;-0,153;-0,459;9,807;
1577;2015-12-04_05-13-06.943;;0,72;-21,72;-34,14;
1578;2015-12-04_05-13-06.996;;-0,153;-0,459;9,807;
1579;2015-12-04_05-13-07.052;;0,72;-21,72;-34,14;
1580;2015-12-04_05-13-07.112;;-0,153;-0,459;9,807;
1581;2015-12-04_05-13-07.185;;0,72;-21,72;-34,14;
1582;2015-12-04_05-13-07.245;;-0,153;-0,459;9,807;
1583;2015-12-04_05-13-07.293;;0,72;-21,72;-34,14;
1584;2015-12-04_05-13-07.352;;-0,153;-0,459;9,807;
1585;2015-12-04_05-13-07.415;;0,72;-21,72;-34,14;
1586;2015-12-04_05-13-07.478;;-0,153;-0,459;9,807;
1587;2015-12-04_05-13-07.532;;0,72;-21,72;-34,14;
1588;2015-12-04_05-13-07.592;;-0,153;-0,459;9,807;
1589;2015-12-04_05-13-07.657;;0,72;-21,72;-34,14;
1590;2015-12-04_05-13-07.732;;-0,153;-0,459;9,807;
