--- LOG START  --- 
1931;2015-12-04_05-17-07.113;;0,66;-29,16;-53,16;
1932;2015-12-04_05-17-07.172;;1,38;-29,88;-52,56;
1952;2015-12-04_05-18-08.087;;5,46;-26,22;-52,56;
1953;2015-12-04_05-18-08.132;;5,04;-25,98;-55,44;
1954;2015-12-04_05-18-08.196;;5,46;-26,22;-52,56;
1955;2015-12-04_05-18-08.253;;5,04;-25,98;-55,44;
1956;2015-12-04_05-18-08.318;;5,46;-26,22;-52,56;
1957;2015-12-04_05-18-08.381;;5,04;-25,98;-55,44;
1958;2015-12-04_05-18-08.434;;5,46;-26,22;-52,56;
1959;2015-12-04_05-18-08.493;;5,04;-25,98;-55,44;
1960;2015-12-04_05-18-08.557;;5,46;-26,22;-52,56;
1961;2015-12-04_05-18-08.617;;5,04;-25,98;-55,44;
1962;2015-12-04_05-18-08.672;;5,46;-26,22;-52,56;
1963;2015-12-04_05-18-08.744;;5,04;-25,98;-55,44;
1964;2015-12-04_05-18-08.799;;5,46;-26,22;-52,56;
1965;2015-12-04_05-18-08.853;;5,04;-25,98;-55,44;
1966;2015-12-04_05-18-08.912;;5,46;-26,22;-52,56;
1967;2015-12-04_05-18-08.972;;5,04;-25,98;-55,44;
1968;2015-12-04_05-18-09.036;;5,46;-26,22;-52,56;
1969;2015-12-04_05-18-09.093;;5,04;-25,98;-55,44;
1970;2015-12-04_05-18-09.162;;5,46;-26,22;-52,56;
1971;2015-12-04_05-18-09.213;;5,04;-25,98;-55,44;
1972;2015-12-04_05-18-09.285;;5,46;-26,22;-52,56;
1973;2015-12-04_05-18-09.336;;5,04;-25,98;-55,44;
1974;2015-12-04_05-18-09.392;;5,46;-26,22;-52,56;
1975;2015-12-04_05-18-09.452;;5,04;-25,98;-55,44;
1976;2015-12-04_05-18-09.513;;5,46;-26,22;-52,56;
1977;2015-12-04_05-18-09.579;;5,04;-25,98;-55,44;
1978;2015-12-04_05-18-09.635;;5,46;-26,22;-52,56;
1979;2015-12-04_05-18-09.693;;5,04;-25,98;-55,44;
1980;2015-12-04_05-18-09.752;;5,46;-26,22;-52,56;
1981;2015-12-04_05-18-09.826;;5,04;-25,98;-55,44;
1982;2015-12-04_05-18-09.878;;5,46;-26,22;-52,56;
1983;2015-12-04_05-18-09.934;;5,04;-25,98;-55,44;
1984;2015-12-04_05-18-09.992;;5,46;-26,22;-52,56;
1985;2015-12-04_05-18-10.052;;5,04;-25,98;-55,44;
1986;2015-12-04_05-18-10.113;;5,46;-26,22;-52,56;
1987;2015-12-04_05-18-10.181;;5,04;-25,98;-55,44;
1988;2015-12-04_05-18-10.237;;5,46;-26,22;-52,56;
1989;2015-12-04_05-18-10.292;;5,04;-25,98;-55,44;
1990;2015-12-04_05-18-10.374;;5,46;-26,22;-52,56;
1991;2015-12-04_05-18-10.412;;5,04;-25,98;-55,44;
1992;2015-12-04_05-18-10.472;;5,46;-26,22;-52,56;
1993;2015-12-04_05-18-10.533;;5,04;-25,98;-55,44;
1994;2015-12-04_05-18-10.594;;5,46;-26,22;-52,56;
1995;2015-12-04_05-18-10.669;;5,04;-25,98;-55,44;
1996;2015-12-04_05-18-10.715;;5,46;-26,22;-52,56;
1997;2015-12-04_05-18-10.772;;5,04;-25,98;-55,44;
1998;2015-12-04_05-18-10.850;;5,46;-26,22;-52,56;
1999;2015-12-04_05-18-10.894;;5,04;-25,98;-55,44;
2000;2015-12-04_05-18-10.952;;5,46;-26,22;-52,56;
2001;2015-12-04_05-18-11.019;;5,04;-25,98;-55,44;
2002;2015-12-04_05-18-11.072;;5,46;-26,22;-52,56;
2003;2015-12-04_05-18-11.132;;5,04;-25,98;-55,44;
2004;2015-12-04_05-18-11.194;;5,46;-26,22;-52,56;
2005;2015-12-04_05-18-11.252;;5,04;-25,98;-55,44;
2006;2015-12-04_05-18-11.318;;5,46;-26,22;-52,56;
2007;2015-12-04_05-18-11.390;;5,04;-25,98;-55,44;
2008;2015-12-04_05-18-11.433;;5,46;-26,22;-52,56;
2009;2015-12-04_05-18-11.502;;5,04;-25,98;-55,44;
