--- LOG START  --- 
2817;2015-12-04_05-29-08.116;;3,36;-31,26;-45,3;
2818;2015-12-04_05-29-08.186;;3,24;-31,56;-45,18;
2825;2015-12-04_05-30-06.792;;7,2;-26,04;-43,74;
2826;2015-12-04_05-30-06.852;;-3,371;-1,072;9,807;
2827;2015-12-04_05-30-06.913;;7,2;-26,04;-43,74;
2828;2015-12-04_05-30-06.972;;-3,371;-1,072;9,807;
2829;2015-12-04_05-30-07.041;;7,2;-26,04;-43,74;
2830;2015-12-04_05-30-07.097;;-3,371;-1,072;9,807;
2831;2015-12-04_05-30-07.152;;7,2;-26,04;-43,74;
2832;2015-12-04_05-30-07.220;;-3,371;-1,072;9,807;
2833;2015-12-04_05-30-07.292;;7,2;-26,04;-43,74;
2834;2015-12-04_05-30-07.332;;-3,371;-1,072;9,807;
2835;2015-12-04_05-30-07.392;;7,2;-26,04;-43,74;
2836;2015-12-04_05-30-07.473;;-3,371;-1,072;9,807;
2837;2015-12-04_05-30-07.512;;7,2;-26,04;-43,74;
2838;2015-12-04_05-30-07.572;;-3,371;-1,072;9,807;
2839;2015-12-04_05-30-07.632;;7,2;-26,04;-43,74;
2840;2015-12-04_05-30-07.694;;-3,371;-1,072;9,807;
2841;2015-12-04_05-30-07.752;;7,2;-26,04;-43,74;
2842;2015-12-04_05-30-07.818;;-3,371;-1,072;9,807;
2843;2015-12-04_05-30-07.887;;7,2;-26,04;-43,74;
2844;2015-12-04_05-30-07.932;;-3,371;-1,072;9,807;
2845;2015-12-04_05-30-07.993;;7,2;-26,04;-43,74;
2846;2015-12-04_05-30-08.058;;-3,371;-1,072;9,807;
2847;2015-12-04_05-30-08.112;;7,2;-26,04;-43,74;
2848;2015-12-04_05-30-08.172;;-3,371;-1,072;9,807;
2849;2015-12-04_05-30-08.237;;7,2;-26,04;-43,74;
2850;2015-12-04_05-30-08.292;;-3,371;-1,072;9,807;
2851;2015-12-04_05-30-08.352;;7,2;-26,04;-43,74;
2852;2015-12-04_05-30-08.412;;-3,371;-1,072;9,807;
2853;2015-12-04_05-30-08.490;;7,2;-26,04;-43,74;
2854;2015-12-04_05-30-08.550;;-3,371;-1,072;9,807;
2855;2015-12-04_05-30-08.595;;7,2;-26,04;-43,74;
2856;2015-12-04_05-30-08.652;;-3,371;-1,072;9,807;
2857;2015-12-04_05-30-08.712;;7,2;-26,04;-43,74;
2858;2015-12-04_05-30-08.782;;-3,371;-1,072;9,807;
2859;2015-12-04_05-30-08.840;;7,2;-26,04;-43,74;
2860;2015-12-04_05-30-08.892;;-3,371;-1,072;9,807;
2861;2015-12-04_05-30-08.952;;7,2;-26,04;-43,74;
2862;2015-12-04_05-30-09.012;;-3,371;-1,072;9,807;
2863;2015-12-04_05-30-09.082;;7,2;-26,04;-43,74;
2864;2015-12-04_05-30-09.164;;7,2;-26,04;-43,74;
2865;2015-12-04_05-30-09.192;;-3,371;-1,072;9,807;
2866;2015-12-04_05-30-09.257;;7,2;-26,04;-43,74;
2867;2015-12-04_05-30-09.328;;-3,371;-1,072;9,807;
2868;2015-12-04_05-30-09.377;;7,2;-26,04;-43,74;
2869;2015-12-04_05-30-09.432;;-3,371;-1,072;9,807;
2870;2015-12-04_05-30-09.500;;7,2;-26,04;-43,74;
2871;2015-12-04_05-30-09.561;;-3,371;-1,072;9,807;
2872;2015-12-04_05-30-09.615;;7,2;-26,04;-43,74;
2873;2015-12-04_05-30-09.688;;-3,371;-1,072;9,807;
2874;2015-12-04_05-30-09.733;;7,2;-26,04;-43,74;
2875;2015-12-04_05-30-09.798;;-3,371;-1,072;9,807;
2876;2015-12-04_05-30-09.854;;7,2;-26,04;-43,74;
2877;2015-12-04_05-30-09.917;;-3,371;-1,072;9,807;
2878;2015-12-04_05-30-09.984;;7,2;-26,04;-43,74;
2879;2015-12-04_05-30-10.032;;-3,371;-1,072;9,807;
