--- LOG START  --- 
1254;2015-12-04_05-08-07.172;;0,84;-20,64;-34,08;
1255;2015-12-04_05-08-07.252;;0,9;-21;-33,96;
1267;2015-12-04_05-09-05.612;;2,88;-22,32;-33,96;
1268;2015-12-04_05-09-05.672;;4,74;-21,9;-34,44;
1269;2015-12-04_05-09-05.746;;2,88;-22,32;-33,96;
1270;2015-12-04_05-09-05.852;;4,74;-21,9;-34,44;
1271;2015-12-04_05-09-05.912;;2,88;-22,32;-33,96;
1272;2015-12-04_05-09-05.972;;4,74;-21,9;-34,44;
1273;2015-12-04_05-09-06.043;;2,88;-22,32;-33,96;
1274;2015-12-04_05-09-06.092;;4,74;-21,9;-34,44;
1275;2015-12-04_05-09-06.152;;2,88;-22,32;-33,96;
1276;2015-12-04_05-09-06.212;;4,74;-21,9;-34,44;
1277;2015-12-04_05-09-06.272;;2,88;-22,32;-33,96;
1278;2015-12-04_05-09-06.340;;4,74;-21,9;-34,44;
1279;2015-12-04_05-09-06.392;;2,88;-22,32;-33,96;
1280;2015-12-04_05-09-06.452;;4,74;-21,9;-34,44;
1281;2015-12-04_05-09-06.512;;2,88;-22,32;-33,96;
1282;2015-12-04_05-09-06.577;;4,74;-21,9;-34,44;
1283;2015-12-04_05-09-06.635;;2,88;-22,32;-33,96;
1284;2015-12-04_05-09-06.692;;4,74;-21,9;-34,44;
1285;2015-12-04_05-09-06.752;;2,88;-22,32;-33,96;
1286;2015-12-04_05-09-06.822;;4,74;-21,9;-34,44;
1287;2015-12-04_05-09-06.874;;2,88;-22,32;-33,96;
1288;2015-12-04_05-09-06.932;;4,74;-21,9;-34,44;
1289;2015-12-04_05-09-06.992;;2,88;-22,32;-33,96;
1290;2015-12-04_05-09-07.052;;4,74;-21,9;-34,44;
1291;2015-12-04_05-09-07.134;;2,88;-22,32;-33,96;
1292;2015-12-04_05-09-07.185;;4,74;-21,9;-34,44;
1293;2015-12-04_05-09-07.232;;2,88;-22,32;-33,96;
1294;2015-12-04_05-09-07.293;;4,74;-21,9;-34,44;
1295;2015-12-04_05-09-07.373;;2,88;-22,32;-33,96;
1296;2015-12-04_05-09-07.412;;4,74;-21,9;-34,44;
1297;2015-12-04_05-09-07.472;;2,88;-22,32;-33,96;
1298;2015-12-04_05-09-07.554;;4,74;-21,9;-34,44;
1299;2015-12-04_05-09-07.593;;2,88;-22,32;-33,96;
1300;2015-12-04_05-09-07.652;;4,74;-21,9;-34,44;
1301;2015-12-04_05-09-07.712;;2,88;-22,32;-33,96;
1302;2015-12-04_05-09-07.777;;4,74;-21,9;-34,44;
1303;2015-12-04_05-09-07.836;;2,88;-22,32;-33,96;
1304;2015-12-04_05-09-07.896;;4,74;-21,9;-34,44;
1305;2015-12-04_05-09-07.955;;2,88;-22,32;-33,96;
1306;2015-12-04_05-09-08.019;;4,74;-21,9;-34,44;
1307;2015-12-04_05-09-08.072;;2,88;-22,32;-33,96;
1308;2015-12-04_05-09-08.132;;4,74;-21,9;-34,44;
1309;2015-12-04_05-09-08.193;;2,88;-22,32;-33,96;
1310;2015-12-04_05-09-08.252;;4,74;-21,9;-34,44;
1311;2015-12-04_05-09-08.374;;2,88;-22,32;-33,96;
1312;2015-12-04_05-09-08.432;;4,74;-21,9;-34,44;
1313;2015-12-04_05-09-08.505;;2,88;-22,32;-33,96;
1314;2015-12-04_05-09-08.582;;4,74;-21,9;-34,44;
1315;2015-12-04_05-09-08.614;;2,88;-22,32;-33,96;
