--- LOG START  --- 
777;2015-12-04_05-00-07.827;;7,56;-20,7;-34,44;
778;2015-12-04_05-00-07.882;;7,44;-20,64;-34,44;
779;2015-12-04_05-00-07.944;;7,56;-20,7;-34,44;
780;2015-12-04_05-00-08.557;;7,44;-20,64;-34,44;
781;2015-12-04_05-00-08.623;;7,56;-20,7;-34,44;
791;2015-12-04_05-01-02.575;;7,44;-20,64;-34,44;
792;2015-12-04_05-01-03.274;;8,82;-19,92;-35,1;
793;2015-12-04_05-01-03.322;;0;-0,306;9,96;
794;2015-12-04_05-01-03.444;;8,82;-19,92;-35,1;
795;2015-12-04_05-01-03.502;;0;-0,306;9,96;
796;2015-12-04_05-01-03.699;;8,82;-19,92;-35,1;
797;2015-12-04_05-01-03.752;;0;-0,306;9,96;
798;2015-12-04_05-01-03.802;;8,82;-19,92;-35,1;
799;2015-12-04_05-01-03.872;;0;-0,306;9,96;
800;2015-12-04_05-01-03.922;;8,82;-19,92;-35,1;
801;2015-12-04_05-01-03.982;;0;-0,306;9,96;
802;2015-12-04_05-01-04.042;;8,82;-19,92;-35,1;
803;2015-12-04_05-01-04.102;;0;-0,306;9,96;
804;2015-12-04_05-01-04.173;;8,82;-19,92;-35,1;
805;2015-12-04_05-01-04.223;;0;-0,306;9,96;
806;2015-12-04_05-01-04.282;;8,82;-19,92;-35,1;
807;2015-12-04_05-01-04.353;;0;-0,306;9,96;
808;2015-12-04_05-01-04.405;;8,82;-19,92;-35,1;
809;2015-12-04_05-01-04.462;;0;-0,306;9,96;
810;2015-12-04_05-01-04.524;;8,82;-19,92;-35,1;
811;2015-12-04_05-01-04.583;;0;-0,306;9,96;
812;2015-12-04_05-01-04.647;;8,82;-19,92;-35,1;
813;2015-12-04_05-01-04.702;;0;-0,306;9,96;
814;2015-12-04_05-01-04.762;;8,82;-19,92;-35,1;
815;2015-12-04_05-01-04.832;;0;-0,306;9,96;
816;2015-12-04_05-01-04.898;;0;-0,306;9,807;
817;2015-12-04_05-01-04.942;;8,58;-20,4;-34,98;
818;2015-12-04_05-01-05.003;;0;-0,306;9,807;
819;2015-12-04_05-01-05.089;;8,58;-20,4;-34,98;
820;2015-12-04_05-01-05.122;;0;-0,306;9,807;
821;2015-12-04_05-01-05.186;;8,58;-20,4;-34,98;
822;2015-12-04_05-01-05.242;;0;-0,306;9,807;
823;2015-12-04_05-01-05.308;;8,58;-20,4;-34,98;
824;2015-12-04_05-01-05.362;;0;-0,306;9,807;
825;2015-12-04_05-01-05.430;;8,58;-20,4;-34,98;
826;2015-12-04_05-01-05.496;;0;-0,306;9,807;
827;2015-12-04_05-01-05.542;;8,58;-20,4;-34,98;
828;2015-12-04_05-01-05.616;;0;-0,306;9,807;
829;2015-12-04_05-01-05.662;;8,58;-20,4;-34,98;
830;2015-12-04_05-01-05.732;;0;-0,306;9,807;
831;2015-12-04_05-01-05.791;;8,58;-20,4;-34,98;
832;2015-12-04_05-01-05.842;;0;-0,306;9,807;
833;2015-12-04_05-01-05.914;;8,58;-20,4;-34,98;
834;2015-12-04_05-01-05.962;;0;-0,306;9,807;
835;2015-12-04_05-01-06.031;;8,58;-20,4;-34,98;
836;2015-12-04_05-01-06.098;;0;-0,306;9,807;
837;2015-12-04_05-01-06.142;;8,58;-20,4;-34,98;
838;2015-12-04_05-01-06.207;;0;-0,306;9,807;
839;2015-12-04_05-01-06.263;;8,58;-20,4;-34,98;
840;2015-12-04_05-01-06.322;;0;-0,306;9,807;
841;2015-12-04_05-01-06.382;;8,58;-20,4;-34,98;
842;2015-12-04_05-01-06.463;;0;-0,306;9,807;
843;2015-12-04_05-01-06.564;;8,58;-20,4;-34,98;
844;2015-12-04_05-01-06.631;;0;-0,306;9,807;
