--- LOG START  --- 
1591;2015-12-04_05-13-07.772;;-2,1;-20,82;-33,48;
1592;2015-12-04_05-13-07.832;;-1,8;-20,52;-33,18;
1593;2015-12-04_05-13-07.912;;-2,1;-20,82;-33,48;
1594;2015-12-04_05-13-07.954;;-1,8;-20,52;-33,18;
1595;2015-12-04_05-13-08.016;;-2,1;-20,82;-33,48;
1596;2015-12-04_05-13-08.072;;-1,8;-20,52;-33,18;
1597;2015-12-04_05-13-08.552;;-2,1;-20,82;-33,48;
1598;2015-12-04_05-13-08.621;;-1,8;-20,52;-33,18;
1624;2015-12-04_05-14-03.873;;2,46;-21,18;-33,6;
1625;2015-12-04_05-14-03.932;;0;-20,34;-33,66;
1626;2015-12-04_05-14-03.998;;2,46;-21,18;-33,6;
1627;2015-12-04_05-14-04.056;;0;-20,34;-33,66;
1628;2015-12-04_05-14-04.114;;2,46;-21,18;-33,6;
1629;2015-12-04_05-14-04.172;;0;-20,34;-33,66;
1630;2015-12-04_05-14-04.241;;2,46;-21,18;-33,6;
1631;2015-12-04_05-14-04.303;;0;-20,34;-33,66;
1632;2015-12-04_05-14-04.352;;2,46;-21,18;-33,6;
1633;2015-12-04_05-14-04.425;;0;-20,34;-33,66;
1634;2015-12-04_05-14-04.474;;2,46;-21,18;-33,6;
1635;2015-12-04_05-14-04.538;;0;-20,34;-33,66;
1636;2015-12-04_05-14-04.602;;2,46;-21,18;-33,6;
1637;2015-12-04_05-14-04.652;;0;-20,58;-33,66;
1638;2015-12-04_05-14-04.713;;2,46;-21,18;-33,6;
1639;2015-12-04_05-14-04.773;;-0,12;-20,58;-33,66;
1640;2015-12-04_05-14-04.832;;2,46;-21,18;-33,6;
1641;2015-12-04_05-14-04.952;;-0,12;-20,58;-33,66;
1642;2015-12-04_05-14-05.012;;2,46;-21,18;-33,6;
1643;2015-12-04_05-14-05.073;;-0,12;-20,58;-33,66;
1644;2015-12-04_05-14-05.132;;2,46;-21,18;-33,6;
1645;2015-12-04_05-14-05.200;;-0,12;-20,58;-33,66;
1646;2015-12-04_05-14-05.252;;2,46;-21,18;-33,6;
1647;2015-12-04_05-14-05.313;;-0,12;-20,58;-33,66;
1648;2015-12-04_05-14-05.372;;2,46;-21,18;-33,6;
1649;2015-12-04_05-14-05.433;;-0,12;-20,58;-33,66;
1650;2015-12-04_05-14-05.498;;2,46;-21,18;-33,6;
1651;2015-12-04_05-14-05.566;;-0,12;-20,58;-33,66;
1652;2015-12-04_05-14-05.612;;2,46;-21,18;-33,6;
1653;2015-12-04_05-14-05.679;;-0,12;-20,58;-33,66;
1654;2015-12-04_05-14-05.742;;2,46;-21,18;-33,6;
1655;2015-12-04_05-14-05.793;;-0,12;-20,58;-33,66;
1656;2015-12-04_05-14-05.861;;2,46;-21,18;-33,6;
1657;2015-12-04_05-14-05.912;;-0,12;-20,58;-33,66;
1658;2015-12-04_05-14-05.980;;2,46;-21,18;-33,6;
1659;2015-12-04_05-14-06.032;;-0,12;-20,58;-33,66;
1660;2015-12-04_05-14-06.092;;2,46;-21,18;-33,6;
1661;2015-12-04_05-14-06.165;;-0,12;-20,58;-33,66;
1662;2015-12-04_05-14-06.212;;2,46;-21,18;-33,6;
1663;2015-12-04_05-14-06.278;;-0,12;-20,58;-33,66;
1664;2015-12-04_05-14-06.332;;2,46;-21,18;-33,6;
1665;2015-12-04_05-14-06.393;;-0,12;-20,58;-33,66;
1666;2015-12-04_05-14-06.467;;2,46;-21,18;-33,6;
1667;2015-12-04_05-14-06.528;;-0,12;-20,58;-33,66;
