--- LOG START  --- 
3022;2015-12-04_05-33-11.072;;3,66;-22,08;-53,82;
3023;2015-12-04_05-33-11.122;;-0,24;-23,58;-53,64;
3024;2015-12-04_05-33-11.191;;3,66;-22,08;-53,82;
3025;2015-12-04_05-33-11.242;;-0,24;-23,58;-53,64;
3026;2015-12-04_05-33-11.302;;3,66;-22,08;-53,82;
3027;2015-12-04_05-33-11.362;;-0,24;-23,58;-53,64;
3028;2015-12-04_05-33-11.433;;3,66;-22,08;-53,82;
3029;2015-12-04_05-33-11.494;;-0,24;-23,58;-53,64;
3030;2015-12-04_05-33-11.542;;3,66;-22,08;-53,82;
3031;2015-12-04_05-33-11.606;;-0,24;-23,58;-53,64;
3032;2015-12-04_05-33-11.663;;3,66;-22,08;-53,82;
3033;2015-12-04_05-33-11.722;;-0,24;-23,58;-53,64;
3034;2015-12-04_05-33-11.790;;3,66;-22,08;-53,82;
3035;2015-12-04_05-33-11.843;;-0,24;-23,58;-53,64;
3036;2015-12-04_05-33-11.903;;3,66;-22,08;-53,82;
3037;2015-12-04_05-33-11.974;;-0,24;-23,58;-53,64;
3038;2015-12-04_05-33-12.022;;3,66;-22,08;-53,82;
3039;2015-12-04_05-33-12.090;;-0,24;-23,58;-53,64;
3040;2015-12-04_05-33-12.142;;3,66;-22,08;-53,82;
3041;2015-12-04_05-33-12.202;;-0,24;-23,58;-53,64;
3042;2015-12-04_05-33-12.268;;3,66;-22,08;-53,82;
3043;2015-12-04_05-33-12.322;;-0,24;-23,58;-53,64;
3044;2015-12-04_05-33-12.382;;3,66;-22,08;-53,82;
3045;2015-12-04_05-33-12.442;;-0,24;-23,58;-53,64;
3046;2015-12-04_05-33-12.506;;3,66;-22,08;-53,82;
3047;2015-12-04_05-33-12.568;;-0,24;-23,58;-53,64;
3048;2015-12-04_05-33-12.622;;3,66;-22,08;-53,82;
3049;2015-12-04_05-33-12.682;;-0,24;-23,58;-53,64;
3050;2015-12-04_05-33-12.745;;3,66;-22,08;-53,82;
3051;2015-12-04_05-33-12.802;;-0,24;-23,58;-53,64;
3052;2015-12-04_05-33-12.887;;3,66;-22,08;-53,82;
3053;2015-12-04_05-33-12.953;;-0,24;-23,58;-53,64;
3054;2015-12-04_05-33-12.982;;3,66;-22,08;-53,82;
3055;2015-12-04_05-33-13.045;;-0,24;-23,58;-53,64;
3056;2015-12-04_05-33-13.102;;3,66;-22,08;-53,82;
3057;2015-12-04_05-33-13.164;;-0,24;-23,58;-53,64;
3058;2015-12-04_05-33-13.226;;3,66;-22,08;-53,82;
3059;2015-12-04_05-33-13.282;;-0,24;-23,58;-53,64;
3060;2015-12-04_05-33-13.342;;3,66;-22,08;-53,82;
3061;2015-12-04_05-33-13.403;;-0,24;-23,58;-53,64;
3062;2015-12-04_05-33-13.483;;3,66;-22,08;-53,82;
3063;2015-12-04_05-33-13.522;;-0,24;-23,58;-53,64;
3064;2015-12-04_05-33-13.582;;3,66;-22,08;-53,82;
3065;2015-12-04_05-33-13.642;;-0,06;-23,88;-53,82;
3066;2015-12-04_05-33-13.703;;3,66;-22,08;-53,82;
3067;2015-12-04_05-33-13.778;;-0,06;-23,88;-53,82;
3068;2015-12-04_05-33-13.837;;3,66;-22,08;-53,82;
3069;2015-12-04_05-33-13.882;;-0,06;-23,88;-53,82;
3070;2015-12-04_05-33-13.954;;3,66;-22,08;-53,82;
3071;2015-12-04_05-33-14.016;;-0,06;-23,88;-53,82;
3072;2015-12-04_05-33-14.062;;3,66;-22,08;-53,82;
3073;2015-12-04_05-33-14.136;;-0,06;-23,88;-53,82;
3074;2015-12-04_05-33-14.204;;3,66;-22,08;-53,82;
3075;2015-12-04_05-33-14.245;;-0,06;-23,88;-53,82;
3076;2015-12-04_05-33-14.302;;3,66;-22,08;-53,82;
3077;2015-12-04_05-33-14.362;;-0,06;-23,88;-53,82;
