--- LOG START  --- 
1685;2015-12-04_05-15-05.852;;7,5;-20,22;-36,66;
1686;2015-12-04_05-15-05.912;;1,225;-0,306;9,807;
1687;2015-12-04_05-15-05.973;;7,5;-20,22;-36,66;
1688;2015-12-04_05-15-06.047;;1,225;-0,306;9,807;
1689;2015-12-04_05-15-06.099;;7,5;-20,22;-36,66;
1690;2015-12-04_05-15-06.162;;1,225;-0,306;9,807;
1691;2015-12-04_05-15-06.216;;7,5;-20,22;-36,66;
1692;2015-12-04_05-15-06.285;;1,225;-0,306;9,807;
1693;2015-12-04_05-15-06.333;;7,5;-20,22;-36,66;
1694;2015-12-04_05-15-06.405;;1,225;-0,306;9,807;
1695;2015-12-04_05-15-06.452;;7,5;-20,22;-36,66;
1696;2015-12-04_05-15-06.515;;1,225;-0,306;9,807;
1697;2015-12-04_05-15-06.607;;7,5;-20,22;-36,66;
1698;2015-12-04_05-15-06.640;;1,225;-0,306;9,807;
1699;2015-12-04_05-15-06.692;;7,5;-20,22;-36,66;
1700;2015-12-04_05-15-06.754;;1,225;-0,306;9,807;
1701;2015-12-04_05-15-06.812;;7,5;-20,22;-36,66;
1702;2015-12-04_05-15-06.881;;1,225;-0,306;9,807;
1703;2015-12-04_05-15-06.934;;7,5;-20,22;-36,66;
1704;2015-12-04_05-15-06.997;;1,225;-0,306;9,807;
1705;2015-12-04_05-15-07.083;;7,5;-20,22;-36,66;
1706;2015-12-04_05-15-07.112;;1,225;-0,306;9,807;
1707;2015-12-04_05-15-07.173;;7,5;-20,22;-36,66;
1708;2015-12-04_05-15-07.233;;1,225;-0,306;9,807;
1709;2015-12-04_05-15-07.293;;7,5;-20,22;-36,66;
1710;2015-12-04_05-15-07.373;;1,225;-0,306;9,807;
1711;2015-12-04_05-15-07.416;;7,5;-20,22;-36,66;
1712;2015-12-04_05-15-07.472;;1,225;-0,306;9,807;
1713;2015-12-04_05-15-07.532;;7,5;-20,22;-36,66;
1714;2015-12-04_05-15-07.593;;1,225;-0,306;9,807;
1715;2015-12-04_05-15-07.661;;7,5;-20,22;-36,66;
1716;2015-12-04_05-15-07.721;;1,225;-0,306;9,807;
1717;2015-12-04_05-15-07.773;;7,5;-20,22;-36,66;
1718;2015-12-04_05-15-07.832;;1,225;-0,306;9,807;
1719;2015-12-04_05-15-07.897;;7,5;-20,22;-36,66;
1720;2015-12-04_05-15-07.953;;1,225;-0,306;9,807;
1721;2015-12-04_05-15-08.023;;7,5;-20,22;-36,66;
1722;2015-12-04_05-15-08.072;;1,225;-0,306;9,807;
1723;2015-12-04_05-15-08.145;;7,5;-20,22;-36,66;
1724;2015-12-04_05-15-08.201;;1,225;-0,306;9,807;
1725;2015-12-04_05-15-08.258;;7,5;-20,22;-36,66;
1726;2015-12-04_05-15-08.312;;1,225;-0,306;9,807;
1727;2015-12-04_05-15-08.380;;7,5;-20,22;-36,66;
1728;2015-12-04_05-15-08.440;;7,14;-20,4;-36,84;
1729;2015-12-04_05-15-08.493;;0,919;-0,306;9,807;
1730;2015-12-04_05-15-08.563;;7,14;-20,4;-36,84;
1731;2015-12-04_05-15-08.623;;0,919;-0,306;9,807;
1732;2015-12-04_05-15-08.673;;7,14;-20,4;-36,84;
1733;2015-12-04_05-15-08.739;;0,919;-0,306;9,807;
1734;2015-12-04_05-15-08.792;;7,14;-20,4;-36,84;
1735;2015-12-04_05-15-08.859;;0,919;-0,306;9,807;
1736;2015-12-04_05-15-08.913;;7,14;-20,4;-36,84;
1737;2015-12-04_05-15-08.972;;0,919;-0,306;9,807;
1738;2015-12-04_05-15-09.048;;7,14;-20,4;-36,84;
1739;2015-12-04_05-15-09.112;;0,919;-0,306;9,807;
1740;2015-12-04_05-15-09.152;;7,14;-20,4;-36,84;
1741;2015-12-04_05-15-09.212;;0,919;-0,306;9,807;
1742;2015-12-04_05-15-09.281;;19,98;-6,84;-57,18;
1743;2015-12-04_05-15-09.332;;14,22;-16,8;-43,98;
1744;2015-12-04_05-15-09.393;;19,98;-6,84;-57,18;
1745;2015-12-04_05-15-09.463;;14,22;-16,8;-43,98;
1746;2015-12-04_05-15-09.516;;19,98;-6,84;-57,18;
1747;2015-12-04_05-15-09.572;;14,22;-16,8;-43,98;
1748;2015-12-04_05-15-09.636;;19,98;-6,84;-57,18;
1749;2015-12-04_05-15-09.693;;14,22;-16,8;-43,98;
1750;2015-12-04_05-15-09.767;;19,98;-6,84;-57,18;
