--- LOG START  --- 
2229;2015-12-04_05-21-11.499;;3,12;-24,36;-35,58;
2230;2015-12-04_05-21-11.554;;3,48;-24,84;-36,06;
2231;2015-12-04_05-21-11.797;;3,12;-24,36;-35,58;
2232;2015-12-04_05-21-11.861;;3,48;-24,84;-36,06;
2233;2015-12-04_05-21-11.912;;3,12;-24,36;-35,58;
2234;2015-12-04_05-21-11.989;;3,48;-24,84;-36,06;
2255;2015-12-04_05-22-03.940;;1,838;0;9,807;
2256;2015-12-04_05-22-04.007;;4,38;-22,44;-34,68;
2257;2015-12-04_05-22-04.053;;1,838;0;9,807;
2258;2015-12-04_05-22-04.112;;4,38;-22,44;-34,68;
2259;2015-12-04_05-22-04.173;;1,838;0;9,807;
2260;2015-12-04_05-22-04.235;;4,38;-22,44;-34,68;
2261;2015-12-04_05-22-04.293;;1,838;0;9,807;
2262;2015-12-04_05-22-04.352;;4,38;-22,44;-34,68;
2263;2015-12-04_05-22-04.412;;1,838;0;9,807;
2264;2015-12-04_05-22-04.485;;4,38;-22,44;-34,68;
2265;2015-12-04_05-22-04.533;;1,838;0;9,807;
2266;2015-12-04_05-22-04.592;;4,38;-22,44;-34,68;
2267;2015-12-04_05-22-04.652;;1,838;0;9,807;
2268;2015-12-04_05-22-04.713;;4,38;-22,44;-34,68;
2269;2015-12-04_05-22-04.773;;1,838;0;9,807;
2270;2015-12-04_05-22-04.833;;4,38;-22,44;-34,68;
2271;2015-12-04_05-22-04.893;;1,838;0;9,807;
2272;2015-12-04_05-22-04.961;;4,38;-22,44;-34,68;
2273;2015-12-04_05-22-05.013;;1,838;0;9,807;
2274;2015-12-04_05-22-05.073;;4,38;-22,44;-34,68;
2275;2015-12-04_05-22-05.141;;1,838;0;9,807;
2276;2015-12-04_05-22-05.192;;4,38;-22,44;-34,68;
2277;2015-12-04_05-22-05.266;;1,838;0;9,807;
2278;2015-12-04_05-22-05.313;;4,38;-22,44;-34,68;
2279;2015-12-04_05-22-05.372;;1,838;0;9,807;
2280;2015-12-04_05-22-05.443;;4,38;-22,44;-34,68;
2281;2015-12-04_05-22-05.494;;1,838;0;9,807;
2282;2015-12-04_05-22-05.553;;4,38;-22,44;-34,68;
2283;2015-12-04_05-22-05.613;;1,838;0;9,807;
2284;2015-12-04_05-22-05.673;;4,38;-22,44;-34,68;
2285;2015-12-04_05-22-05.737;;1,838;0;9,807;
2286;2015-12-04_05-22-05.797;;4,38;-22,44;-34,68;
2287;2015-12-04_05-22-05.852;;1,838;0;9,807;
2288;2015-12-04_05-22-05.913;;4,38;-22,44;-34,68;
2289;2015-12-04_05-22-05.972;;1,838;0;9,807;
2290;2015-12-04_05-22-06.046;;4,38;-22,44;-34,68;
2291;2015-12-04_05-22-06.098;;1,838;0;9,807;
2292;2015-12-04_05-22-06.161;;4,38;-22,44;-34,68;
2293;2015-12-04_05-22-06.227;;1,838;0;9,807;
2294;2015-12-04_05-22-06.282;;4,38;-22,44;-34,68;
2295;2015-12-04_05-22-06.332;;1,838;0;9,807;
2296;2015-12-04_05-22-06.404;;4,38;-22,44;-34,68;
2297;2015-12-04_05-22-06.452;;1,838;0;9,807;
2298;2015-12-04_05-22-06.519;;4,38;-22,44;-34,68;
2299;2015-12-04_05-22-06.589;;1,838;0;9,807;
2300;2015-12-04_05-22-06.632;;4,38;-22,44;-34,68;
2301;2015-12-04_05-22-06.700;;1,838;0;9,807;
2302;2015-12-04_05-22-06.758;;4,38;-22,44;-34,68;
2303;2015-12-04_05-22-06.812;;1,838;0;9,807;
2304;2015-12-04_05-22-06.881;;4,38;-22,44;-34,68;
2305;2015-12-04_05-22-06.932;;1,838;0;9,807;
