--- LOG START  --- 
1772;2015-12-04_05-16-09.399;;3,524;-0,306;9,807;
1773;2015-12-04_05-16-09.464;;4,56;-21,78;-35,34;
1774;2015-12-04_05-16-09.514;;3,524;-0,306;9,807;
1775;2015-12-04_05-16-09.574;;4,56;-21,78;-35,34;
1776;2015-12-04_05-16-09.632;;3,524;-0,306;9,807;
1777;2015-12-04_05-16-09.697;;4,56;-21,78;-35,34;
1778;2015-12-04_05-16-09.765;;3,524;-0,306;9,807;
1779;2015-12-04_05-16-09.812;;4,56;-21,78;-35,34;
1780;2015-12-04_05-16-09.895;;3,524;-0,306;9,807;
1781;2015-12-04_05-16-09.950;;4,56;-21,78;-35,34;
1782;2015-12-04_05-16-09.992;;3,524;-0,306;9,807;
1783;2015-12-04_05-16-10.052;;4,56;-21,78;-35,34;
1784;2015-12-04_05-16-10.118;;3,524;-0,306;9,807;
1785;2015-12-04_05-16-10.172;;4,56;-21,78;-35,34;
1786;2015-12-04_05-16-10.232;;3,524;-0,306;9,807;
1787;2015-12-04_05-16-10.292;;4,56;-21,78;-35,34;
1788;2015-12-04_05-16-10.354;;3,524;-0,306;9,807;
1789;2015-12-04_05-16-10.417;;4,56;-21,78;-35,34;
1790;2015-12-04_05-16-10.472;;3,524;-0,306;9,807;
1791;2015-12-04_05-16-10.532;;4,56;-21,78;-35,34;
1792;2015-12-04_05-16-10.594;;3,524;-0,306;9,807;
1793;2015-12-04_05-16-10.656;;4,56;-21,78;-35,34;
1794;2015-12-04_05-16-10.714;;3,524;-0,306;9,807;
1795;2015-12-04_05-16-10.772;;4,56;-21,78;-35,34;
1796;2015-12-04_05-16-10.833;;3,524;-0,306;9,807;
1797;2015-12-04_05-16-10.904;;4,56;-21,78;-35,34;
1798;2015-12-04_05-16-10.953;;3,524;-0,306;9,807;
1799;2015-12-04_05-16-11.012;;4,56;-21,78;-35,34;
1800;2015-12-04_05-16-11.074;;3,524;-0,306;9,807;
1801;2015-12-04_05-16-11.135;;4,56;-21,78;-35,34;
1802;2015-12-04_05-16-11.192;;3,524;-0,306;9,807;
1803;2015-12-04_05-16-11.267;;4,56;-21,78;-35,34;
1804;2015-12-04_05-16-11.312;;3,524;-0,306;9,807;
1805;2015-12-04_05-16-11.377;;4,56;-21,78;-35,34;
1806;2015-12-04_05-16-11.434;;3,524;-0,306;9,807;
1807;2015-12-04_05-16-11.552;;4,56;-21,78;-35,34;
1808;2015-12-04_05-16-11.612;;3,524;-0,306;9,807;
1809;2015-12-04_05-16-11.672;;4,56;-21,78;-35,34;
1810;2015-12-04_05-16-11.738;;4,56;-21,78;-35,34;
1811;2015-12-04_05-16-11.792;;3,524;-0,306;9,807;
1812;2015-12-04_05-16-11.862;;4,56;-21,78;-35,34;
1813;2015-12-04_05-16-11.920;;3,524;-0,306;9,807;
1814;2015-12-04_05-16-11.975;;4,56;-21,78;-35,34;
1815;2015-12-04_05-16-12.054;;3,524;-0,306;9,807;
1816;2015-12-04_05-16-12.092;;4,56;-21,78;-35,34;
1817;2015-12-04_05-16-12.170;;3,524;-0,306;9,807;
1818;2015-12-04_05-16-12.212;;4,56;-21,78;-35,34;
1819;2015-12-04_05-16-12.273;;3,524;-0,306;9,807;
1820;2015-12-04_05-16-12.332;;4,56;-21,78;-35,34;
1821;2015-12-04_05-16-12.393;;3,524;-0,306;9,807;
1822;2015-12-04_05-16-12.454;;4,56;-21,78;-35,34;
1823;2015-12-04_05-16-12.512;;3,524;-0,306;9,807;
1824;2015-12-04_05-16-12.584;;4,56;-21,78;-35,34;
1825;2015-12-04_05-16-12.632;;3,524;-0,306;9,807;
