--- LOG START  --- 
2174;2015-12-04_05-21-08.193;;-3,83;-1,379;9,807;
2175;2015-12-04_05-21-08.257;;14,94;-12,3;-45,24;
2176;2015-12-04_05-21-08.315;;-3,83;-1,379;9,807;
2177;2015-12-04_05-21-08.376;;14,94;-12,3;-45,24;
2178;2015-12-04_05-21-08.435;;-3,83;-1,379;9,807;
2179;2015-12-04_05-21-08.492;;14,94;-12,3;-45,24;
2180;2015-12-04_05-21-08.552;;-3,83;-1,379;9,807;
2181;2015-12-04_05-21-08.612;;14,94;-12,3;-45,24;
2182;2015-12-04_05-21-08.677;;-3,83;-1,379;9,807;
2183;2015-12-04_05-21-08.753;;14,94;-12,3;-45,24;
2184;2015-12-04_05-21-08.792;;-3,83;-1,379;9,807;
2185;2015-12-04_05-21-08.853;;14,94;-12,3;-45,24;
2186;2015-12-04_05-21-08.912;;-3,83;-1,379;9,807;
2187;2015-12-04_05-21-08.972;;14,94;-12,3;-45,24;
2188;2015-12-04_05-21-09.047;;-3,83;-1,379;9,807;
2189;2015-12-04_05-21-09.092;;14,94;-12,3;-45,24;
2190;2015-12-04_05-21-09.152;;-3,83;-1,379;9,807;
2191;2015-12-04_05-21-09.218;;14,94;-12,3;-45,24;
2192;2015-12-04_05-21-09.277;;-3,83;-1,379;9,807;
2193;2015-12-04_05-21-09.346;;14,94;-12,3;-45,24;
2194;2015-12-04_05-21-09.393;;-3,83;-1,379;9,807;
2195;2015-12-04_05-21-09.452;;14,94;-12,3;-45,24;
2196;2015-12-04_05-21-09.512;;-3,83;-1,379;9,807;
2197;2015-12-04_05-21-09.572;;14,94;-12,3;-45,24;
2198;2015-12-04_05-21-09.639;;-3,83;-1,379;9,807;
2199;2015-12-04_05-21-09.693;;14,94;-12,3;-45,24;
2200;2015-12-04_05-21-09.755;;-3,83;-1,379;9,807;
2201;2015-12-04_05-21-09.830;;14,94;-12,3;-45,24;
2202;2015-12-04_05-21-09.874;;-3,83;-1,379;9,807;
2203;2015-12-04_05-21-09.932;;14,94;-12,3;-45,24;
2204;2015-12-04_05-21-09.995;;-3,83;-1,379;9,807;
2205;2015-12-04_05-21-10.052;;14,94;-12,3;-45,24;
2206;2015-12-04_05-21-10.114;;-3,83;-1,379;9,807;
2207;2015-12-04_05-21-10.177;;14,94;-12,3;-45,24;
2208;2015-12-04_05-21-10.235;;-3,83;-1,379;9,807;
2209;2015-12-04_05-21-10.300;;14,94;-12,3;-45,24;
2210;2015-12-04_05-21-10.359;;-3,83;-1,379;9,807;
2211;2015-12-04_05-21-10.422;;14,94;-12,3;-45,24;
2212;2015-12-04_05-21-10.472;;-3,83;-1,379;9,807;
2213;2015-12-04_05-21-10.577;;14,94;-12,3;-45,24;
2214;2015-12-04_05-21-10.635;;-3,83;-1,379;9,807;
2215;2015-12-04_05-21-10.652;;14,94;-12,3;-45,24;
2216;2015-12-04_05-21-10.712;;-3,83;-1,379;9,807;
2217;2015-12-04_05-21-10.775;;14,94;-12,3;-45,24;
2218;2015-12-04_05-21-10.853;;-3,83;-1,379;9,807;
2219;2015-12-04_05-21-10.894;;14,94;-12,3;-45,24;
2220;2015-12-04_05-21-10.952;;-3,83;-1,379;9,807;
2221;2015-12-04_05-21-11.012;;14,94;-12,3;-45,24;
2222;2015-12-04_05-21-11.083;;-3,83;-1,379;9,807;
2223;2015-12-04_05-21-11.151;;14,94;-12,3;-45,24;
2224;2015-12-04_05-21-11.199;;-3,83;-1,379;9,807;
2225;2015-12-04_05-21-11.252;;14,94;-12,3;-45,24;
2226;2015-12-04_05-21-11.335;;-3,83;-1,379;-47,16;
2227;2015-12-04_05-21-11.373;;0,153;-0,153;9,807;
2228;2015-12-04_05-21-11.443;;15,36;-12,24;-47,16;
