--- LOG START  --- 
640;2015-12-04_04-58-09.562;;8,46;-19,2;-35,34;
641;2015-12-04_04-58-09.623;;7,74;-19,56;-35,1;
650;2015-12-04_04-59-05.122;;1,225;-0,306;9,807;
651;2015-12-04_04-59-05.183;;11,1;-17,7;-34,14;
652;2015-12-04_04-59-05.243;;1,225;-0,306;9,807;
653;2015-12-04_04-59-05.303;;11,1;-17,7;-34,14;
654;2015-12-04_04-59-05.383;;1,225;-0,306;9,807;
655;2015-12-04_04-59-05.439;;11,1;-17,7;-34,14;
656;2015-12-04_04-59-05.482;;1,225;-0,306;9,807;
657;2015-12-04_04-59-05.542;;11,1;-17,7;-34,14;
658;2015-12-04_04-59-05.619;;1,225;-0,306;9,807;
659;2015-12-04_04-59-05.683;;11,1;-17,7;-34,14;
660;2015-12-04_04-59-05.722;;1,225;-0,306;9,807;
661;2015-12-04_04-59-05.790;;11,1;-17,7;-34,14;
662;2015-12-04_04-59-05.853;;1,225;-0,306;9,807;
663;2015-12-04_04-59-05.906;;11,1;-17,7;-34,14;
664;2015-12-04_04-59-05.972;;1,225;-0,306;9,807;
665;2015-12-04_04-59-06.023;;11,1;-17,7;-34,14;
666;2015-12-04_04-59-06.083;;1,225;-0,306;9,807;
667;2015-12-04_04-59-06.163;;11,1;-17,7;-34,14;
668;2015-12-04_04-59-06.206;;1,225;-0,306;9,807;
669;2015-12-04_04-59-06.271;;11,1;-17,7;-34,14;
670;2015-12-04_04-59-06.322;;1,225;-0,306;9,807;
671;2015-12-04_04-59-06.382;;11,1;-17,7;-34,14;
672;2015-12-04_04-59-06.455;;1,225;-0,306;9,807;
673;2015-12-04_04-59-06.509;;11,1;-17,7;-34,14;
674;2015-12-04_04-59-06.563;;1,225;-0,306;9,807;
675;2015-12-04_04-59-06.623;;11,1;-17,7;-34,14;
676;2015-12-04_04-59-06.702;;1,225;-0,306;9,807;
677;2015-12-04_04-59-06.742;;11,1;-17,7;-34,14;
678;2015-12-04_04-59-06.802;;1,225;-0,306;9,807;
679;2015-12-04_04-59-06.862;;11,1;-17,7;-34,14;
680;2015-12-04_04-59-06.926;;1,225;-0,306;9,807;
681;2015-12-04_04-59-06.987;;11,1;-17,7;-34,14;
682;2015-12-04_04-59-07.046;;1,225;-0,306;9,807;
683;2015-12-04_04-59-07.102;;11,1;-17,7;-34,14;
684;2015-12-04_04-59-07.180;;1,225;-0,306;9,807;
685;2015-12-04_04-59-07.227;;11,1;-17,7;-34,14;
686;2015-12-04_04-59-07.282;;1,225;-0,306;9,807;
687;2015-12-04_04-59-07.346;;11,1;-17,7;-34,14;
688;2015-12-04_04-59-07.402;;1,225;-0,306;9,807;
689;2015-12-04_04-59-07.480;;11,1;-17,7;-34,14;
690;2015-12-04_04-59-07.529;;1,225;-0,306;9,807;
691;2015-12-04_04-59-07.582;;11,1;-17,7;-34,14;
692;2015-12-04_04-59-07.648;;1,225;-0,306;9,807;
693;2015-12-04_04-59-07.702;;11,1;-17,7;-34,14;
694;2015-12-04_04-59-07.762;;1,225;-0,306;9,807;
695;2015-12-04_04-59-07.824;;11,1;-17,7;-34,14;
696;2015-12-04_04-59-07.884;;1,225;-0,306;9,807;
