--- LOG START  --- 
527;2015-12-04_04-56-09.862;;7,26;-19,68;-35,88;
528;2015-12-04_04-56-09.929;;0;-0,306;9,807;
530;2015-12-04_04-57-04.057;;0;-0,306;9,807;
531;2015-12-04_04-57-04.525;;6,66;-20,34;-35,28;
532;2015-12-04_04-57-04.583;;7,38;-20,1;-35,46;
533;2015-12-04_04-57-04.661;;6,66;-20,34;-35,28;
534;2015-12-04_04-57-04.702;;7,38;-20,1;-35,46;
535;2015-12-04_04-57-04.764;;6,66;-20,34;-35,28;
536;2015-12-04_04-57-04.823;;7,38;-20,1;-35,46;
537;2015-12-04_04-57-04.882;;6,66;-20,34;-35,28;
538;2015-12-04_04-57-04.948;;7,38;-20,1;-35,46;
539;2015-12-04_04-57-05.002;;6,66;-20,34;-35,28;
540;2015-12-04_04-57-05.066;;7,38;-20,1;-35,46;
541;2015-12-04_04-57-05.125;;6,66;-20,34;-35,28;
542;2015-12-04_04-57-05.182;;7,38;-20,1;-35,46;
543;2015-12-04_04-57-05.246;;6,66;-20,34;-35,28;
544;2015-12-04_04-57-05.312;;7,38;-20,1;-35,46;
545;2015-12-04_04-57-05.362;;6,66;-20,34;-35,28;
546;2015-12-04_04-57-05.422;;7,38;-20,1;-35,46;
547;2015-12-04_04-57-05.482;;6,78;-20,34;-35,28;
548;2015-12-04_04-57-05.545;;7,38;-20,1;-35,46;
549;2015-12-04_04-57-05.606;;6,78;-20,34;-35,28;
550;2015-12-04_04-57-05.663;;7,38;-20,1;-35,46;
551;2015-12-04_04-57-05.731;;6,78;-20,34;-35,28;
552;2015-12-04_04-57-05.782;;7,38;-20,1;-35,46;
553;2015-12-04_04-57-05.846;;6,78;-20,34;-35,28;
554;2015-12-04_04-57-05.911;;7,38;-20,1;-35,46;
555;2015-12-04_04-57-05.962;;6,78;-20,34;-35,28;
556;2015-12-04_04-57-06.022;;7,38;-20,1;-35,46;
557;2015-12-04_04-57-06.087;;6,78;-20,34;-35,28;
558;2015-12-04_04-57-06.147;;7,38;-20,1;-35,46;
559;2015-12-04_04-57-06.202;;6,78;-20,34;-35,28;
560;2015-12-04_04-57-06.263;;7,38;-20,1;-35,46;
561;2015-12-04_04-57-06.322;;6,78;-20,34;-35,28;
562;2015-12-04_04-57-06.382;;7,38;-20,1;-35,46;
563;2015-12-04_04-57-06.442;;6,78;-20,34;-35,28;
564;2015-12-04_04-57-06.516;;7,38;-20,1;-35,46;
565;2015-12-04_04-57-06.562;;6,78;-20,34;-35,28;
566;2015-12-04_04-57-06.622;;7,38;-20,1;-35,46;
567;2015-12-04_04-57-06.691;;6,78;-20,34;-35,28;
568;2015-12-04_04-57-06.762;;7,38;-20,1;-35,46;
569;2015-12-04_04-57-06.802;;6,78;-20,34;-35,28;
570;2015-12-04_04-57-06.862;;7,38;-20,1;-35,46;
571;2015-12-04_04-57-06.924;;6,78;-20,34;-35,28;
572;2015-12-04_04-57-06.990;;7,38;-20,1;-35,46;
573;2015-12-04_04-57-07.060;;6,78;-20,34;-35,28;
574;2015-12-04_04-57-07.102;;7,38;-20,1;-35,46;
575;2015-12-04_04-57-07.162;;6,78;-20,34;-35,28;
576;2015-12-04_04-57-07.222;;7,38;-20,1;-35,46;
577;2015-12-04_04-57-07.295;;6,78;-20,34;-35,28;
578;2015-12-04_04-57-07.357;;7,38;-20,1;-35,46;
579;2015-12-04_04-57-07.404;;6,78;-20,34;-35,28;
