--- LOG START  --- 
2690;2015-12-04_05-27-18.193;;-2,46;-23,4;-54,12;
2691;2015-12-04_05-27-18.252;;-2,52;-23,22;-54,3;
2692;2015-12-04_05-27-18.312;;-2,46;-23,4;-54,12;
2700;2015-12-04_05-28-10.650;;5,46;-28,2;-48,48;
2701;2015-12-04_05-28-10.692;;0,153;-0,306;9,807;
2702;2015-12-04_05-28-10.761;;5,46;-28,2;-48,48;
2703;2015-12-04_05-28-10.828;;0,153;-0,306;9,807;
2704;2015-12-04_05-28-10.873;;5,46;-28,2;-48,48;
2705;2015-12-04_05-28-10.932;;0,153;-0,306;9,807;
2706;2015-12-04_05-28-10.992;;5,46;-28,2;-48,48;
2707;2015-12-04_05-28-11.063;;0,153;-0,306;9,807;
2708;2015-12-04_05-28-11.132;;5,46;-28,2;-48,48;
2709;2015-12-04_05-28-11.172;;0,153;-0,306;9,807;
2710;2015-12-04_05-28-11.233;;5,46;-28,2;-48,48;
2711;2015-12-04_05-28-11.319;;0,153;-0,306;9,807;
2712;2015-12-04_05-28-11.352;;5,46;-28,2;-48,48;
2713;2015-12-04_05-28-11.412;;0,153;-0,306;9,807;
2714;2015-12-04_05-28-11.477;;5,46;-28,2;-48,48;
2715;2015-12-04_05-28-11.534;;0,153;-0,306;9,807;
2716;2015-12-04_05-28-11.592;;5,46;-28,2;-48,48;
2717;2015-12-04_05-28-11.660;;-0,612;-0,919;9,653;
2718;2015-12-04_05-28-11.712;;5,46;-28,2;-48,48;
2719;2015-12-04_05-28-11.776;;-0,612;-0,919;9,653;
2720;2015-12-04_05-28-11.837;;5,46;-28,2;-48,48;
2721;2015-12-04_05-28-11.893;;-0,612;-0,919;9,653;
2722;2015-12-04_05-28-11.970;;5,46;-28,2;-48,48;
2723;2015-12-04_05-28-12.034;;-0,612;-0,919;9,653;
2724;2015-12-04_05-28-12.072;;5,46;-28,2;-48,48;
2725;2015-12-04_05-28-12.140;;-0,612;-0,919;9,653;
2726;2015-12-04_05-28-12.192;;5,46;-28,2;-48,48;
2727;2015-12-04_05-28-12.255;;-0,612;-0,919;9,653;
2728;2015-12-04_05-28-12.312;;5,46;-28,2;-48,48;
2729;2015-12-04_05-28-12.372;;-0,612;-0,919;9,653;
2730;2015-12-04_05-28-12.438;;5,46;-28,2;-48,48;
2731;2015-12-04_05-28-12.493;;-0,612;-0,919;9,653;
2732;2015-12-04_05-28-12.552;;5,46;-28,2;-48,48;
2733;2015-12-04_05-28-12.621;;-0,612;-0,919;9,653;
2734;2015-12-04_05-28-12.672;;5,46;-28,2;-48,48;
2735;2015-12-04_05-28-12.732;;-0,612;-0,919;9,653;
2736;2015-12-04_05-28-12.797;;5,46;-28,2;-48,48;
2737;2015-12-04_05-28-12.852;;-0,612;-0,919;9,653;
2738;2015-12-04_05-28-12.940;;5,46;-28,2;-48,48;
2739;2015-12-04_05-28-12.972;;-0,612;-0,919;9,653;
2740;2015-12-04_05-28-13.032;;5,46;-28,2;-48,48;
2741;2015-12-04_05-28-13.100;;-0,612;-0,919;9,653;
2742;2015-12-04_05-28-13.152;;5,46;-28,2;-48,48;
2743;2015-12-04_05-28-13.224;;-0,612;-0,919;9,653;
2744;2015-12-04_05-28-13.284;;5,46;-28,2;-48,48;
2745;2015-12-04_05-28-13.332;;-0,612;-0,919;9,653;
2746;2015-12-04_05-28-13.414;;5,46;-28,2;-48,48;
2747;2015-12-04_05-28-13.466;;-0,612;-0,919;9,653;
2748;2015-12-04_05-28-13.512;;5,46;-28,2;-48,48;
2749;2015-12-04_05-28-13.572;;-0,612;-0,919;9,653;
2750;2015-12-04_05-28-13.633;;5,46;-28,2;-48,48;
2751;2015-12-04_05-28-13.695;;-0,612;-0,919;9,653;
2752;2015-12-04_05-28-13.754;;5,46;-28,2;-48,48;
2753;2015-12-04_05-28-13.812;;-0,612;-0,919;9,653;
2754;2015-12-04_05-28-13.875;;-0,612;-0,919;9,653;
