--- LOG START  --- 
2382;2015-12-04_05-23-09.332;;5,94;-17,52;-33,66;
2383;2015-12-04_05-23-09.399;;4,2;-16,32;-33,84;
2410;2015-12-04_05-24-18.792;;-1,379;0;9,807;
2411;2015-12-04_05-24-18.861;;7,26;-24,24;-42,84;
2412;2015-12-04_05-24-18.919;;-1,379;0;9,807;
2413;2015-12-04_05-24-18.975;;7,26;-24,24;-42,84;
2414;2015-12-04_05-24-19.032;;-1,379;0;9,807;
2415;2015-12-04_05-24-19.092;;7,26;-24,24;-42,84;
2416;2015-12-04_05-24-19.160;;-1,379;0;9,807;
2417;2015-12-04_05-24-19.213;;7,26;-24,24;-42,84;
2418;2015-12-04_05-24-19.277;;-1,379;0;9,807;
2419;2015-12-04_05-24-19.336;;7,26;-24,24;-42,84;
2420;2015-12-04_05-24-19.394;;-1,379;0;9,807;
2421;2015-12-04_05-24-19.453;;7,26;-24,24;-42,84;
2422;2015-12-04_05-24-19.514;;-1,379;0;9,807;
2423;2015-12-04_05-24-19.595;;7,26;-24,24;-42,84;
2424;2015-12-04_05-24-19.632;;-1,379;0;9,807;
2425;2015-12-04_05-24-19.692;;7,26;-24,24;-42,84;
2426;2015-12-04_05-24-19.758;;-1,379;0;9,807;
2427;2015-12-04_05-24-19.814;;7,26;-24,24;-42,84;
2428;2015-12-04_05-24-19.872;;-1,379;0;9,807;
2429;2015-12-04_05-24-19.932;;7,26;-24,24;-42,84;
2430;2015-12-04_05-24-19.992;;-1,379;0;9,807;
2431;2015-12-04_05-24-20.055;;7,26;-24,24;-42,84;
2432;2015-12-04_05-24-20.123;;-1,379;0;9,807;
2433;2015-12-04_05-24-20.172;;7,26;-24,24;-42,84;
2434;2015-12-04_05-24-20.232;;-1,379;0;9,807;
2435;2015-12-04_05-24-20.292;;7,26;-24,24;-42,84;
2436;2015-12-04_05-24-20.362;;-1,379;0;9,807;
2437;2015-12-04_05-24-20.412;;7,26;-24,24;-42,84;
2438;2015-12-04_05-24-20.472;;-1,379;0;9,807;
2439;2015-12-04_05-24-20.532;;7,26;-24,24;-42,84;
2440;2015-12-04_05-24-20.592;;-1,379;0;9,807;
2441;2015-12-04_05-24-20.654;;7,26;-24,24;-42,84;
2442;2015-12-04_05-24-20.712;;-1,379;0;9,807;
2443;2015-12-04_05-24-20.772;;7,26;-24,24;-42,84;
2444;2015-12-04_05-24-20.846;;-1,379;0;9,807;
2445;2015-12-04_05-24-20.906;;7,26;-24,24;-42,84;
2446;2015-12-04_05-24-20.952;;-1,379;0;9,807;
2447;2015-12-04_05-24-21.024;;7,26;-24,24;-42,84;
2448;2015-12-04_05-24-21.083;;-1,379;0;9,807;
2449;2015-12-04_05-24-21.138;;7,26;-24,24;-42,84;
2450;2015-12-04_05-24-21.214;;-1,379;0;9,807;
2451;2015-12-04_05-24-21.254;;7,26;-24,24;-42,84;
2452;2015-12-04_05-24-21.322;;-1,379;0;9,807;
2453;2015-12-04_05-24-21.372;;7,26;-24,24;-42,84;
2454;2015-12-04_05-24-21.432;;-1,379;0;9,807;
2455;2015-12-04_05-24-21.495;;7,26;-24,24;-42,84;
2456;2015-12-04_05-24-21.559;;-1,379;0;9,807;
2457;2015-12-04_05-24-21.623;;7,26;-24,24;-42,84;
2458;2015-12-04_05-24-21.672;;-1,379;-24,06;-44,64;
2459;2015-12-04_05-24-21.755;;-2,145;-0,459;9,807;
2460;2015-12-04_05-24-21.792;;7,26;-24,06;-44,64;
