--- LOG START  --- 
1354;2015-12-04_05-10-02.930;;3,06;-21,24;-33,54;
1355;2015-12-04_05-10-02.972;;3,36;-21,42;-34,02;
1356;2015-12-04_05-10-03.032;;3,06;-21,24;-33,54;
1357;2015-12-04_05-10-03.098;;3,36;-21,42;-34,02;
1358;2015-12-04_05-10-03.152;;3,06;-21,24;-33,54;
1359;2015-12-04_05-10-03.220;;3,36;-21,42;-34,02;
1360;2015-12-04_05-10-03.283;;3,06;-21,24;-33,54;
1361;2015-12-04_05-10-03.332;;3,36;-21,42;-34,02;
1362;2015-12-04_05-10-03.392;;3,06;-21,24;-33,54;
1363;2015-12-04_05-10-03.452;;3,36;-21,42;-34,02;
1364;2015-12-04_05-10-03.513;;3,06;-21,24;-33,54;
1365;2015-12-04_05-10-03.576;;3,36;-21,42;-34,02;
1366;2015-12-04_05-10-03.632;;3,06;-21,24;-33,54;
1367;2015-12-04_05-10-03.702;;3,36;-21,42;-34,02;
1368;2015-12-04_05-10-03.756;;3,06;-21,24;-33,54;
1369;2015-12-04_05-10-03.813;;3,36;-21,42;-34,02;
1370;2015-12-04_05-10-03.872;;3,06;-21,24;-33,54;
1371;2015-12-04_05-10-03.932;;3,36;-21,42;-34,02;
1372;2015-12-04_05-10-04.009;;3,06;-21,24;-33,54;
1373;2015-12-04_05-10-04.064;;3,36;-21,42;-34,02;
1374;2015-12-04_05-10-04.112;;3,06;-21,24;-33,54;
1375;2015-12-04_05-10-04.172;;3,36;-21,42;-34,02;
1376;2015-12-04_05-10-04.232;;3,06;-21,24;-33,54;
1377;2015-12-04_05-10-04.301;;3,36;-21,42;-34,02;
1378;2015-12-04_05-10-04.352;;3,06;-21,24;-33,54;
1379;2015-12-04_05-10-04.412;;3,36;-21,42;-34,02;
1380;2015-12-04_05-10-04.474;;3,06;-21,24;-33,54;
1381;2015-12-04_05-10-04.532;;3,36;-21,42;-34,02;
1382;2015-12-04_05-10-04.618;;3,06;-21,24;-33,54;
1383;2015-12-04_05-10-04.652;;3,36;-21,42;-34,02;
1384;2015-12-04_05-10-04.718;;3,06;-21,24;-33,54;
1385;2015-12-04_05-10-04.788;;3,36;-21,42;-34,02;
1386;2015-12-04_05-10-04.832;;3,06;-21,24;-33,54;
1387;2015-12-04_05-10-04.901;;3,36;-21,42;-34,02;
1388;2015-12-04_05-10-04.955;;3,06;-21,24;-33,54;
1389;2015-12-04_05-10-05.012;;3,36;-21,42;-34,02;
1390;2015-12-04_05-10-05.086;;3,06;-21,24;-33,54;
1391;2015-12-04_05-10-05.132;;3,36;-21,42;-34,02;
1392;2015-12-04_05-10-05.192;;3,06;-21,24;-33,54;
1393;2015-12-04_05-10-05.258;;3,36;-21,42;-34,02;
1394;2015-12-04_05-10-05.312;;3,06;-21,24;-33,54;
1395;2015-12-04_05-10-05.380;;3,36;-21,42;-34,02;
1396;2015-12-04_05-10-05.442;;3,06;-21,24;-33,54;
1397;2015-12-04_05-10-05.494;;3,36;-21,42;-34,02;
1398;2015-12-04_05-10-05.554;;3,06;-21,24;-33,54;
1399;2015-12-04_05-10-05.612;;3,36;-21,42;-34,02;
1400;2015-12-04_05-10-05.678;;3,06;-21,24;-33,54;
1401;2015-12-04_05-10-05.740;;3,36;-21,42;-34,02;
1402;2015-12-04_05-10-05.793;;3,06;-21,24;-33,54;
1403;2015-12-04_05-10-05.858;;3,36;-21,42;-34,02;
1404;2015-12-04_05-10-05.925;;3,06;-21,24;-33,54;
1405;2015-12-04_05-10-05.978;;3,36;-21,42;-34,02;
1406;2015-12-04_05-10-06.032;;3,06;-21,24;-33,54;
1407;2015-12-04_05-10-06.099;;3,36;-21,42;-34,02;
1408;2015-12-04_05-10-06.153;;2,88;-21,54;-33,78;
1409;2015-12-04_05-10-06.223;;3,36;-21,42;-34,02;
1410;2015-12-04_05-10-06.282;;2,88;-21,54;-33,78;
