--- LOG START  --- 
1091;2015-12-04_05-06-13.172;;4,5;-20,58;-34,32;
1092;2015-12-04_05-06-13.235;;4,2;-20,4;-33,96;
1093;2015-12-04_05-06-13.296;;4,2;-20,4;-33,96;
1094;2015-12-04_05-06-13.353;;4,5;-20,58;-34,32;
1095;2015-12-04_05-06-13.413;;4,2;-20,4;-33,96;
1096;2015-12-04_05-06-13.493;;4,5;-20,58;-34,32;
1097;2015-12-04_05-06-13.537;;4,2;-20,4;-33,96;
1098;2015-12-04_05-06-13.595;;4,5;-20,58;-34,32;
1099;2015-12-04_05-06-13.676;;4,2;-20,4;-33,96;
1100;2015-12-04_05-06-13.726;;4,5;-20,58;-34,32;
1101;2015-12-04_05-06-13.782;;4,2;-20,4;-33,96;
1102;2015-12-04_05-06-13.841;;4,5;-20,58;-34,32;
1103;2015-12-04_05-06-13.896;;4,2;-20,4;-33,96;
1104;2015-12-04_05-06-13.952;;4,5;-20,58;-34,32;
1105;2015-12-04_05-06-14.034;;4,2;-20,4;-33,96;
1106;2015-12-04_05-06-14.075;;4,2;-20,4;-33,96;
1107;2015-12-04_05-06-14.152;;4,5;-20,58;-34,32;
1108;2015-12-04_05-06-14.202;;4,2;-20,4;-33,96;
1109;2015-12-04_05-06-14.256;;4,5;-20,58;-34,32;
1110;2015-12-04_05-06-14.320;;4,2;-20,4;-33,96;
1111;2015-12-04_05-06-14.388;;4,5;-20,58;-34,32;
1112;2015-12-04_05-06-14.439;;4,2;-20,4;-33,96;
1113;2015-12-04_05-06-14.493;;4,5;-20,58;-34,32;
1114;2015-12-04_05-06-14.569;;4,2;-20,4;-33,96;
1115;2015-12-04_05-06-14.623;;4,5;-20,58;-34,32;
1116;2015-12-04_05-06-14.672;;4,2;-20,4;-33,96;
1117;2015-12-04_05-06-14.745;;4,5;-20,58;-34,32;
1118;2015-12-04_05-06-14.792;;4,5;-20,58;-34,32;
1119;2015-12-04_05-06-14.853;;4,2;-20,4;-33,96;
1120;2015-12-04_05-06-14.933;;4,5;-20,58;-34,32;
1121;2015-12-04_05-06-14.986;;4,2;-20,4;-33,96;
1122;2015-12-04_05-06-15.043;;4,5;-20,58;-34,32;
1123;2015-12-04_05-06-15.101;;4,2;-20,4;-33,96;
1124;2015-12-04_05-06-15.168;;4,5;-20,58;-34,32;
1125;2015-12-04_05-06-15.212;;4,2;-20,4;-33,96;
1126;2015-12-04_05-06-15.284;;4,5;-20,58;-34,32;
1127;2015-12-04_05-06-15.332;;4,2;-20,4;-33,96;
1128;2015-12-04_05-06-15.404;;4,5;-20,58;-34,32;
1129;2015-12-04_05-06-15.453;;4,2;-20,4;-33,96;
1130;2015-12-04_05-06-15.518;;4,5;-20,58;-34,32;
1131;2015-12-04_05-06-15.572;;4,2;-20,4;-33,96;
1132;2015-12-04_05-06-15.632;;4,5;-20,58;-34,32;
1133;2015-12-04_05-06-15.697;;4,2;-20,4;-33,96;
1134;2015-12-04_05-06-15.764;;4,5;-20,76;-34,02;
1135;2015-12-04_05-06-15.826;;4,2;-20,4;-33,96;
1136;2015-12-04_05-06-15.873;;4,5;-20,76;-34,02;
1137;2015-12-04_05-06-16.056;;4,2;-20,4;-33,96;
1138;2015-12-04_05-06-16.112;;4,5;-20,76;-34,02;
