--- LOG START  --- 
1128;2015-11-26_20-09-45.082;;-1,159;7,47;6,249;
1136;2015-11-26_20-09-45.606;;-1,159;7,47;6,249;
1143;2015-11-26_20-09-46.091;;-1,159;7,47;6,249;
1151;2015-11-26_20-09-46.610;;-1,159;7,47;6,249;
1446;2015-11-26_20-12-08.985;;0,093;8,859;4,589;
1454;2015-11-26_20-12-09.524;;0,093;8,859;4,589;
1462;2015-11-26_20-12-10.040;;0,093;8,859;4,589;
1470;2015-11-26_20-12-10.593;;0,093;8,859;4,589;
1478;2015-11-26_20-12-11.112;;0,093;8,859;4,589;
1486;2015-11-26_20-12-11.656;;0,093;8,859;4,589;
1494;2015-11-26_20-12-12.180;;0,093;8,859;4,589;
1502;2015-11-26_20-12-12.718;;0,093;8,859;4,589;
1510;2015-11-26_20-12-13.244;;0,757;10,063;0,184;
1518;2015-11-26_20-12-13.785;;0,757;10,063;0,184;
1526;2015-11-26_20-12-14.309;;0,757;10,063;0,184;
1534;2015-11-26_20-12-14.862;;0,757;10,063;0,184;
1542;2015-11-26_20-12-15.379;;0,757;10,063;0,184;
1550;2015-11-26_20-12-15.918;;0,757;10,063;0,184;
1558;2015-11-26_20-12-16.458;;0,757;10,063;0,184;
1566;2015-11-26_20-12-16.975;;-2,734;9,456;2,215;
1573;2015-11-26_20-12-17.473;;-2,734;9,456;2,215;
1581;2015-11-26_20-12-17.974;;-2,734;9,456;2,215;
1589;2015-11-26_20-12-18.518;;-2,734;9,456;2,215;
1597;2015-11-26_20-12-19.045;;-2,734;9,456;2,215;
1605;2015-11-26_20-12-19.580;;-2,734;9,456;2,215;
1613;2015-11-26_20-12-20.111;;-2,734;9,456;2,215;
1621;2015-11-26_20-12-20.636;;-2,734;9,456;2,215;
1629;2015-11-26_20-12-21.184;;-0,687;8,978;4,344;
1637;2015-11-26_20-12-21.701;;-0,687;8,978;4,344;
1644;2015-11-26_20-12-22.189;;-0,687;8,978;4,344;
1652;2015-11-26_20-12-22.711;;-0,687;8,978;4,344;
1660;2015-11-26_20-12-23.258;;-0,687;8,978;4,344;
1668;2015-11-26_20-12-23.781;;-0,687;8,978;4,344;
1676;2015-11-26_20-12-24.311;;-0,687;8,978;4,344;
1684;2015-11-26_20-12-24.864;;-0,687;8,978;4,344;
